<?xml version="1.0" encoding="UTF-8"?>
<coverage generated="1655977297539" clover="3.2.0">
  <project timestamp="1655977297539" name="All files">
    <metrics statements="720" coveredstatements="719" conditionals="160" coveredconditionals="157" methods="113" coveredmethods="113" elements="993" coveredelements="989" complexity="0" loc="720" ncloc="720" packages="5" files="64" classes="64"/>
    <package name="src">
      <metrics statements="54" coveredstatements="53" conditionals="5" coveredconditionals="4" methods="2" coveredmethods="2"/>
      <file name="main.ts" path="C:\Users\Polystation\Documents\Layouter JS\Repo\src\main.ts">
        <metrics statements="54" coveredstatements="53" conditionals="5" coveredconditionals="4" methods="2" coveredmethods="2"/>
        <line num="1" count="2" type="stmt"/>
        <line num="2" count="2" type="stmt"/>
        <line num="4" count="2" type="stmt"/>
        <line num="5" count="2" type="stmt"/>
        <line num="6" count="2" type="stmt"/>
        <line num="7" count="2" type="stmt"/>
        <line num="8" count="2" type="stmt"/>
        <line num="9" count="2" type="stmt"/>
        <line num="10" count="2" type="stmt"/>
        <line num="11" count="2" type="stmt"/>
        <line num="12" count="2" type="stmt"/>
        <line num="13" count="2" type="stmt"/>
        <line num="14" count="2" type="stmt"/>
        <line num="15" count="2" type="stmt"/>
        <line num="16" count="2" type="stmt"/>
        <line num="17" count="2" type="stmt"/>
        <line num="18" count="2" type="stmt"/>
        <line num="19" count="2" type="stmt"/>
        <line num="20" count="2" type="stmt"/>
        <line num="21" count="2" type="stmt"/>
        <line num="22" count="2" type="stmt"/>
        <line num="24" count="2" type="stmt"/>
        <line num="25" count="2" type="stmt"/>
        <line num="26" count="2" type="stmt"/>
        <line num="27" count="2" type="stmt"/>
        <line num="28" count="2" type="stmt"/>
        <line num="29" count="2" type="stmt"/>
        <line num="30" count="2" type="stmt"/>
        <line num="31" count="2" type="stmt"/>
        <line num="32" count="2" type="stmt"/>
        <line num="33" count="2" type="stmt"/>
        <line num="34" count="2" type="stmt"/>
        <line num="35" count="2" type="stmt"/>
        <line num="36" count="2" type="stmt"/>
        <line num="37" count="2" type="stmt"/>
        <line num="38" count="2" type="stmt"/>
        <line num="39" count="2" type="stmt"/>
        <line num="40" count="2" type="stmt"/>
        <line num="41" count="2" type="stmt"/>
        <line num="42" count="2" type="stmt"/>
        <line num="44" count="2" type="stmt"/>
        <line num="45" count="2" type="stmt"/>
        <line num="49" count="2" type="stmt"/>
        <line num="50" count="2" type="stmt"/>
        <line num="214" count="2" type="cond" truecount="1" falsecount="0"/>
        <line num="215" count="2" type="stmt"/>
        <line num="217" count="2" type="stmt"/>
        <line num="264" count="2" type="stmt"/>
        <line num="265" count="2" type="cond" truecount="1" falsecount="0"/>
        <line num="266" count="2" type="stmt"/>
        <line num="269" count="2" type="stmt"/>
        <line num="272" count="2" type="cond" truecount="2" falsecount="1"/>
        <line num="273" count="0" type="stmt"/>
        <line num="276" count="2" type="stmt"/>
      </file>
    </package>
    <package name="src.config">
      <metrics statements="29" coveredstatements="29" conditionals="10" coveredconditionals="10" methods="5" coveredmethods="5"/>
      <file name="flex.ts" path="C:\Users\Polystation\Documents\Layouter JS\Repo\src\config\flex.ts">
        <metrics statements="2" coveredstatements="2" conditionals="0" coveredconditionals="0" methods="0" coveredmethods="0"/>
        <line num="1" count="44" type="stmt"/>
        <line num="29" count="44" type="stmt"/>
      </file>
      <file name="main.ts" path="C:\Users\Polystation\Documents\Layouter JS\Repo\src\config\main.ts">
        <metrics statements="26" coveredstatements="26" conditionals="10" coveredconditionals="10" methods="5" coveredmethods="5"/>
        <line num="2" count="47" type="stmt"/>
        <line num="3" count="47" type="stmt"/>
        <line num="4" count="47" type="stmt"/>
        <line num="37" count="47" type="stmt"/>
        <line num="60" count="47" type="stmt"/>
        <line num="69" count="47" type="stmt"/>
        <line num="74" count="49" type="stmt"/>
        <line num="75" count="49" type="stmt"/>
        <line num="76" count="49" type="stmt"/>
        <line num="84" count="47" type="cond" truecount="1" falsecount="0"/>
        <line num="85" count="48" type="cond" truecount="4" falsecount="0"/>
        <line num="86" count="2" type="stmt"/>
        <line num="92" count="46" type="cond" truecount="1" falsecount="0"/>
        <line num="93" count="46" type="stmt"/>
        <line num="100" count="48" type="stmt"/>
        <line num="106" count="48" type="stmt"/>
        <line num="109" count="47" type="stmt"/>
        <line num="110" count="117" type="stmt"/>
        <line num="113" count="47" type="cond" truecount="1" falsecount="0"/>
        <line num="114" count="575" type="cond" truecount="2" falsecount="0"/>
        <line num="117" count="47" type="stmt"/>
        <line num="118" count="1" type="stmt"/>
        <line num="123" count="1" type="cond" truecount="1" falsecount="0"/>
        <line num="124" count="1" type="stmt"/>
        <line num="130" count="1" type="stmt"/>
        <line num="133" count="47" type="stmt"/>
      </file>
      <file name="processors.ts" path="C:\Users\Polystation\Documents\Layouter JS\Repo\src\config\processors.ts">
        <metrics statements="1" coveredstatements="1" conditionals="0" coveredconditionals="0" methods="0" coveredmethods="0"/>
        <line num="9" count="45" type="stmt"/>
      </file>
    </package>
    <package name="src.helpers">
      <metrics statements="232" coveredstatements="232" conditionals="66" coveredconditionals="65" methods="35" coveredmethods="35"/>
      <file name="breakpointsNums.ts" path="C:\Users\Polystation\Documents\Layouter JS\Repo\src\helpers\breakpointsNums.ts">
        <metrics statements="11" coveredstatements="11" conditionals="8" coveredconditionals="7" methods="5" coveredmethods="5"/>
        <line num="19" count="49" type="stmt"/>
        <line num="23" count="101" type="stmt"/>
        <line num="25" count="101" type="cond" truecount="2" falsecount="0"/>
        <line num="26" count="51" type="stmt"/>
        <line num="28" count="241" type="stmt"/>
        <line num="34" count="194" type="cond" truecount="3" falsecount="1"/>
        <line num="37" count="241" type="cond" truecount="2" falsecount="0"/>
        <line num="40" count="50" type="stmt"/>
        <line num="41" count="237" type="stmt"/>
        <line num="45" count="101" type="stmt"/>
        <line num="48" count="49" type="stmt"/>
      </file>
      <file name="breakpointsOrdered.ts" path="C:\Users\Polystation\Documents\Layouter JS\Repo\src\helpers\breakpointsOrdered.ts">
        <metrics statements="5" coveredstatements="5" conditionals="0" coveredconditionals="0" methods="2" coveredmethods="2"/>
        <line num="4" count="48" type="stmt"/>
        <line num="5" count="50" type="stmt"/>
        <line num="6" count="237" type="stmt"/>
        <line num="7" count="50" type="stmt"/>
        <line num="10" count="48" type="stmt"/>
      </file>
      <file name="buildAttr.ts" path="C:\Users\Polystation\Documents\Layouter JS\Repo\src\helpers\buildAttr.ts">
        <metrics statements="14" coveredstatements="14" conditionals="2" coveredconditionals="2" methods="3" coveredmethods="3"/>
        <line num="2" count="39" type="stmt"/>
        <line num="3" count="39" type="stmt"/>
        <line num="4" count="39" type="stmt"/>
        <line num="6" count="39" type="stmt"/>
        <line num="11" count="135" type="stmt"/>
        <line num="13" count="135" type="stmt"/>
        <line num="14" count="252" type="stmt"/>
        <line num="15" count="252" type="stmt"/>
        <line num="18" count="252" type="stmt"/>
        <line num="20" count="298" type="stmt"/>
        <line num="22" count="252" type="cond" truecount="1" falsecount="0"/>
        <line num="23" count="252" type="stmt"/>
        <line num="30" count="135" type="stmt"/>
        <line num="37" count="39" type="stmt"/>
      </file>
      <file name="buildCss.ts" path="C:\Users\Polystation\Documents\Layouter JS\Repo\src\helpers\buildCss.ts">
        <metrics statements="9" coveredstatements="9" conditionals="1" coveredconditionals="1" methods="1" coveredmethods="1"/>
        <line num="2" count="43" type="stmt"/>
        <line num="3" count="43" type="stmt"/>
        <line num="4" count="43" type="stmt"/>
        <line num="21" count="43" type="stmt"/>
        <line num="23" count="165" type="stmt"/>
        <line num="26" count="165" type="cond" truecount="1" falsecount="0"/>
        <line num="27" count="76" type="stmt"/>
        <line num="31" count="165" type="stmt"/>
        <line num="34" count="43" type="stmt"/>
      </file>
      <file name="calPercentage.ts" path="C:\Users\Polystation\Documents\Layouter JS\Repo\src\helpers\calPercentage.ts">
        <metrics statements="6" coveredstatements="6" conditionals="2" coveredconditionals="2" methods="1" coveredmethods="1"/>
        <line num="1" count="42" type="stmt"/>
        <line num="2" count="48" type="stmt"/>
        <line num="3" count="48" type="stmt"/>
        <line num="4" count="48" type="cond" truecount="2" falsecount="0"/>
        <line num="5" count="48" type="stmt"/>
        <line num="8" count="42" type="stmt"/>
      </file>
      <file name="createScopeStyles.ts" path="C:\Users\Polystation\Documents\Layouter JS\Repo\src\helpers\createScopeStyles.ts">
        <metrics statements="20" coveredstatements="20" conditionals="8" coveredconditionals="8" methods="2" coveredmethods="2"/>
        <line num="20" count="48" type="stmt"/>
        <line num="26" count="245" type="stmt"/>
        <line num="27" count="245" type="cond" truecount="1" falsecount="0"/>
        <line num="28" count="237" type="stmt"/>
        <line num="29" count="237" type="stmt"/>
        <line num="30" count="237" type="stmt"/>
        <line num="31" count="237" type="cond" truecount="3" falsecount="0"/>
        <line num="33" count="4" type="stmt"/>
        <line num="34" count="4" type="stmt"/>
        <line num="36" count="3" type="cond" truecount="2" falsecount="0"/>
        <line num="39" count="3" type="stmt"/>
        <line num="41" count="230" type="stmt"/>
        <line num="42" count="230" type="stmt"/>
        <line num="44" count="237" type="stmt"/>
        <line num="48" count="245" type="cond" truecount="2" falsecount="0"/>
        <line num="49" count="236" type="stmt"/>
        <line num="54" count="9" type="stmt"/>
        <line num="57" count="1" type="stmt"/>
        <line num="66" count="245" type="stmt"/>
        <line num="69" count="48" type="stmt"/>
      </file>
      <file name="createStyles.ts" path="C:\Users\Polystation\Documents\Layouter JS\Repo\src\helpers\createStyles.ts">
        <metrics statements="44" coveredstatements="44" conditionals="16" coveredconditionals="16" methods="3" coveredmethods="3"/>
        <line num="1" count="44" type="stmt"/>
        <line num="2" count="44" type="stmt"/>
        <line num="3" count="44" type="stmt"/>
        <line num="5" count="44" type="stmt"/>
        <line num="11" count="44" type="stmt"/>
        <line num="12" count="166" type="stmt"/>
        <line num="13" count="166" type="stmt"/>
        <line num="14" count="166" type="stmt"/>
        <line num="15" count="166" type="stmt"/>
        <line num="16" count="166" type="stmt"/>
        <line num="18" count="166" type="stmt"/>
        <line num="20" count="303" type="stmt"/>
        <line num="23" count="303" type="stmt"/>
        <line num="24" count="303" type="cond" truecount="1" falsecount="0"/>
        <line num="25" count="2" type="stmt"/>
        <line num="28" count="303" type="cond" truecount="2" falsecount="0"/>
        <line num="29" count="303" type="stmt"/>
        <line num="33" count="303" type="cond" truecount="2" falsecount="0"/>
        <line num="34" count="24" type="stmt"/>
        <line num="35" count="24" type="cond" truecount="2" falsecount="0"/>
        <line num="40" count="24" type="stmt"/>
        <line num="42" count="96" type="stmt"/>
        <line num="43" count="24" type="cond" truecount="2" falsecount="0"/>
        <line num="45" count="2" type="cond" truecount="1" falsecount="0"/>
        <line num="46" count="1" type="stmt"/>
        <line num="49" count="22" type="stmt"/>
        <line num="52" count="279" type="stmt"/>
        <line num="55" count="303" type="stmt"/>
        <line num="56" count="303" type="stmt"/>
        <line num="57" count="303" type="cond" truecount="2" falsecount="0"/>
        <line num="59" count="294" type="cond" truecount="2" falsecount="0"/>
        <line num="60" count="142" type="stmt"/>
        <line num="62" count="152" type="stmt"/>
        <line num="63" count="152" type="stmt"/>
        <line num="66" count="9" type="stmt"/>
        <line num="67" count="9" type="stmt"/>
        <line num="68" count="9" type="cond" truecount="1" falsecount="0"/>
        <line num="69" count="9" type="stmt"/>
        <line num="70" count="9" type="stmt"/>
        <line num="73" count="303" type="cond" truecount="1" falsecount="0"/>
        <line num="74" count="151" type="stmt"/>
        <line num="76" count="303" type="stmt"/>
        <line num="78" count="166" type="stmt"/>
        <line num="81" count="44" type="stmt"/>
      </file>
      <file name="getScopeByclassName.ts" path="C:\Users\Polystation\Documents\Layouter JS\Repo\src\helpers\getScopeByclassName.ts">
        <metrics statements="24" coveredstatements="24" conditionals="5" coveredconditionals="5" methods="1" coveredmethods="1"/>
        <line num="1" count="43" type="stmt"/>
        <line num="2" count="43" type="stmt"/>
        <line num="4" count="43" type="stmt"/>
        <line num="5" count="120" type="stmt"/>
        <line num="6" count="120" type="stmt"/>
        <line num="7" count="120" type="stmt"/>
        <line num="8" count="120" type="stmt"/>
        <line num="9" count="120" type="stmt"/>
        <line num="12" count="120" type="cond" truecount="1" falsecount="0"/>
        <line num="13" count="49" type="stmt"/>
        <line num="14" count="49" type="stmt"/>
        <line num="18" count="71" type="stmt"/>
        <line num="19" count="71" type="cond" truecount="1" falsecount="0"/>
        <line num="22" count="9" type="cond" truecount="1" falsecount="0"/>
        <line num="23" count="6" type="cond" truecount="1" falsecount="0"/>
        <line num="24" count="3" type="stmt"/>
        <line num="25" count="3" type="stmt"/>
        <line num="31" count="3" type="stmt"/>
        <line num="35" count="3" type="cond" truecount="1" falsecount="0"/>
        <line num="36" count="1" type="stmt"/>
        <line num="39" count="2" type="stmt"/>
        <line num="40" count="2" type="stmt"/>
        <line num="47" count="2" type="stmt"/>
        <line num="50" count="43" type="stmt"/>
      </file>
      <file name="initAutoProcessor.ts" path="C:\Users\Polystation\Documents\Layouter JS\Repo\src\helpers\initAutoProcessor.ts">
        <metrics statements="14" coveredstatements="14" conditionals="0" coveredconditionals="0" methods="5" coveredmethods="5"/>
        <line num="2" count="2" type="stmt"/>
        <line num="4" count="2" type="stmt"/>
        <line num="5" count="2" type="stmt"/>
        <line num="6" count="2" type="stmt"/>
        <line num="7" count="36" type="stmt"/>
        <line num="8" count="2" type="stmt"/>
        <line num="9" count="2" type="stmt"/>
        <line num="10" count="2" type="stmt"/>
        <line num="11" count="1" type="stmt"/>
        <line num="13" count="2" type="stmt"/>
        <line num="14" count="2" type="stmt"/>
        <line num="15" count="1" type="stmt"/>
        <line num="17" count="2" type="stmt"/>
        <line num="21" count="2" type="stmt"/>
      </file>
      <file name="mainObserver.ts" path="C:\Users\Polystation\Documents\Layouter JS\Repo\src\helpers\mainObserver.ts">
        <metrics statements="22" coveredstatements="22" conditionals="8" coveredconditionals="8" methods="3" coveredmethods="3"/>
        <line num="2" count="2" type="stmt"/>
        <line num="4" count="2" type="stmt"/>
        <line num="5" count="2" type="stmt"/>
        <line num="6" count="2" type="stmt"/>
        <line num="7" count="12" type="stmt"/>
        <line num="8" count="21" type="cond" truecount="2" falsecount="0"/>
        <line num="9" count="4" type="cond" truecount="1" falsecount="0"/>
        <line num="10" count="1" type="stmt"/>
        <line num="12" count="3" type="stmt"/>
        <line num="13" count="3" type="cond" truecount="1" falsecount="0"/>
        <line num="14" count="3" type="stmt"/>
        <line num="15" count="3" type="cond" truecount="1" falsecount="0"/>
        <line num="16" count="2" type="stmt"/>
        <line num="20" count="17" type="cond" truecount="1" falsecount="0"/>
        <line num="21" count="17" type="stmt"/>
        <line num="22" count="17" type="cond" truecount="1" falsecount="0"/>
        <line num="23" count="17" type="stmt"/>
        <line num="24" count="17" type="cond" truecount="1" falsecount="0"/>
        <line num="25" count="7" type="stmt"/>
        <line num="31" count="2" type="stmt"/>
        <line num="38" count="2" type="stmt"/>
        <line num="41" count="2" type="stmt"/>
      </file>
      <file name="nameCleaner.ts" path="C:\Users\Polystation\Documents\Layouter JS\Repo\src\helpers\nameCleaner.ts">
        <metrics statements="10" coveredstatements="10" conditionals="0" coveredconditionals="0" methods="2" coveredmethods="2"/>
        <line num="3" count="43" type="stmt"/>
        <line num="12" count="43" type="stmt"/>
        <line num="13" count="165" type="stmt"/>
        <line num="14" count="165" type="stmt"/>
        <line num="15" count="302" type="stmt"/>
        <line num="16" count="302" type="stmt"/>
        <line num="17" count="1812" type="stmt"/>
        <line num="19" count="302" type="stmt"/>
        <line num="21" count="165" type="stmt"/>
        <line num="24" count="43" type="stmt"/>
      </file>
      <file name="percentageConverter.ts" path="C:\Users\Polystation\Documents\Layouter JS\Repo\src\helpers\percentageConverter.ts">
        <metrics statements="3" coveredstatements="3" conditionals="0" coveredconditionals="0" methods="1" coveredmethods="1"/>
        <line num="1" count="45" type="stmt"/>
        <line num="2" count="3" type="stmt"/>
        <line num="5" count="45" type="stmt"/>
      </file>
      <file name="prepareParam.ts" path="C:\Users\Polystation\Documents\Layouter JS\Repo\src\helpers\prepareParam.ts">
        <metrics statements="17" coveredstatements="17" conditionals="3" coveredconditionals="3" methods="1" coveredmethods="1"/>
        <line num="1" count="43" type="stmt"/>
        <line num="10" count="43" type="stmt"/>
        <line num="12" count="322" type="stmt"/>
        <line num="13" count="322" type="stmt"/>
        <line num="14" count="322" type="stmt"/>
        <line num="15" count="322" type="cond" truecount="2" falsecount="0"/>
        <line num="16" count="156" type="stmt"/>
        <line num="17" count="156" type="stmt"/>
        <line num="18" count="156" type="stmt"/>
        <line num="20" count="166" type="stmt"/>
        <line num="21" count="166" type="stmt"/>
        <line num="24" count="322" type="cond" truecount="1" falsecount="0"/>
        <line num="25" count="57" type="stmt"/>
        <line num="26" count="57" type="stmt"/>
        <line num="27" count="57" type="stmt"/>
        <line num="30" count="322" type="stmt"/>
        <line num="38" count="43" type="stmt"/>
      </file>
      <file name="processedNumber.ts" path="C:\Users\Polystation\Documents\Layouter JS\Repo\src\helpers\processedNumber.ts">
        <metrics statements="15" coveredstatements="15" conditionals="8" coveredconditionals="8" methods="2" coveredmethods="2"/>
        <line num="1" count="39" type="stmt"/>
        <line num="3" count="39" type="stmt"/>
        <line num="5" count="39" type="stmt"/>
        <line num="7" count="298" type="cond" truecount="2" falsecount="0"/>
        <line num="8" count="21" type="stmt"/>
        <line num="9" count="21" type="stmt"/>
        <line num="13" count="277" type="cond" truecount="2" falsecount="0"/>
        <line num="14" count="1" type="stmt"/>
        <line num="16" count="276" type="stmt"/>
        <line num="17" count="1656" type="stmt"/>
        <line num="19" count="276" type="cond" truecount="2" falsecount="0"/>
        <line num="20" count="8" type="stmt"/>
        <line num="22" count="268" type="cond" truecount="2" falsecount="0"/>
        <line num="25" count="298" type="stmt"/>
        <line num="28" count="39" type="stmt"/>
      </file>
      <file name="regError.ts" path="C:\Users\Polystation\Documents\Layouter JS\Repo\src\helpers\regError.ts">
        <metrics statements="11" coveredstatements="11" conditionals="2" coveredconditionals="2" methods="1" coveredmethods="1"/>
        <line num="1" count="27" type="stmt"/>
        <line num="3" count="27" type="stmt"/>
        <line num="8" count="9" type="stmt"/>
        <line num="9" count="9" type="stmt"/>
        <line num="10" count="9" type="stmt"/>
        <line num="11" count="9" type="stmt"/>
        <line num="12" count="9" type="cond" truecount="1" falsecount="0"/>
        <line num="13" count="2" type="stmt"/>
        <line num="14" count="2" type="cond" truecount="1" falsecount="0"/>
        <line num="16" count="9" type="stmt"/>
        <line num="19" count="27" type="stmt"/>
      </file>
      <file name="scopesStylesBuilder.ts" path="C:\Users\Polystation\Documents\Layouter JS\Repo\src\helpers\scopesStylesBuilder.ts">
        <metrics statements="7" coveredstatements="7" conditionals="3" coveredconditionals="3" methods="2" coveredmethods="2"/>
        <line num="2" count="47" type="stmt"/>
        <line num="8" count="47" type="stmt"/>
        <line num="13" count="50" type="cond" truecount="2" falsecount="0"/>
        <line num="14" count="50" type="stmt"/>
        <line num="15" count="238" type="cond" truecount="1" falsecount="0"/>
        <line num="16" count="237" type="stmt"/>
        <line num="24" count="50" type="stmt"/>
      </file>
    </package>
    <package name="src.methods">
      <metrics statements="361" coveredstatements="361" conditionals="69" coveredconditionals="68" methods="57" coveredmethods="57"/>
      <file name="SetCols.ts" path="C:\Users\Polystation\Documents\Layouter JS\Repo\src\methods\SetCols.ts">
        <metrics statements="19" coveredstatements="19" conditionals="4" coveredconditionals="4" methods="3" coveredmethods="3"/>
        <line num="1" count="3" type="stmt"/>
        <line num="2" count="3" type="stmt"/>
        <line num="3" count="3" type="stmt"/>
        <line num="4" count="3" type="stmt"/>
        <line num="6" count="3" type="stmt"/>
        <line num="10" count="4" type="stmt"/>
        <line num="11" count="4" type="cond" truecount="2" falsecount="0"/>
        <line num="12" count="4" type="cond" truecount="1" falsecount="0"/>
        <line num="13" count="1" type="stmt"/>
        <line num="18" count="1" type="stmt"/>
        <line num="19" count="1" type="stmt"/>
        <line num="23" count="3" type="stmt"/>
        <line num="24" count="3" type="cond" truecount="1" falsecount="0"/>
        <line num="25" count="1" type="stmt"/>
        <line num="26" count="1" type="stmt"/>
        <line num="28" count="2" type="stmt"/>
        <line num="31" count="2" type="stmt"/>
        <line num="32" count="2" type="stmt"/>
        <line num="37" count="3" type="stmt"/>
      </file>
      <file name="build.ts" path="C:\Users\Polystation\Documents\Layouter JS\Repo\src\methods\build.ts">
        <metrics statements="33" coveredstatements="33" conditionals="4" coveredconditionals="4" methods="1" coveredmethods="1"/>
        <line num="1" count="5" type="stmt"/>
        <line num="2" count="5" type="stmt"/>
        <line num="3" count="5" type="stmt"/>
        <line num="4" count="5" type="stmt"/>
        <line num="5" count="5" type="stmt"/>
        <line num="6" count="5" type="stmt"/>
        <line num="7" count="5" type="stmt"/>
        <line num="8" count="5" type="stmt"/>
        <line num="9" count="5" type="stmt"/>
        <line num="10" count="5" type="stmt"/>
        <line num="11" count="5" type="stmt"/>
        <line num="12" count="5" type="stmt"/>
        <line num="13" count="5" type="stmt"/>
        <line num="14" count="5" type="stmt"/>
        <line num="15" count="5" type="stmt"/>
        <line num="16" count="5" type="stmt"/>
        <line num="17" count="5" type="stmt"/>
        <line num="18" count="5" type="stmt"/>
        <line num="19" count="5" type="stmt"/>
        <line num="22" count="5" type="stmt"/>
        <line num="47" count="5" type="stmt"/>
        <line num="51" count="25" type="stmt"/>
        <line num="52" count="25" type="stmt"/>
        <line num="53" count="25" type="stmt"/>
        <line num="54" count="43" type="stmt"/>
        <line num="55" count="43" type="stmt"/>
        <line num="59" count="43" type="cond" truecount="2" falsecount="0"/>
        <line num="60" count="1" type="stmt"/>
        <line num="61" count="1" type="stmt"/>
        <line num="63" count="42" type="stmt"/>
        <line num="66" count="25" type="cond" truecount="1" falsecount="0"/>
        <line num="67" count="24" type="stmt"/>
        <line num="70" count="5" type="stmt"/>
      </file>
      <file name="buildCols.ts" path="C:\Users\Polystation\Documents\Layouter JS\Repo\src\methods\buildCols.ts">
        <metrics statements="31" coveredstatements="31" conditionals="9" coveredconditionals="9" methods="1" coveredmethods="1"/>
        <line num="1" count="7" type="stmt"/>
        <line num="2" count="7" type="stmt"/>
        <line num="3" count="7" type="stmt"/>
        <line num="5" count="7" type="stmt"/>
        <line num="6" count="7" type="stmt"/>
        <line num="9" count="7" type="stmt"/>
        <line num="15" count="14" type="stmt"/>
        <line num="16" count="14" type="stmt"/>
        <line num="20" count="14" type="stmt"/>
        <line num="22" count="14" type="stmt"/>
        <line num="24" count="14" type="stmt"/>
        <line num="25" count="28" type="stmt"/>
        <line num="26" count="28" type="stmt"/>
        <line num="27" count="28" type="stmt"/>
        <line num="28" count="28" type="stmt"/>
        <line num="29" count="28" type="stmt"/>
        <line num="31" count="28" type="cond" truecount="2" falsecount="0"/>
        <line num="32" count="23" type="stmt"/>
        <line num="33" count="23" type="stmt"/>
        <line num="35" count="5" type="cond" truecount="2" falsecount="0"/>
        <line num="36" count="3" type="cond" truecount="2" falsecount="0"/>
        <line num="37" count="2" type="stmt"/>
        <line num="41" count="2" type="stmt"/>
        <line num="43" count="1" type="stmt"/>
        <line num="46" count="2" type="stmt"/>
        <line num="50" count="26" type="stmt"/>
        <line num="51" count="26" type="cond" truecount="1" falsecount="0"/>
        <line num="53" count="26" type="stmt"/>
        <line num="59" count="14" type="cond" truecount="1" falsecount="0"/>
        <line num="62" count="12" type="stmt"/>
        <line num="69" count="7" type="stmt"/>
      </file>
      <file name="buildFlex.ts" path="C:\Users\Polystation\Documents\Layouter JS\Repo\src\methods\buildFlex.ts">
        <metrics statements="36" coveredstatements="36" conditionals="12" coveredconditionals="12" methods="1" coveredmethods="1"/>
        <line num="1" count="7" type="stmt"/>
        <line num="2" count="7" type="stmt"/>
        <line num="4" count="7" type="stmt"/>
        <line num="6" count="7" type="stmt"/>
        <line num="7" count="7" type="stmt"/>
        <line num="9" count="7" type="stmt"/>
        <line num="13" count="20" type="stmt"/>
        <line num="16" count="20" type="stmt"/>
        <line num="17" count="20" type="stmt"/>
        <line num="18" count="20" type="stmt"/>
        <line num="20" count="20" type="stmt"/>
        <line num="22" count="42" type="stmt"/>
        <line num="23" count="42" type="stmt"/>
        <line num="24" count="42" type="stmt"/>
        <line num="25" count="42" type="stmt"/>
        <line num="26" count="42" type="stmt"/>
        <line num="27" count="42" type="stmt"/>
        <line num="29" count="42" type="cond" truecount="2" falsecount="0"/>
        <line num="30" count="39" type="cond" truecount="1" falsecount="0"/>
        <line num="31" count="1" type="stmt"/>
        <line num="32" count="1" type="stmt"/>
        <line num="34" count="38" type="cond" truecount="1" falsecount="0"/>
        <line num="35" count="1" type="stmt"/>
        <line num="36" count="1" type="stmt"/>
        <line num="38" count="37" type="stmt"/>
        <line num="40" count="3" type="stmt"/>
        <line num="43" count="40" type="cond" truecount="1" falsecount="0"/>
        <line num="45" count="40" type="cond" truecount="2" falsecount="0"/>
        <line num="46" count="24" type="stmt"/>
        <line num="51" count="16" type="cond" truecount="1" falsecount="0"/>
        <line num="52" count="16" type="cond" truecount="2" falsecount="0"/>
        <line num="53" count="16" type="stmt"/>
        <line num="54" count="16" type="stmt"/>
        <line num="58" count="20" type="cond" truecount="1" falsecount="0"/>
        <line num="61" count="18" type="stmt"/>
        <line num="68" count="7" type="stmt"/>
      </file>
      <file name="buildHeight.ts" path="C:\Users\Polystation\Documents\Layouter JS\Repo\src\methods\buildHeight.ts">
        <metrics statements="4" coveredstatements="4" conditionals="1" coveredconditionals="1" methods="1" coveredmethods="1"/>
        <line num="1" count="6" type="stmt"/>
        <line num="3" count="6" type="stmt"/>
        <line num="7" count="4" type="stmt"/>
        <line num="10" count="6" type="stmt"/>
      </file>
      <file name="buildMarBottom.ts" path="C:\Users\Polystation\Documents\Layouter JS\Repo\src\methods\buildMarBottom.ts">
        <metrics statements="4" coveredstatements="4" conditionals="1" coveredconditionals="1" methods="1" coveredmethods="1"/>
        <line num="1" count="6" type="stmt"/>
        <line num="3" count="6" type="stmt"/>
        <line num="7" count="15" type="stmt"/>
        <line num="10" count="6" type="stmt"/>
      </file>
      <file name="buildMarLeft.ts" path="C:\Users\Polystation\Documents\Layouter JS\Repo\src\methods\buildMarLeft.ts">
        <metrics statements="4" coveredstatements="4" conditionals="1" coveredconditionals="1" methods="1" coveredmethods="1"/>
        <line num="1" count="6" type="stmt"/>
        <line num="3" count="6" type="stmt"/>
        <line num="7" count="6" type="stmt"/>
        <line num="10" count="6" type="stmt"/>
      </file>
      <file name="buildMarRight.ts" path="C:\Users\Polystation\Documents\Layouter JS\Repo\src\methods\buildMarRight.ts">
        <metrics statements="4" coveredstatements="4" conditionals="1" coveredconditionals="1" methods="1" coveredmethods="1"/>
        <line num="1" count="6" type="stmt"/>
        <line num="3" count="6" type="stmt"/>
        <line num="7" count="6" type="stmt"/>
        <line num="10" count="6" type="stmt"/>
      </file>
      <file name="buildMarTop.ts" path="C:\Users\Polystation\Documents\Layouter JS\Repo\src\methods\buildMarTop.ts">
        <metrics statements="4" coveredstatements="4" conditionals="1" coveredconditionals="1" methods="1" coveredmethods="1"/>
        <line num="1" count="6" type="stmt"/>
        <line num="3" count="6" type="stmt"/>
        <line num="7" count="8" type="stmt"/>
        <line num="10" count="6" type="stmt"/>
      </file>
      <file name="buildMars.ts" path="C:\Users\Polystation\Documents\Layouter JS\Repo\src\methods\buildMars.ts">
        <metrics statements="4" coveredstatements="4" conditionals="1" coveredconditionals="1" methods="1" coveredmethods="1"/>
        <line num="1" count="6" type="stmt"/>
        <line num="3" count="6" type="stmt"/>
        <line num="7" count="8" type="stmt"/>
        <line num="10" count="6" type="stmt"/>
      </file>
      <file name="buildMaxHeight.ts" path="C:\Users\Polystation\Documents\Layouter JS\Repo\src\methods\buildMaxHeight.ts">
        <metrics statements="4" coveredstatements="4" conditionals="1" coveredconditionals="1" methods="1" coveredmethods="1"/>
        <line num="1" count="6" type="stmt"/>
        <line num="3" count="6" type="stmt"/>
        <line num="7" count="4" type="stmt"/>
        <line num="10" count="6" type="stmt"/>
      </file>
      <file name="buildMaxWidth.ts" path="C:\Users\Polystation\Documents\Layouter JS\Repo\src\methods\buildMaxWidth.ts">
        <metrics statements="4" coveredstatements="4" conditionals="1" coveredconditionals="1" methods="1" coveredmethods="1"/>
        <line num="1" count="6" type="stmt"/>
        <line num="3" count="6" type="stmt"/>
        <line num="7" count="4" type="stmt"/>
        <line num="10" count="6" type="stmt"/>
      </file>
      <file name="buildMinHeight.ts" path="C:\Users\Polystation\Documents\Layouter JS\Repo\src\methods\buildMinHeight.ts">
        <metrics statements="4" coveredstatements="4" conditionals="1" coveredconditionals="1" methods="1" coveredmethods="1"/>
        <line num="1" count="6" type="stmt"/>
        <line num="3" count="6" type="stmt"/>
        <line num="7" count="4" type="stmt"/>
        <line num="10" count="6" type="stmt"/>
      </file>
      <file name="buildMinWidth.ts" path="C:\Users\Polystation\Documents\Layouter JS\Repo\src\methods\buildMinWidth.ts">
        <metrics statements="4" coveredstatements="4" conditionals="1" coveredconditionals="1" methods="1" coveredmethods="1"/>
        <line num="1" count="6" type="stmt"/>
        <line num="3" count="6" type="stmt"/>
        <line num="7" count="4" type="stmt"/>
        <line num="10" count="6" type="stmt"/>
      </file>
      <file name="buildPadBottom.ts" path="C:\Users\Polystation\Documents\Layouter JS\Repo\src\methods\buildPadBottom.ts">
        <metrics statements="4" coveredstatements="4" conditionals="1" coveredconditionals="1" methods="1" coveredmethods="1"/>
        <line num="1" count="6" type="stmt"/>
        <line num="3" count="6" type="stmt"/>
        <line num="7" count="6" type="stmt"/>
        <line num="10" count="6" type="stmt"/>
      </file>
      <file name="buildPadLeft.ts" path="C:\Users\Polystation\Documents\Layouter JS\Repo\src\methods\buildPadLeft.ts">
        <metrics statements="4" coveredstatements="4" conditionals="1" coveredconditionals="1" methods="1" coveredmethods="1"/>
        <line num="1" count="6" type="stmt"/>
        <line num="3" count="6" type="stmt"/>
        <line num="7" count="6" type="stmt"/>
        <line num="10" count="6" type="stmt"/>
      </file>
      <file name="buildPadRight.ts" path="C:\Users\Polystation\Documents\Layouter JS\Repo\src\methods\buildPadRight.ts">
        <metrics statements="4" coveredstatements="4" conditionals="1" coveredconditionals="1" methods="1" coveredmethods="1"/>
        <line num="1" count="6" type="stmt"/>
        <line num="3" count="6" type="stmt"/>
        <line num="7" count="6" type="stmt"/>
        <line num="10" count="6" type="stmt"/>
      </file>
      <file name="buildPadTop.ts" path="C:\Users\Polystation\Documents\Layouter JS\Repo\src\methods\buildPadTop.ts">
        <metrics statements="4" coveredstatements="4" conditionals="1" coveredconditionals="1" methods="1" coveredmethods="1"/>
        <line num="1" count="6" type="stmt"/>
        <line num="3" count="6" type="stmt"/>
        <line num="7" count="5" type="stmt"/>
        <line num="10" count="6" type="stmt"/>
      </file>
      <file name="buildPads.ts" path="C:\Users\Polystation\Documents\Layouter JS\Repo\src\methods\buildPads.ts">
        <metrics statements="4" coveredstatements="4" conditionals="1" coveredconditionals="1" methods="1" coveredmethods="1"/>
        <line num="1" count="6" type="stmt"/>
        <line num="3" count="6" type="stmt"/>
        <line num="7" count="7" type="stmt"/>
        <line num="10" count="6" type="stmt"/>
      </file>
      <file name="buildWidth.ts" path="C:\Users\Polystation\Documents\Layouter JS\Repo\src\methods\buildWidth.ts">
        <metrics statements="4" coveredstatements="4" conditionals="1" coveredconditionals="1" methods="1" coveredmethods="1"/>
        <line num="1" count="6" type="stmt"/>
        <line num="3" count="6" type="stmt"/>
        <line num="7" count="4" type="stmt"/>
        <line num="10" count="6" type="stmt"/>
      </file>
      <file name="getParameters.ts" path="C:\Users\Polystation\Documents\Layouter JS\Repo\src\methods\getParameters.ts">
        <metrics statements="12" coveredstatements="12" conditionals="2" coveredconditionals="2" methods="3" coveredmethods="3"/>
        <line num="1" count="5" type="stmt"/>
        <line num="3" count="5" type="stmt"/>
        <line num="4" count="30" type="stmt"/>
        <line num="5" count="30" type="stmt"/>
        <line num="6" count="30" type="stmt"/>
        <line num="7" count="30" type="stmt"/>
        <line num="8" count="42" type="cond" truecount="1" falsecount="0"/>
        <line num="9" count="37" type="cond" truecount="1" falsecount="0"/>
        <line num="10" count="37" type="stmt"/>
        <line num="13" count="74" type="stmt"/>
        <line num="17" count="30" type="stmt"/>
        <line num="20" count="5" type="stmt"/>
      </file>
      <file name="insertRules.ts" path="C:\Users\Polystation\Documents\Layouter JS\Repo\src\methods\insertRules.ts">
        <metrics statements="12" coveredstatements="12" conditionals="3" coveredconditionals="2" methods="1" coveredmethods="1"/>
        <line num="1" count="43" type="stmt"/>
        <line num="3" count="43" type="stmt"/>
        <line num="5" count="43" type="stmt"/>
        <line num="6" count="76" type="stmt"/>
        <line num="8" count="76" type="stmt"/>
        <line num="9" count="136" type="cond" truecount="1" falsecount="0"/>
        <line num="10" count="117" type="stmt"/>
        <line num="11" count="117" type="stmt"/>
        <line num="12" count="117" type="stmt"/>
        <line num="13" count="117" type="cond" truecount="1" falsecount="1"/>
        <line num="14" count="117" type="stmt"/>
        <line num="19" count="43" type="stmt"/>
      </file>
      <file name="reset.ts" path="C:\Users\Polystation\Documents\Layouter JS\Repo\src\methods\reset.ts">
        <metrics statements="29" coveredstatements="29" conditionals="8" coveredconditionals="8" methods="5" coveredmethods="5"/>
        <line num="1" count="3" type="stmt"/>
        <line num="2" count="3" type="stmt"/>
        <line num="3" count="3" type="stmt"/>
        <line num="5" count="3" type="stmt"/>
        <line num="6" count="3" type="stmt"/>
        <line num="7" count="3" type="stmt"/>
        <line num="8" count="3" type="stmt"/>
        <line num="9" count="3" type="stmt"/>
        <line num="13" count="13" type="cond" truecount="1" falsecount="0"/>
        <line num="14" count="1" type="stmt"/>
        <line num="15" count="1" type="stmt"/>
        <line num="17" count="12" type="cond" truecount="2" falsecount="0"/>
        <line num="18" count="12" type="stmt"/>
        <line num="19" count="12" type="stmt"/>
        <line num="21" count="12" type="cond" truecount="1" falsecount="0"/>
        <line num="22" count="2" type="stmt"/>
        <line num="23" count="2" type="stmt"/>
        <line num="25" count="10" type="stmt"/>
        <line num="27" count="10" type="cond" truecount="2" falsecount="0"/>
        <line num="28" count="9" type="stmt"/>
        <line num="31" count="1" type="stmt"/>
        <line num="32" count="1" type="stmt"/>
        <line num="35" count="3" type="cond" truecount="2" falsecount="0"/>
        <line num="36" count="2" type="stmt"/>
        <line num="37" count="2" type="stmt"/>
        <line num="38" count="2" type="stmt"/>
        <line num="41" count="1" type="stmt"/>
        <line num="42" count="1" type="stmt"/>
        <line num="48" count="3" type="stmt"/>
      </file>
      <file name="set.ts" path="C:\Users\Polystation\Documents\Layouter JS\Repo\src\methods\set.ts">
        <metrics statements="26" coveredstatements="26" conditionals="4" coveredconditionals="4" methods="4" coveredmethods="4"/>
        <line num="1" count="4" type="stmt"/>
        <line num="3" count="4" type="stmt"/>
        <line num="4" count="4" type="stmt"/>
        <line num="5" count="4" type="stmt"/>
        <line num="6" count="4" type="stmt"/>
        <line num="9" count="4" type="stmt"/>
        <line num="13" count="15" type="stmt"/>
        <line num="14" count="15" type="cond" truecount="2" falsecount="0"/>
        <line num="15" count="15" type="stmt"/>
        <line num="16" count="15" type="cond" truecount="1" falsecount="0"/>
        <line num="17" count="1" type="stmt"/>
        <line num="18" count="1" type="stmt"/>
        <line num="19" count="1" type="stmt"/>
        <line num="22" count="14" type="stmt"/>
        <line num="23" count="14" type="stmt"/>
        <line num="24" count="29" type="stmt"/>
        <line num="28" count="14" type="stmt"/>
        <line num="29" count="14" type="cond" truecount="1" falsecount="0"/>
        <line num="30" count="1" type="stmt"/>
        <line num="31" count="1" type="stmt"/>
        <line num="35" count="13" type="stmt"/>
        <line num="36" count="13" type="stmt"/>
        <line num="37" count="28" type="stmt"/>
        <line num="42" count="13" type="stmt"/>
        <line num="43" count="13" type="stmt"/>
        <line num="48" count="4" type="stmt"/>
      </file>
      <file name="setAttr.ts" path="C:\Users\Polystation\Documents\Layouter JS\Repo\src\methods\setAttr.ts">
        <metrics statements="16" coveredstatements="16" conditionals="3" coveredconditionals="3" methods="3" coveredmethods="3"/>
        <line num="1" count="19" type="stmt"/>
        <line num="2" count="19" type="stmt"/>
        <line num="3" count="19" type="stmt"/>
        <line num="4" count="19" type="stmt"/>
        <line num="7" count="19" type="stmt"/>
        <line num="12" count="37" type="stmt"/>
        <line num="13" count="37" type="cond" truecount="2" falsecount="0"/>
        <line num="14" count="37" type="cond" truecount="1" falsecount="0"/>
        <line num="15" count="1" type="stmt"/>
        <line num="20" count="1" type="stmt"/>
        <line num="21" count="1" type="stmt"/>
        <line num="25" count="36" type="stmt"/>
        <line num="26" count="36" type="stmt"/>
        <line num="29" count="36" type="stmt"/>
        <line num="30" count="36" type="stmt"/>
        <line num="35" count="19" type="stmt"/>
      </file>
      <file name="setFlex.ts" path="C:\Users\Polystation\Documents\Layouter JS\Repo\src\methods\setFlex.ts">
        <metrics statements="19" coveredstatements="19" conditionals="4" coveredconditionals="4" methods="3" coveredmethods="3"/>
        <line num="1" count="4" type="stmt"/>
        <line num="2" count="4" type="stmt"/>
        <line num="3" count="4" type="stmt"/>
        <line num="4" count="4" type="stmt"/>
        <line num="6" count="4" type="stmt"/>
        <line num="10" count="11" type="stmt"/>
        <line num="11" count="11" type="cond" truecount="2" falsecount="0"/>
        <line num="12" count="11" type="cond" truecount="1" falsecount="0"/>
        <line num="13" count="1" type="stmt"/>
        <line num="18" count="1" type="stmt"/>
        <line num="19" count="1" type="stmt"/>
        <line num="23" count="10" type="stmt"/>
        <line num="24" count="10" type="cond" truecount="1" falsecount="0"/>
        <line num="25" count="1" type="stmt"/>
        <line num="26" count="1" type="stmt"/>
        <line num="29" count="9" type="stmt"/>
        <line num="32" count="9" type="stmt"/>
        <line num="33" count="9" type="stmt"/>
        <line num="38" count="4" type="stmt"/>
      </file>
      <file name="setHeight.ts" path="C:\Users\Polystation\Documents\Layouter JS\Repo\src\methods\setHeight.ts">
        <metrics statements="4" coveredstatements="4" conditionals="0" coveredconditionals="0" methods="1" coveredmethods="1"/>
        <line num="1" count="3" type="stmt"/>
        <line num="3" count="3" type="stmt"/>
        <line num="7" count="3" type="stmt"/>
        <line num="10" count="3" type="stmt"/>
      </file>
      <file name="setMarBottom.ts" path="C:\Users\Polystation\Documents\Layouter JS\Repo\src\methods\setMarBottom.ts">
        <metrics statements="4" coveredstatements="4" conditionals="0" coveredconditionals="0" methods="1" coveredmethods="1"/>
        <line num="1" count="3" type="stmt"/>
        <line num="3" count="3" type="stmt"/>
        <line num="7" count="2" type="stmt"/>
        <line num="10" count="3" type="stmt"/>
      </file>
      <file name="setMarLeft.ts" path="C:\Users\Polystation\Documents\Layouter JS\Repo\src\methods\setMarLeft.ts">
        <metrics statements="4" coveredstatements="4" conditionals="0" coveredconditionals="0" methods="1" coveredmethods="1"/>
        <line num="1" count="3" type="stmt"/>
        <line num="3" count="3" type="stmt"/>
        <line num="7" count="2" type="stmt"/>
        <line num="10" count="3" type="stmt"/>
      </file>
      <file name="setMarRight.ts" path="C:\Users\Polystation\Documents\Layouter JS\Repo\src\methods\setMarRight.ts">
        <metrics statements="4" coveredstatements="4" conditionals="0" coveredconditionals="0" methods="1" coveredmethods="1"/>
        <line num="1" count="3" type="stmt"/>
        <line num="3" count="3" type="stmt"/>
        <line num="7" count="3" type="stmt"/>
        <line num="10" count="3" type="stmt"/>
      </file>
      <file name="setMarTop.ts" path="C:\Users\Polystation\Documents\Layouter JS\Repo\src\methods\setMarTop.ts">
        <metrics statements="4" coveredstatements="4" conditionals="0" coveredconditionals="0" methods="1" coveredmethods="1"/>
        <line num="1" count="4" type="stmt"/>
        <line num="3" count="4" type="stmt"/>
        <line num="7" count="5" type="stmt"/>
        <line num="10" count="4" type="stmt"/>
      </file>
      <file name="setMars.ts" path="C:\Users\Polystation\Documents\Layouter JS\Repo\src\methods\setMars.ts">
        <metrics statements="4" coveredstatements="4" conditionals="0" coveredconditionals="0" methods="1" coveredmethods="1"/>
        <line num="1" count="3" type="stmt"/>
        <line num="3" count="3" type="stmt"/>
        <line num="7" count="2" type="stmt"/>
        <line num="10" count="3" type="stmt"/>
      </file>
      <file name="setMaxHeight.ts" path="C:\Users\Polystation\Documents\Layouter JS\Repo\src\methods\setMaxHeight.ts">
        <metrics statements="4" coveredstatements="4" conditionals="0" coveredconditionals="0" methods="1" coveredmethods="1"/>
        <line num="1" count="3" type="stmt"/>
        <line num="3" count="3" type="stmt"/>
        <line num="7" count="2" type="stmt"/>
        <line num="10" count="3" type="stmt"/>
      </file>
      <file name="setMaxWidth.ts" path="C:\Users\Polystation\Documents\Layouter JS\Repo\src\methods\setMaxWidth.ts">
        <metrics statements="4" coveredstatements="4" conditionals="0" coveredconditionals="0" methods="1" coveredmethods="1"/>
        <line num="1" count="3" type="stmt"/>
        <line num="3" count="3" type="stmt"/>
        <line num="7" count="2" type="stmt"/>
        <line num="10" count="3" type="stmt"/>
      </file>
      <file name="setMinHeight.ts" path="C:\Users\Polystation\Documents\Layouter JS\Repo\src\methods\setMinHeight.ts">
        <metrics statements="4" coveredstatements="4" conditionals="0" coveredconditionals="0" methods="1" coveredmethods="1"/>
        <line num="1" count="3" type="stmt"/>
        <line num="3" count="3" type="stmt"/>
        <line num="7" count="2" type="stmt"/>
        <line num="10" count="3" type="stmt"/>
      </file>
      <file name="setMinWidth.ts" path="C:\Users\Polystation\Documents\Layouter JS\Repo\src\methods\setMinWidth.ts">
        <metrics statements="4" coveredstatements="4" conditionals="0" coveredconditionals="0" methods="1" coveredmethods="1"/>
        <line num="1" count="3" type="stmt"/>
        <line num="3" count="3" type="stmt"/>
        <line num="7" count="2" type="stmt"/>
        <line num="10" count="3" type="stmt"/>
      </file>
      <file name="setPadBottom.ts" path="C:\Users\Polystation\Documents\Layouter JS\Repo\src\methods\setPadBottom.ts">
        <metrics statements="4" coveredstatements="4" conditionals="0" coveredconditionals="0" methods="1" coveredmethods="1"/>
        <line num="1" count="3" type="stmt"/>
        <line num="3" count="3" type="stmt"/>
        <line num="7" count="2" type="stmt"/>
        <line num="10" count="3" type="stmt"/>
      </file>
      <file name="setPadLeft.ts" path="C:\Users\Polystation\Documents\Layouter JS\Repo\src\methods\setPadLeft.ts">
        <metrics statements="4" coveredstatements="4" conditionals="0" coveredconditionals="0" methods="1" coveredmethods="1"/>
        <line num="1" count="3" type="stmt"/>
        <line num="3" count="3" type="stmt"/>
        <line num="7" count="2" type="stmt"/>
        <line num="10" count="3" type="stmt"/>
      </file>
      <file name="setPadRight.ts" path="C:\Users\Polystation\Documents\Layouter JS\Repo\src\methods\setPadRight.ts">
        <metrics statements="4" coveredstatements="4" conditionals="0" coveredconditionals="0" methods="1" coveredmethods="1"/>
        <line num="1" count="3" type="stmt"/>
        <line num="3" count="3" type="stmt"/>
        <line num="7" count="2" type="stmt"/>
        <line num="10" count="3" type="stmt"/>
      </file>
      <file name="setPadTop.ts" path="C:\Users\Polystation\Documents\Layouter JS\Repo\src\methods\setPadTop.ts">
        <metrics statements="4" coveredstatements="4" conditionals="0" coveredconditionals="0" methods="1" coveredmethods="1"/>
        <line num="1" count="3" type="stmt"/>
        <line num="3" count="3" type="stmt"/>
        <line num="7" count="2" type="stmt"/>
        <line num="10" count="3" type="stmt"/>
      </file>
      <file name="setPads.ts" path="C:\Users\Polystation\Documents\Layouter JS\Repo\src\methods\setPads.ts">
        <metrics statements="4" coveredstatements="4" conditionals="0" coveredconditionals="0" methods="1" coveredmethods="1"/>
        <line num="1" count="3" type="stmt"/>
        <line num="3" count="3" type="stmt"/>
        <line num="7" count="2" type="stmt"/>
        <line num="10" count="3" type="stmt"/>
      </file>
      <file name="setWidth.ts" path="C:\Users\Polystation\Documents\Layouter JS\Repo\src\methods\setWidth.ts">
        <metrics statements="4" coveredstatements="4" conditionals="0" coveredconditionals="0" methods="1" coveredmethods="1"/>
        <line num="1" count="3" type="stmt"/>
        <line num="3" count="3" type="stmt"/>
        <line num="7" count="2" type="stmt"/>
        <line num="10" count="3" type="stmt"/>
      </file>
    </package>
    <package name="src.utils">
      <metrics statements="44" coveredstatements="44" conditionals="10" coveredconditionals="10" methods="14" coveredmethods="14"/>
      <file name="addClasses.ts" path="C:\Users\Polystation\Documents\Layouter JS\Repo\src\utils\addClasses.ts">
        <metrics statements="24" coveredstatements="24" conditionals="7" coveredconditionals="7" methods="5" coveredmethods="5"/>
        <line num="1" count="24" type="stmt"/>
        <line num="6" count="63" type="stmt"/>
        <line num="7" count="63" type="stmt"/>
        <line num="8" count="63" type="stmt"/>
        <line num="9" count="63" type="cond" truecount="1" falsecount="0"/>
        <line num="10" count="61" type="stmt"/>
        <line num="11" count="136" type="stmt"/>
        <line num="13" count="61" type="cond" truecount="1" falsecount="0"/>
        <line num="14" count="8" type="stmt"/>
        <line num="15" count="8" type="stmt"/>
        <line num="19" count="55" type="stmt"/>
        <line num="20" count="55" type="stmt"/>
        <line num="21" count="55" type="stmt"/>
        <line num="22" count="55" type="stmt"/>
        <line num="23" count="132" type="stmt"/>
        <line num="25" count="55" type="cond" truecount="1" falsecount="0"/>
        <line num="26" count="55" type="stmt"/>
        <line num="27" count="55" type="stmt"/>
        <line num="30" count="55" type="stmt"/>
        <line num="38" count="55" type="cond" truecount="2" falsecount="0"/>
        <line num="39" count="2" type="stmt"/>
        <line num="41" count="53" type="cond" truecount="2" falsecount="0"/>
        <line num="42" count="53" type="stmt"/>
        <line num="47" count="24" type="stmt"/>
      </file>
      <file name="removeAttr.ts" path="C:\Users\Polystation\Documents\Layouter JS\Repo\src\utils\removeAttr.ts">
        <metrics statements="20" coveredstatements="20" conditionals="3" coveredconditionals="3" methods="9" coveredmethods="9"/>
        <line num="1" count="24" type="stmt"/>
        <line num="5" count="77" type="stmt"/>
        <line num="6" count="77" type="cond" truecount="1" falsecount="0"/>
        <line num="7" count="1" type="stmt"/>
        <line num="8" count="1" type="stmt"/>
        <line num="10" count="76" type="stmt"/>
        <line num="11" count="76" type="stmt"/>
        <line num="12" count="76" type="stmt"/>
        <line num="14" count="76" type="stmt"/>
        <line num="21" count="76" type="stmt"/>
        <line num="25" count="24" type="stmt"/>
        <line num="29" count="13" type="stmt"/>
        <line num="30" count="28" type="stmt"/>
        <line num="31" count="13" type="stmt"/>
        <line num="35" count="24" type="stmt"/>
        <line num="39" count="62" type="stmt"/>
        <line num="40" count="62" type="cond" truecount="2" falsecount="0"/>
        <line num="41" count="13" type="stmt"/>
        <line num="43" count="49" type="stmt"/>
        <line num="48" count="24" type="stmt"/>
      </file>
    </package>
  </project>
</coverage>
