{"C:\\Users\\Polystation\\Documents\\Layouter JS\\Repo\\src\\main.ts": {"path":"C:\\Users\\Polystation\\Documents\\Layouter JS\\Repo\\src\\main.ts","statementMap":{"0":{"start":{"line":1,"column":0},"end":{"line":1,"column":78}},"1":{"start":{"line":2,"column":0},"end":{"line":2,"column":52}},"2":{"start":{"line":4,"column":0},"end":{"line":4,"column":36}},"3":{"start":{"line":5,"column":0},"end":{"line":5,"column":44}},"4":{"start":{"line":6,"column":0},"end":{"line":6,"column":44}},"5":{"start":{"line":7,"column":0},"end":{"line":7,"column":44}},"6":{"start":{"line":8,"column":0},"end":{"line":8,"column":48}},"7":{"start":{"line":9,"column":0},"end":{"line":9,"column":52}},"8":{"start":{"line":10,"column":0},"end":{"line":10,"column":54}},"9":{"start":{"line":11,"column":0},"end":{"line":11,"column":50}},"10":{"start":{"line":12,"column":0},"end":{"line":12,"column":44}},"11":{"start":{"line":13,"column":0},"end":{"line":13,"column":48}},"12":{"start":{"line":14,"column":0},"end":{"line":14,"column":52}},"13":{"start":{"line":15,"column":0},"end":{"line":15,"column":54}},"14":{"start":{"line":16,"column":0},"end":{"line":16,"column":50}},"15":{"start":{"line":17,"column":0},"end":{"line":17,"column":52}},"16":{"start":{"line":18,"column":0},"end":{"line":18,"column":54}},"17":{"start":{"line":19,"column":0},"end":{"line":19,"column":52}},"18":{"start":{"line":20,"column":0},"end":{"line":20,"column":54}},"19":{"start":{"line":21,"column":0},"end":{"line":21,"column":48}},"20":{"start":{"line":22,"column":0},"end":{"line":22,"column":46}},"21":{"start":{"line":24,"column":0},"end":{"line":24,"column":32}},"22":{"start":{"line":25,"column":0},"end":{"line":25,"column":40}},"23":{"start":{"line":26,"column":0},"end":{"line":26,"column":40}},"24":{"start":{"line":27,"column":0},"end":{"line":27,"column":44}},"25":{"start":{"line":28,"column":0},"end":{"line":28,"column":50}},"26":{"start":{"line":29,"column":0},"end":{"line":29,"column":46}},"27":{"start":{"line":30,"column":0},"end":{"line":30,"column":48}},"28":{"start":{"line":31,"column":0},"end":{"line":31,"column":40}},"29":{"start":{"line":32,"column":0},"end":{"line":32,"column":44}},"30":{"start":{"line":33,"column":0},"end":{"line":33,"column":48}},"31":{"start":{"line":34,"column":0},"end":{"line":34,"column":50}},"32":{"start":{"line":35,"column":0},"end":{"line":35,"column":48}},"33":{"start":{"line":36,"column":0},"end":{"line":36,"column":50}},"34":{"start":{"line":37,"column":0},"end":{"line":37,"column":46}},"35":{"start":{"line":38,"column":0},"end":{"line":38,"column":48}},"36":{"start":{"line":39,"column":0},"end":{"line":39,"column":40}},"37":{"start":{"line":40,"column":0},"end":{"line":40,"column":44}},"38":{"start":{"line":41,"column":0},"end":{"line":41,"column":42}},"39":{"start":{"line":42,"column":0},"end":{"line":42,"column":50}},"40":{"start":{"line":44,"column":0},"end":{"line":44,"column":48}},"41":{"start":{"line":45,"column":0},"end":{"line":45,"column":36}},"42":{"start":{"line":49,"column":0},"end":{"line":49,"column":60}},"43":{"start":{"line":50,"column":0},"end":{"line":50,"column":50}},"44":{"start":{"line":214,"column":17},"end":{"line":270,"column":1}},"45":{"start":{"line":215,"column":17},"end":{"line":215,"column":38}},"46":{"start":{"line":217,"column":19},"end":{"line":261,"column":4}},"47":{"start":{"line":264,"column":2},"end":{"line":267,"column":5}},"48":{"start":{"line":265,"column":4},"end":{"line":265,"column":49}},"49":{"start":{"line":265,"column":24},"end":{"line":265,"column":49}},"50":{"start":{"line":266,"column":4},"end":{"line":266,"column":27}},"51":{"start":{"line":269,"column":2},"end":{"line":269,"column":null}},"52":{"start":{"line":272,"column":0},"end":{"line":274,"column":null}},"53":{"start":{"line":273,"column":2},"end":{"line":273,"column":31}},"54":{"start":{"line":276,"column":0},"end":{"line":276,"column":24}}},"fnMap":{"0":{"name":"(anonymous_1)","decl":{"start":{"line":214,"column":17},"end":{"line":214,"column":18}},"loc":{"start":{"line":214,"column":70},"end":{"line":270,"column":1}}},"1":{"name":"(anonymous_2)","decl":{"start":{"line":264,"column":35},"end":{"line":264,"column":38}},"loc":{"start":{"line":264,"column":40},"end":{"line":267,"column":3}}}},"branchMap":{"0":{"loc":{"start":{"line":214,"column":18},"end":{"line":214,"column":55}},"type":"default-arg","locations":[{"start":{"line":214,"column":53},"end":{"line":214,"column":55}}]},"1":{"loc":{"start":{"line":265,"column":4},"end":{"line":265,"column":49}},"type":"if","locations":[{"start":{"line":265,"column":4},"end":{"line":265,"column":49}}]},"2":{"loc":{"start":{"line":272,"column":0},"end":{"line":274,"column":null}},"type":"if","locations":[{"start":{"line":272,"column":0},"end":{"line":274,"column":null}}]},"3":{"loc":{"start":{"line":272,"column":4},"end":{"line":272,"column":44}},"type":"binary-expr","locations":[{"start":{"line":272,"column":4},"end":{"line":272,"column":10}},{"start":{"line":272,"column":14},"end":{"line":272,"column":44}}]}},"s":{"0":2,"1":2,"2":2,"3":2,"4":2,"5":2,"6":2,"7":2,"8":2,"9":2,"10":2,"11":2,"12":2,"13":2,"14":2,"15":2,"16":2,"17":2,"18":2,"19":2,"20":2,"21":2,"22":2,"23":2,"24":2,"25":2,"26":2,"27":2,"28":2,"29":2,"30":2,"31":2,"32":2,"33":2,"34":2,"35":2,"36":2,"37":2,"38":2,"39":2,"40":2,"41":2,"42":2,"43":2,"44":2,"45":2,"46":2,"47":2,"48":2,"49":1,"50":2,"51":2,"52":2,"53":0,"54":2},"f":{"0":2,"1":2},"b":{"0":[2],"1":[1],"2":[0],"3":[2,2]}}
,"C:\\Users\\Polystation\\Documents\\Layouter JS\\Repo\\src\\config\\flex.ts": {"path":"C:\\Users\\Polystation\\Documents\\Layouter JS\\Repo\\src\\config\\flex.ts","statementMap":{"0":{"start":{"line":1,"column":13},"end":{"line":27,"column":2}},"1":{"start":{"line":29,"column":13},"end":{"line":29,"column":48}}},"fnMap":{},"branchMap":{},"s":{"0":44,"1":44},"f":{},"b":{}}
,"C:\\Users\\Polystation\\Documents\\Layouter JS\\Repo\\src\\config\\main.ts": {"path":"C:\\Users\\Polystation\\Documents\\Layouter JS\\Repo\\src\\config\\main.ts","statementMap":{"0":{"start":{"line":2,"column":0},"end":{"line":2,"column":75}},"1":{"start":{"line":3,"column":0},"end":{"line":3,"column":78}},"2":{"start":{"line":4,"column":0},"end":{"line":4,"column":63}},"3":{"start":{"line":37,"column":38},"end":{"line":58,"column":2}},"4":{"start":{"line":60,"column":11},"end":{"line":65,"column":2}},"5":{"start":{"line":69,"column":19},"end":{"line":82,"column":1}},"6":{"start":{"line":74,"column":16},"end":{"line":74,"column":45}},"7":{"start":{"line":75,"column":19},"end":{"line":75,"column":49}},"8":{"start":{"line":76,"column":2},"end":{"line":81,"column":4}},"9":{"start":{"line":84,"column":25},"end":{"line":107,"column":1}},"10":{"start":{"line":85,"column":2},"end":{"line":98,"column":null}},"11":{"start":{"line":86,"column":4},"end":{"line":90,"column":6}},"12":{"start":{"line":92,"column":4},"end":{"line":97,"column":null}},"13":{"start":{"line":93,"column":6},"end":{"line":96,"column":8}},"14":{"start":{"line":100,"column":2},"end":{"line":104,"column":4}},"15":{"start":{"line":106,"column":2},"end":{"line":106,"column":16}},"16":{"start":{"line":84,"column":13},"end":{"line":84,"column":25}},"17":{"start":{"line":109,"column":25},"end":{"line":111,"column":1}},"18":{"start":{"line":110,"column":2},"end":{"line":110,"column":37}},"19":{"start":{"line":109,"column":13},"end":{"line":109,"column":25}},"20":{"start":{"line":113,"column":18},"end":{"line":115,"column":1}},"21":{"start":{"line":114,"column":2},"end":{"line":114,"column":38}},"22":{"start":{"line":117,"column":28},"end":{"line":131,"column":1}},"23":{"start":{"line":118,"column":2},"end":{"line":121,"column":4}},"24":{"start":{"line":123,"column":2},"end":{"line":128,"column":null}},"25":{"start":{"line":124,"column":4},"end":{"line":127,"column":6}},"26":{"start":{"line":130,"column":2},"end":{"line":130,"column":16}},"27":{"start":{"line":117,"column":13},"end":{"line":117,"column":28}},"28":{"start":{"line":133,"column":0},"end":{"line":133,"column":25}}},"fnMap":{"0":{"name":"(anonymous_1)","decl":{"start":{"line":69,"column":19},"end":{"line":69,"column":null}},"loc":{"start":{"line":73,"column":17},"end":{"line":82,"column":1}}},"1":{"name":"(anonymous_2)","decl":{"start":{"line":84,"column":25},"end":{"line":84,"column":26}},"loc":{"start":{"line":84,"column":75},"end":{"line":107,"column":1}}},"2":{"name":"(anonymous_3)","decl":{"start":{"line":109,"column":25},"end":{"line":109,"column":27}},"loc":{"start":{"line":109,"column":64},"end":{"line":111,"column":1}}},"3":{"name":"(anonymous_4)","decl":{"start":{"line":113,"column":18},"end":{"line":113,"column":19}},"loc":{"start":{"line":113,"column":54},"end":{"line":115,"column":1}}},"4":{"name":"(anonymous_5)","decl":{"start":{"line":117,"column":28},"end":{"line":117,"column":29}},"loc":{"start":{"line":117,"column":74},"end":{"line":131,"column":1}}}},"branchMap":{"0":{"loc":{"start":{"line":84,"column":26},"end":{"line":84,"column":62}},"type":"default-arg","locations":[{"start":{"line":84,"column":60},"end":{"line":84,"column":62}}]},"1":{"loc":{"start":{"line":85,"column":2},"end":{"line":98,"column":null}},"type":"if","locations":[{"start":{"line":85,"column":2},"end":{"line":98,"column":null}},{"start":{"line":91,"column":9},"end":{"line":98,"column":null}}]},"2":{"loc":{"start":{"line":85,"column":6},"end":{"line":85,"column":37}},"type":"binary-expr","locations":[{"start":{"line":85,"column":6},"end":{"line":85,"column":12}},{"start":{"line":85,"column":16},"end":{"line":85,"column":37}}]},"3":{"loc":{"start":{"line":92,"column":4},"end":{"line":97,"column":null}},"type":"if","locations":[{"start":{"line":92,"column":4},"end":{"line":97,"column":null}}]},"4":{"loc":{"start":{"line":113,"column":19},"end":{"line":113,"column":41}},"type":"default-arg","locations":[{"start":{"line":113,"column":36},"end":{"line":113,"column":41}}]},"5":{"loc":{"start":{"line":114,"column":9},"end":{"line":114,"column":37}},"type":"cond-expr","locations":[{"start":{"line":114,"column":17},"end":{"line":114,"column":28}},{"start":{"line":114,"column":31},"end":{"line":114,"column":37}}]},"6":{"loc":{"start":{"line":123,"column":2},"end":{"line":128,"column":null}},"type":"if","locations":[{"start":{"line":123,"column":2},"end":{"line":128,"column":null}}]}},"s":{"0":47,"1":47,"2":47,"3":47,"4":47,"5":47,"6":49,"7":49,"8":49,"9":47,"10":48,"11":2,"12":46,"13":46,"14":48,"15":48,"16":47,"17":47,"18":117,"19":47,"20":47,"21":575,"22":47,"23":1,"24":1,"25":1,"26":1,"27":47,"28":47},"f":{"0":49,"1":48,"2":117,"3":575,"4":1},"b":{"0":[36],"1":[2,46],"2":[48,48],"3":[46],"4":[574],"5":[1,574],"6":[1]}}
,"C:\\Users\\Polystation\\Documents\\Layouter JS\\Repo\\src\\config\\processors.ts": {"path":"C:\\Users\\Polystation\\Documents\\Layouter JS\\Repo\\src\\config\\processors.ts","statementMap":{"0":{"start":{"line":9,"column":13},"end":{"line":114,"column":2}}},"fnMap":{},"branchMap":{},"s":{"0":45},"f":{},"b":{}}
,"C:\\Users\\Polystation\\Documents\\Layouter JS\\Repo\\src\\helpers\\breakpointsNums.ts": {"path":"C:\\Users\\Polystation\\Documents\\Layouter JS\\Repo\\src\\helpers\\breakpointsNums.ts","statementMap":{"0":{"start":{"line":19,"column":24},"end":{"line":46,"column":1}},"1":{"start":{"line":23,"column":32},"end":{"line":23,"column":34}},"2":{"start":{"line":25,"column":2},"end":{"line":43,"column":null}},"3":{"start":{"line":26,"column":4},"end":{"line":38,"column":9}},"4":{"start":{"line":28,"column":8},"end":{"line":31,"column":10}},"5":{"start":{"line":34,"column":8},"end":{"line":34,"column":58}},"6":{"start":{"line":37,"column":8},"end":{"line":37,"column":66}},"7":{"start":{"line":40,"column":4},"end":{"line":42,"column":7}},"8":{"start":{"line":41,"column":6},"end":{"line":41,"column":39}},"9":{"start":{"line":45,"column":2},"end":{"line":45,"column":15}},"10":{"start":{"line":48,"column":0},"end":{"line":48,"column":31}}},"fnMap":{"0":{"name":"(anonymous_0)","decl":{"start":{"line":19,"column":24},"end":{"line":19,"column":null}},"loc":{"start":{"line":22,"column":20},"end":{"line":46,"column":1}}},"1":{"name":"(anonymous_1)","decl":{"start":{"line":27,"column":11},"end":{"line":27,"column":12}},"loc":{"start":{"line":27,"column":26},"end":{"line":32,"column":7}}},"2":{"name":"(anonymous_2)","decl":{"start":{"line":33,"column":12},"end":{"line":33,"column":13}},"loc":{"start":{"line":34,"column":8},"end":{"line":34,"column":58}}},"3":{"name":"(anonymous_3)","decl":{"start":{"line":36,"column":15},"end":{"line":36,"column":16}},"loc":{"start":{"line":36,"column":50},"end":{"line":38,"column":7}}},"4":{"name":"(anonymous_4)","decl":{"start":{"line":40,"column":32},"end":{"line":40,"column":34}},"loc":{"start":{"line":40,"column":37},"end":{"line":42,"column":5}}}},"branchMap":{"0":{"loc":{"start":{"line":25,"column":2},"end":{"line":43,"column":null}},"type":"if","locations":[{"start":{"line":25,"column":2},"end":{"line":43,"column":null}},{"start":{"line":39,"column":9},"end":{"line":43,"column":null}}]},"1":{"loc":{"start":{"line":34,"column":8},"end":{"line":34,"column":58}},"type":"cond-expr","locations":[{"start":{"line":34,"column":28},"end":{"line":34,"column":29}},{"start":{"line":34,"column":32},"end":{"line":34,"column":58}}]},"2":{"loc":{"start":{"line":34,"column":32},"end":{"line":34,"column":58}},"type":"cond-expr","locations":[{"start":{"line":34,"column":52},"end":{"line":34,"column":54}},{"start":{"line":34,"column":57},"end":{"line":34,"column":58}}]},"3":{"loc":{"start":{"line":37,"column":26},"end":{"line":37,"column":65}},"type":"cond-expr","locations":[{"start":{"line":37,"column":35},"end":{"line":37,"column":36}},{"start":{"line":37,"column":39},"end":{"line":37,"column":65}}]}},"s":{"0":49,"1":101,"2":101,"3":51,"4":241,"5":194,"6":241,"7":50,"8":237,"9":101,"10":49},"f":{"0":101,"1":241,"2":194,"3":241,"4":237},"b":{"0":[51,50],"1":[189,5],"2":[5,0],"3":[51,190]}}
,"C:\\Users\\Polystation\\Documents\\Layouter JS\\Repo\\src\\helpers\\breakpointsOrdered.ts": {"path":"C:\\Users\\Polystation\\Documents\\Layouter JS\\Repo\\src\\helpers\\breakpointsOrdered.ts","statementMap":{"0":{"start":{"line":4,"column":27},"end":{"line":8,"column":1}},"1":{"start":{"line":5,"column":35},"end":{"line":5,"column":37}},"2":{"start":{"line":6,"column":2},"end":{"line":6,"column":74}},"3":{"start":{"line":6,"column":40},"end":{"line":6,"column":72}},"4":{"start":{"line":7,"column":2},"end":{"line":7,"column":20}},"5":{"start":{"line":10,"column":0},"end":{"line":10,"column":34}}},"fnMap":{"0":{"name":"(anonymous_0)","decl":{"start":{"line":4,"column":27},"end":{"line":4,"column":29}},"loc":{"start":{"line":4,"column":65},"end":{"line":8,"column":1}}},"1":{"name":"(anonymous_1)","decl":{"start":{"line":6,"column":30},"end":{"line":6,"column":36}},"loc":{"start":{"line":6,"column":40},"end":{"line":6,"column":72}}}},"branchMap":{},"s":{"0":48,"1":50,"2":50,"3":237,"4":50,"5":48},"f":{"0":50,"1":237},"b":{}}
,"C:\\Users\\Polystation\\Documents\\Layouter JS\\Repo\\src\\helpers\\buildAttr.ts": {"path":"C:\\Users\\Polystation\\Documents\\Layouter JS\\Repo\\src\\helpers\\buildAttr.ts","statementMap":{"0":{"start":{"line":2,"column":0},"end":{"line":2,"column":47}},"1":{"start":{"line":3,"column":0},"end":{"line":3,"column":42}},"2":{"start":{"line":4,"column":0},"end":{"line":4,"column":48}},"3":{"start":{"line":6,"column":18},"end":{"line":35,"column":1}},"4":{"start":{"line":11,"column":24},"end":{"line":11,"column":26}},"5":{"start":{"line":13,"column":2},"end":{"line":27,"column":5}},"6":{"start":{"line":14,"column":27},"end":{"line":14,"column":46}},"7":{"start":{"line":15,"column":20},"end":{"line":15,"column":46}},"8":{"start":{"line":18,"column":20},"end":{"line":21,"column":16}},"9":{"start":{"line":20,"column":16},"end":{"line":20,"column":34}},"10":{"start":{"line":22,"column":4},"end":{"line":22,"column":61}},"11":{"start":{"line":22,"column":34},"end":{"line":22,"column":61}},"12":{"start":{"line":23,"column":4},"end":{"line":26,"column":6}},"13":{"start":{"line":30,"column":2},"end":{"line":34,"column":5}},"14":{"start":{"line":37,"column":0},"end":{"line":37,"column":25}}},"fnMap":{"0":{"name":"(anonymous_1)","decl":{"start":{"line":6,"column":18},"end":{"line":6,"column":null}},"loc":{"start":{"line":10,"column":4},"end":{"line":35,"column":1}}},"1":{"name":"(anonymous_2)","decl":{"start":{"line":13,"column":28},"end":{"line":13,"column":33}},"loc":{"start":{"line":13,"column":36},"end":{"line":27,"column":3}}},"2":{"name":"(anonymous_3)","decl":{"start":{"line":20,"column":11},"end":{"line":20,"column":12}},"loc":{"start":{"line":20,"column":16},"end":{"line":20,"column":34}}}},"branchMap":{"0":{"loc":{"start":{"line":9,"column":2},"end":{"line":9,"column":31}},"type":"default-arg","locations":[{"start":{"line":9,"column":26},"end":{"line":9,"column":31}}]},"1":{"loc":{"start":{"line":22,"column":4},"end":{"line":22,"column":61}},"type":"if","locations":[{"start":{"line":22,"column":4},"end":{"line":22,"column":61}}]}},"s":{"0":39,"1":39,"2":39,"3":39,"4":135,"5":135,"6":252,"7":252,"8":252,"9":298,"10":252,"11":52,"12":252,"13":135,"14":39},"f":{"0":135,"1":252,"2":298},"b":{"0":[1],"1":[52]}}
,"C:\\Users\\Polystation\\Documents\\Layouter JS\\Repo\\src\\helpers\\buildCss.ts": {"path":"C:\\Users\\Polystation\\Documents\\Layouter JS\\Repo\\src\\helpers\\buildCss.ts","statementMap":{"0":{"start":{"line":2,"column":0},"end":{"line":2,"column":49}},"1":{"start":{"line":3,"column":0},"end":{"line":3,"column":55}},"2":{"start":{"line":4,"column":0},"end":{"line":4,"column":40}},"3":{"start":{"line":21,"column":17},"end":{"line":32,"column":1}},"4":{"start":{"line":23,"column":20},"end":{"line":23,"column":53}},"5":{"start":{"line":26,"column":2},"end":{"line":28,"column":null}},"6":{"start":{"line":27,"column":4},"end":{"line":27,"column":27}},"7":{"start":{"line":31,"column":2},"end":{"line":31,"column":32}},"8":{"start":{"line":34,"column":0},"end":{"line":34,"column":24}}},"fnMap":{"0":{"name":"(anonymous_1)","decl":{"start":{"line":21,"column":17},"end":{"line":21,"column":18}},"loc":{"start":{"line":21,"column":46},"end":{"line":32,"column":1}}}},"branchMap":{"0":{"loc":{"start":{"line":26,"column":2},"end":{"line":28,"column":null}},"type":"if","locations":[{"start":{"line":26,"column":2},"end":{"line":28,"column":null}}]}},"s":{"0":43,"1":43,"2":43,"3":43,"4":165,"5":165,"6":76,"7":165,"8":43},"f":{"0":165},"b":{"0":[76]}}
,"C:\\Users\\Polystation\\Documents\\Layouter JS\\Repo\\src\\helpers\\calPercentage.ts": {"path":"C:\\Users\\Polystation\\Documents\\Layouter JS\\Repo\\src\\helpers\\calPercentage.ts","statementMap":{"0":{"start":{"line":1,"column":22},"end":{"line":6,"column":1}},"1":{"start":{"line":2,"column":14},"end":{"line":2,"column":29}},"2":{"start":{"line":3,"column":22},"end":{"line":3,"column":49}},"3":{"start":{"line":4,"column":17},"end":{"line":4,"column":51}},"4":{"start":{"line":5,"column":2},"end":{"line":5,"column":22}},"5":{"start":{"line":8,"column":0},"end":{"line":8,"column":29}}},"fnMap":{"0":{"name":"(anonymous_0)","decl":{"start":{"line":1,"column":22},"end":{"line":1,"column":23}},"loc":{"start":{"line":1,"column":57},"end":{"line":6,"column":1}}}},"branchMap":{"0":{"loc":{"start":{"line":4,"column":17},"end":{"line":4,"column":51}},"type":"cond-expr","locations":[{"start":{"line":4,"column":31},"end":{"line":4,"column":45}},{"start":{"line":4,"column":48},"end":{"line":4,"column":51}}]}},"s":{"0":42,"1":48,"2":48,"3":48,"4":48,"5":42},"f":{"0":48},"b":{"0":[32,16]}}
,"C:\\Users\\Polystation\\Documents\\Layouter JS\\Repo\\src\\helpers\\createScopeStyles.ts": {"path":"C:\\Users\\Polystation\\Documents\\Layouter JS\\Repo\\src\\helpers\\createScopeStyles.ts","statementMap":{"0":{"start":{"line":20,"column":26},"end":{"line":67,"column":1}},"1":{"start":{"line":26,"column":20},"end":{"line":26,"column":61}},"2":{"start":{"line":27,"column":2},"end":{"line":45,"column":null}},"3":{"start":{"line":28,"column":4},"end":{"line":28,"column":50}},"4":{"start":{"line":29,"column":4},"end":{"line":29,"column":57}},"5":{"start":{"line":30,"column":23},"end":{"line":30,"column":56}},"6":{"start":{"line":31,"column":4},"end":{"line":43,"column":null}},"7":{"start":{"line":33,"column":8},"end":{"line":33,"column":51}},"8":{"start":{"line":34,"column":8},"end":{"line":34,"column":14}},"9":{"start":{"line":36,"column":8},"end":{"line":38,"column":48}},"10":{"start":{"line":39,"column":8},"end":{"line":39,"column":14}},"11":{"start":{"line":41,"column":8},"end":{"line":41,"column":38}},"12":{"start":{"line":42,"column":8},"end":{"line":42,"column":14}},"13":{"start":{"line":44,"column":4},"end":{"line":44,"column":38}},"14":{"start":{"line":48,"column":2},"end":{"line":65,"column":null}},"15":{"start":{"line":49,"column":4},"end":{"line":52,"column":6}},"16":{"start":{"line":54,"column":4},"end":{"line":64,"column":6}},"17":{"start":{"line":57,"column":11},"end":{"line":59,"column":12}},"18":{"start":{"line":66,"column":2},"end":{"line":66,"column":16}},"19":{"start":{"line":69,"column":0},"end":{"line":69,"column":33}}},"fnMap":{"0":{"name":"(anonymous_0)","decl":{"start":{"line":20,"column":26},"end":{"line":20,"column":27}},"loc":{"start":{"line":25,"column":46},"end":{"line":67,"column":1}}},"1":{"name":"(anonymous_1)","decl":{"start":{"line":56,"column":20},"end":{"line":56,"column":21}},"loc":{"start":{"line":56,"column":40},"end":{"line":60,"column":9}}}},"branchMap":{"0":{"loc":{"start":{"line":27,"column":2},"end":{"line":45,"column":null}},"type":"if","locations":[{"start":{"line":27,"column":2},"end":{"line":45,"column":null}}]},"1":{"loc":{"start":{"line":31,"column":4},"end":{"line":43,"column":null}},"type":"switch","locations":[{"start":{"line":32,"column":6},"end":{"line":34,"column":14}},{"start":{"line":35,"column":6},"end":{"line":39,"column":14}},{"start":{"line":40,"column":6},"end":{"line":42,"column":14}}]},"2":{"loc":{"start":{"line":36,"column":8},"end":{"line":38,"column":47}},"type":"cond-expr","locations":[{"start":{"line":37,"column":12},"end":{"line":37,"column":66}},{"start":{"line":38,"column":12},"end":{"line":38,"column":47}}]},"3":{"loc":{"start":{"line":48,"column":2},"end":{"line":65,"column":null}},"type":"if","locations":[{"start":{"line":48,"column":2},"end":{"line":65,"column":null}},{"start":{"line":53,"column":9},"end":{"line":65,"column":null}}]}},"s":{"0":48,"1":245,"2":245,"3":237,"4":237,"5":237,"6":237,"7":4,"8":4,"9":3,"10":3,"11":230,"12":230,"13":237,"14":245,"15":236,"16":9,"17":1,"18":245,"19":48},"f":{"0":245,"1":1},"b":{"0":[237],"1":[4,3,230],"2":[2,1],"3":[236,9]}}
,"C:\\Users\\Polystation\\Documents\\Layouter JS\\Repo\\src\\helpers\\createStyles.ts": {"path":"C:\\Users\\Polystation\\Documents\\Layouter JS\\Repo\\src\\helpers\\createStyles.ts","statementMap":{"0":{"start":{"line":1,"column":0},"end":{"line":1,"column":47}},"1":{"start":{"line":2,"column":0},"end":{"line":2,"column":36}},"2":{"start":{"line":3,"column":0},"end":{"line":3,"column":66}},"3":{"start":{"line":5,"column":0},"end":{"line":5,"column":56}},"4":{"start":{"line":11,"column":21},"end":{"line":79,"column":1}},"5":{"start":{"line":12,"column":20},"end":{"line":12,"column":28}},"6":{"start":{"line":13,"column":16},"end":{"line":13,"column":31}},"7":{"start":{"line":14,"column":17},"end":{"line":14,"column":33}},"8":{"start":{"line":15,"column":15},"end":{"line":15,"column":44}},"9":{"start":{"line":16,"column":26},"end":{"line":16,"column":28}},"10":{"start":{"line":18,"column":2},"end":{"line":77,"column":5}},"11":{"start":{"line":20,"column":27},"end":{"line":20,"column":39}},"12":{"start":{"line":23,"column":20},"end":{"line":23,"column":34}},"13":{"start":{"line":24,"column":4},"end":{"line":26,"column":null}},"14":{"start":{"line":25,"column":6},"end":{"line":25,"column":94}},"15":{"start":{"line":28,"column":24},"end":{"line":28,"column":50}},"16":{"start":{"line":29,"column":4},"end":{"line":29,"column":142}},"17":{"start":{"line":33,"column":4},"end":{"line":53,"column":null}},"18":{"start":{"line":34,"column":6},"end":{"line":34,"column":33}},"19":{"start":{"line":35,"column":28},"end":{"line":37,"column":26}},"20":{"start":{"line":40,"column":29},"end":{"line":42,"column":76}},"21":{"start":{"line":42,"column":32},"end":{"line":42,"column":75}},"22":{"start":{"line":43,"column":6},"end":{"line":50,"column":null}},"23":{"start":{"line":45,"column":8},"end":{"line":47,"column":null}},"24":{"start":{"line":46,"column":10},"end":{"line":46,"column":38}},"25":{"start":{"line":49,"column":8},"end":{"line":49,"column":36}},"26":{"start":{"line":52,"column":6},"end":{"line":52,"column":46}},"27":{"start":{"line":55,"column":15},"end":{"line":55,"column":35}},"28":{"start":{"line":56,"column":17},"end":{"line":56,"column":22}},"29":{"start":{"line":57,"column":4},"end":{"line":71,"column":null}},"30":{"start":{"line":59,"column":6},"end":{"line":64,"column":null}},"31":{"start":{"line":60,"column":8},"end":{"line":60,"column":51}},"32":{"start":{"line":62,"column":8},"end":{"line":62,"column":77}},"33":{"start":{"line":63,"column":8},"end":{"line":63,"column":22}},"34":{"start":{"line":66,"column":24},"end":{"line":66,"column":37}},"35":{"start":{"line":67,"column":18},"end":{"line":67,"column":30}},"36":{"start":{"line":68,"column":6},"end":{"line":68,"column":64}},"37":{"start":{"line":68,"column":15},"end":{"line":68,"column":64}},"38":{"start":{"line":69,"column":18},"end":{"line":69,"column":30}},"39":{"start":{"line":70,"column":6},"end":{"line":70,"column":56}},"40":{"start":{"line":73,"column":4},"end":{"line":75,"column":null}},"41":{"start":{"line":74,"column":6},"end":{"line":74,"column":78}},"42":{"start":{"line":76,"column":4},"end":{"line":76,"column":29}},"43":{"start":{"line":78,"column":2},"end":{"line":78,"column":16}},"44":{"start":{"line":81,"column":0},"end":{"line":81,"column":28}}},"fnMap":{"0":{"name":"(anonymous_1)","decl":{"start":{"line":11,"column":21},"end":{"line":11,"column":22}},"loc":{"start":{"line":11,"column":74},"end":{"line":79,"column":1}}},"1":{"name":"(anonymous_2)","decl":{"start":{"line":18,"column":27},"end":{"line":18,"column":29}},"loc":{"start":{"line":18,"column":32},"end":{"line":77,"column":3}}},"2":{"name":"(anonymous_3)","decl":{"start":{"line":42,"column":16},"end":{"line":42,"column":28}},"loc":{"start":{"line":42,"column":32},"end":{"line":42,"column":75}}}},"branchMap":{"0":{"loc":{"start":{"line":24,"column":4},"end":{"line":26,"column":null}},"type":"if","locations":[{"start":{"line":24,"column":4},"end":{"line":26,"column":null}}]},"1":{"loc":{"start":{"line":28,"column":24},"end":{"line":28,"column":50}},"type":"cond-expr","locations":[{"start":{"line":28,"column":33},"end":{"line":28,"column":45}},{"start":{"line":28,"column":48},"end":{"line":28,"column":50}}]},"2":{"loc":{"start":{"line":33,"column":4},"end":{"line":53,"column":null}},"type":"if","locations":[{"start":{"line":33,"column":4},"end":{"line":53,"column":null}},{"start":{"line":51,"column":11},"end":{"line":53,"column":null}}]},"3":{"loc":{"start":{"line":35,"column":28},"end":{"line":37,"column":26}},"type":"cond-expr","locations":[{"start":{"line":36,"column":10},"end":{"line":36,"column":37}},{"start":{"line":37,"column":10},"end":{"line":37,"column":26}}]},"4":{"loc":{"start":{"line":43,"column":6},"end":{"line":50,"column":null}},"type":"if","locations":[{"start":{"line":43,"column":6},"end":{"line":50,"column":null}},{"start":{"line":48,"column":13},"end":{"line":50,"column":null}}]},"5":{"loc":{"start":{"line":45,"column":8},"end":{"line":47,"column":null}},"type":"if","locations":[{"start":{"line":45,"column":8},"end":{"line":47,"column":null}}]},"6":{"loc":{"start":{"line":57,"column":4},"end":{"line":71,"column":null}},"type":"if","locations":[{"start":{"line":57,"column":4},"end":{"line":71,"column":null}},{"start":{"line":65,"column":11},"end":{"line":71,"column":null}}]},"7":{"loc":{"start":{"line":59,"column":6},"end":{"line":64,"column":null}},"type":"if","locations":[{"start":{"line":59,"column":6},"end":{"line":64,"column":null}},{"start":{"line":61,"column":13},"end":{"line":64,"column":null}}]},"8":{"loc":{"start":{"line":68,"column":6},"end":{"line":68,"column":64}},"type":"if","locations":[{"start":{"line":68,"column":6},"end":{"line":68,"column":64}}]},"9":{"loc":{"start":{"line":73,"column":4},"end":{"line":75,"column":null}},"type":"if","locations":[{"start":{"line":73,"column":4},"end":{"line":75,"column":null}}]}},"s":{"0":44,"1":44,"2":44,"3":44,"4":44,"5":166,"6":166,"7":166,"8":166,"9":166,"10":166,"11":303,"12":303,"13":303,"14":2,"15":303,"16":303,"17":303,"18":24,"19":24,"20":24,"21":96,"22":24,"23":2,"24":1,"25":22,"26":279,"27":303,"28":303,"29":303,"30":294,"31":142,"32":152,"33":152,"34":9,"35":9,"36":9,"37":4,"38":9,"39":9,"40":303,"41":151,"42":303,"43":166,"44":44},"f":{"0":166,"1":303,"2":96},"b":{"0":[2],"1":[1,302],"2":[24,279],"3":[3,21],"4":[2,22],"5":[1],"6":[294,9],"7":[142,152],"8":[4],"9":[151]}}
,"C:\\Users\\Polystation\\Documents\\Layouter JS\\Repo\\src\\helpers\\getScopeByclassName.ts": {"path":"C:\\Users\\Polystation\\Documents\\Layouter JS\\Repo\\src\\helpers\\getScopeByclassName.ts","statementMap":{"0":{"start":{"line":1,"column":0},"end":{"line":1,"column":36}},"1":{"start":{"line":2,"column":0},"end":{"line":2,"column":77}},"2":{"start":{"line":4,"column":28},"end":{"line":48,"column":1}},"3":{"start":{"line":5,"column":20},"end":{"line":5,"column":47}},"4":{"start":{"line":6,"column":18},"end":{"line":6,"column":40}},"5":{"start":{"line":7,"column":20},"end":{"line":7,"column":28}},"6":{"start":{"line":8,"column":16},"end":{"line":8,"column":31}},"7":{"start":{"line":9,"column":17},"end":{"line":9,"column":33}},"8":{"start":{"line":12,"column":2},"end":{"line":15,"column":null}},"9":{"start":{"line":13,"column":20},"end":{"line":13,"column":57}},"10":{"start":{"line":14,"column":4},"end":{"line":14,"column":36}},"11":{"start":{"line":18,"column":13},"end":{"line":18,"column":45}},"12":{"start":{"line":19,"column":2},"end":{"line":19,"column":42}},"13":{"start":{"line":19,"column":25},"end":{"line":19,"column":42}},"14":{"start":{"line":22,"column":2},"end":{"line":32,"column":null}},"15":{"start":{"line":23,"column":4},"end":{"line":23,"column":51}},"16":{"start":{"line":23,"column":34},"end":{"line":23,"column":51}},"17":{"start":{"line":24,"column":20},"end":{"line":24,"column":35}},"18":{"start":{"line":25,"column":4},"end":{"line":30,"column":7}},"19":{"start":{"line":31,"column":4},"end":{"line":31,"column":21}},"20":{"start":{"line":35,"column":2},"end":{"line":37,"column":null}},"21":{"start":{"line":36,"column":4},"end":{"line":36,"column":21}},"22":{"start":{"line":39,"column":17},"end":{"line":39,"column":33}},"23":{"start":{"line":40,"column":2},"end":{"line":45,"column":5}},"24":{"start":{"line":47,"column":2},"end":{"line":47,"column":19}},"25":{"start":{"line":50,"column":0},"end":{"line":50,"column":35}}},"fnMap":{"0":{"name":"(anonymous_1)","decl":{"start":{"line":4,"column":28},"end":{"line":4,"column":29}},"loc":{"start":{"line":4,"column":71},"end":{"line":48,"column":1}}}},"branchMap":{"0":{"loc":{"start":{"line":12,"column":2},"end":{"line":15,"column":null}},"type":"if","locations":[{"start":{"line":12,"column":2},"end":{"line":15,"column":null}}]},"1":{"loc":{"start":{"line":19,"column":2},"end":{"line":19,"column":42}},"type":"if","locations":[{"start":{"line":19,"column":2},"end":{"line":19,"column":42}}]},"2":{"loc":{"start":{"line":22,"column":2},"end":{"line":32,"column":null}},"type":"if","locations":[{"start":{"line":22,"column":2},"end":{"line":32,"column":null}}]},"3":{"loc":{"start":{"line":23,"column":4},"end":{"line":23,"column":51}},"type":"if","locations":[{"start":{"line":23,"column":4},"end":{"line":23,"column":51}}]},"4":{"loc":{"start":{"line":35,"column":2},"end":{"line":37,"column":null}},"type":"if","locations":[{"start":{"line":35,"column":2},"end":{"line":37,"column":null}}]}},"s":{"0":43,"1":43,"2":43,"3":120,"4":120,"5":120,"6":120,"7":120,"8":120,"9":49,"10":49,"11":71,"12":71,"13":62,"14":9,"15":6,"16":3,"17":3,"18":3,"19":3,"20":3,"21":1,"22":2,"23":2,"24":2,"25":43},"f":{"0":120},"b":{"0":[49],"1":[62],"2":[6],"3":[3],"4":[1]}}
,"C:\\Users\\Polystation\\Documents\\Layouter JS\\Repo\\src\\helpers\\initAutoProcessor.ts": {"path":"C:\\Users\\Polystation\\Documents\\Layouter JS\\Repo\\src\\helpers\\initAutoProcessor.ts","statementMap":{"0":{"start":{"line":2,"column":0},"end":{"line":2,"column":50}},"1":{"start":{"line":4,"column":26},"end":{"line":19,"column":1}},"2":{"start":{"line":5,"column":2},"end":{"line":18,"column":5}},"3":{"start":{"line":6,"column":18},"end":{"line":6,"column":41}},"4":{"start":{"line":7,"column":18},"end":{"line":7,"column":59}},"5":{"start":{"line":7,"column":36},"end":{"line":7,"column":47}},"6":{"start":{"line":8,"column":18},"end":{"line":8,"column":50}},"7":{"start":{"line":9,"column":21},"end":{"line":9,"column":30}},"8":{"start":{"line":10,"column":4},"end":{"line":12,"column":7}},"9":{"start":{"line":11,"column":6},"end":{"line":11,"column":29}},"10":{"start":{"line":13,"column":38},"end":{"line":13,"column":40}},"11":{"start":{"line":14,"column":4},"end":{"line":16,"column":7}},"12":{"start":{"line":15,"column":6},"end":{"line":15,"column":65}},"13":{"start":{"line":17,"column":4},"end":{"line":17,"column":40}},"14":{"start":{"line":21,"column":0},"end":{"line":21,"column":33}}},"fnMap":{"0":{"name":"(anonymous_0)","decl":{"start":{"line":4,"column":26},"end":{"line":4,"column":27}},"loc":{"start":{"line":4,"column":50},"end":{"line":19,"column":1}}},"1":{"name":"(anonymous_1)","decl":{"start":{"line":5,"column":21},"end":{"line":5,"column":28}},"loc":{"start":{"line":5,"column":31},"end":{"line":18,"column":3}}},"2":{"name":"(anonymous_2)","decl":{"start":{"line":7,"column":28},"end":{"line":7,"column":32}},"loc":{"start":{"line":7,"column":36},"end":{"line":7,"column":47}}},"3":{"name":"(anonymous_3)","decl":{"start":{"line":10,"column":40},"end":{"line":10,"column":48}},"loc":{"start":{"line":10,"column":51},"end":{"line":12,"column":5}}},"4":{"name":"(anonymous_4)","decl":{"start":{"line":14,"column":21},"end":{"line":14,"column":25}},"loc":{"start":{"line":14,"column":28},"end":{"line":16,"column":5}}}},"branchMap":{},"s":{"0":2,"1":2,"2":2,"3":2,"4":2,"5":36,"6":2,"7":2,"8":2,"9":1,"10":2,"11":2,"12":1,"13":2,"14":2},"f":{"0":2,"1":2,"2":36,"3":1,"4":1},"b":{}}
,"C:\\Users\\Polystation\\Documents\\Layouter JS\\Repo\\src\\helpers\\mainObserver.ts": {"path":"C:\\Users\\Polystation\\Documents\\Layouter JS\\Repo\\src\\helpers\\mainObserver.ts","statementMap":{"0":{"start":{"line":2,"column":0},"end":{"line":2,"column":50}},"1":{"start":{"line":4,"column":21},"end":{"line":39,"column":1}},"2":{"start":{"line":5,"column":16},"end":{"line":5,"column":39}},"3":{"start":{"line":6,"column":18},"end":{"line":30,"column":4}},"4":{"start":{"line":7,"column":4},"end":{"line":29,"column":null}},"5":{"start":{"line":8,"column":6},"end":{"line":28,"column":null}},"6":{"start":{"line":9,"column":8},"end":{"line":11,"column":null}},"7":{"start":{"line":10,"column":10},"end":{"line":10,"column":19}},"8":{"start":{"line":12,"column":8},"end":{"line":19,"column":11}},"9":{"start":{"line":13,"column":10},"end":{"line":18,"column":null}},"10":{"start":{"line":14,"column":26},"end":{"line":14,"column":54}},"11":{"start":{"line":15,"column":12},"end":{"line":17,"column":null}},"12":{"start":{"line":16,"column":14},"end":{"line":16,"column":40}},"13":{"start":{"line":20,"column":13},"end":{"line":28,"column":null}},"14":{"start":{"line":21,"column":21},"end":{"line":21,"column":36}},"15":{"start":{"line":22,"column":8},"end":{"line":27,"column":null}},"16":{"start":{"line":23,"column":24},"end":{"line":23,"column":52}},"17":{"start":{"line":24,"column":10},"end":{"line":26,"column":null}},"18":{"start":{"line":25,"column":12},"end":{"line":25,"column":38}},"19":{"start":{"line":31,"column":26},"end":{"line":37,"column":4}},"20":{"start":{"line":38,"column":2},"end":{"line":38,"column":50}},"21":{"start":{"line":41,"column":0},"end":{"line":41,"column":28}}},"fnMap":{"0":{"name":"(anonymous_0)","decl":{"start":{"line":4,"column":21},"end":{"line":4,"column":22}},"loc":{"start":{"line":4,"column":45},"end":{"line":39,"column":1}}},"1":{"name":"(anonymous_1)","decl":{"start":{"line":6,"column":39},"end":{"line":6,"column":48}},"loc":{"start":{"line":6,"column":51},"end":{"line":30,"column":3}}},"2":{"name":"(anonymous_2)","decl":{"start":{"line":12,"column":36},"end":{"line":12,"column":40}},"loc":{"start":{"line":12,"column":43},"end":{"line":19,"column":9}}}},"branchMap":{"0":{"loc":{"start":{"line":8,"column":6},"end":{"line":28,"column":null}},"type":"if","locations":[{"start":{"line":8,"column":6},"end":{"line":28,"column":null}},{"start":{"line":20,"column":13},"end":{"line":28,"column":null}}]},"1":{"loc":{"start":{"line":9,"column":8},"end":{"line":11,"column":null}},"type":"if","locations":[{"start":{"line":9,"column":8},"end":{"line":11,"column":null}}]},"2":{"loc":{"start":{"line":13,"column":10},"end":{"line":18,"column":null}},"type":"if","locations":[{"start":{"line":13,"column":10},"end":{"line":18,"column":null}}]},"3":{"loc":{"start":{"line":15,"column":12},"end":{"line":17,"column":null}},"type":"if","locations":[{"start":{"line":15,"column":12},"end":{"line":17,"column":null}}]},"4":{"loc":{"start":{"line":20,"column":13},"end":{"line":28,"column":null}},"type":"if","locations":[{"start":{"line":20,"column":13},"end":{"line":28,"column":null}}]},"5":{"loc":{"start":{"line":22,"column":8},"end":{"line":27,"column":null}},"type":"if","locations":[{"start":{"line":22,"column":8},"end":{"line":27,"column":null}}]},"6":{"loc":{"start":{"line":24,"column":10},"end":{"line":26,"column":null}},"type":"if","locations":[{"start":{"line":24,"column":10},"end":{"line":26,"column":null}}]}},"s":{"0":2,"1":2,"2":2,"3":2,"4":12,"5":21,"6":4,"7":1,"8":3,"9":3,"10":3,"11":3,"12":2,"13":17,"14":17,"15":17,"16":17,"17":17,"18":7,"19":2,"20":2,"21":2},"f":{"0":2,"1":12,"2":3},"b":{"0":[4,17],"1":[1],"2":[3],"3":[2],"4":[17],"5":[17],"6":[7]}}
,"C:\\Users\\Polystation\\Documents\\Layouter JS\\Repo\\src\\helpers\\nameCleaner.ts": {"path":"C:\\Users\\Polystation\\Documents\\Layouter JS\\Repo\\src\\helpers\\nameCleaner.ts","statementMap":{"0":{"start":{"line":3,"column":20},"end":{"line":10,"column":2}},"1":{"start":{"line":12,"column":20},"end":{"line":22,"column":1}},"2":{"start":{"line":13,"column":23},"end":{"line":13,"column":25}},"3":{"start":{"line":14,"column":2},"end":{"line":20,"column":null}},"4":{"start":{"line":15,"column":18},"end":{"line":15,"column":22}},"5":{"start":{"line":16,"column":4},"end":{"line":18,"column":7}},"6":{"start":{"line":17,"column":6},"end":{"line":17,"column":57}},"7":{"start":{"line":19,"column":4},"end":{"line":19,"column":35}},"8":{"start":{"line":21,"column":2},"end":{"line":21,"column":13}},"9":{"start":{"line":24,"column":0},"end":{"line":24,"column":27}}},"fnMap":{"0":{"name":"(anonymous_0)","decl":{"start":{"line":12,"column":20},"end":{"line":12,"column":21}},"loc":{"start":{"line":12,"column":43},"end":{"line":22,"column":1}}},"1":{"name":"(anonymous_1)","decl":{"start":{"line":16,"column":24},"end":{"line":16,"column":30}},"loc":{"start":{"line":16,"column":33},"end":{"line":18,"column":5}}}},"branchMap":{},"s":{"0":43,"1":43,"2":165,"3":165,"4":302,"5":302,"6":1812,"7":302,"8":165,"9":43},"f":{"0":165,"1":1812},"b":{}}
,"C:\\Users\\Polystation\\Documents\\Layouter JS\\Repo\\src\\helpers\\percentageConverter.ts": {"path":"C:\\Users\\Polystation\\Documents\\Layouter JS\\Repo\\src\\helpers\\percentageConverter.ts","statementMap":{"0":{"start":{"line":1,"column":28},"end":{"line":3,"column":1}},"1":{"start":{"line":2,"column":2},"end":{"line":2,"column":44}},"2":{"start":{"line":5,"column":0},"end":{"line":5,"column":35}}},"fnMap":{"0":{"name":"(anonymous_0)","decl":{"start":{"line":1,"column":28},"end":{"line":1,"column":29}},"loc":{"start":{"line":1,"column":51},"end":{"line":3,"column":1}}}},"branchMap":{},"s":{"0":45,"1":3,"2":45},"f":{"0":3},"b":{}}
,"C:\\Users\\Polystation\\Documents\\Layouter JS\\Repo\\src\\helpers\\prepareParam.ts": {"path":"C:\\Users\\Polystation\\Documents\\Layouter JS\\Repo\\src\\helpers\\prepareParam.ts","statementMap":{"0":{"start":{"line":1,"column":0},"end":{"line":1,"column":39}},"1":{"start":{"line":10,"column":21},"end":{"line":36,"column":1}},"2":{"start":{"line":12,"column":17},"end":{"line":12,"column":22}},"3":{"start":{"line":13,"column":18},"end":{"line":13,"column":23}},"4":{"start":{"line":14,"column":17},"end":{"line":14,"column":39}},"5":{"start":{"line":15,"column":2},"end":{"line":22,"column":null}},"6":{"start":{"line":16,"column":22},"end":{"line":16,"column":41}},"7":{"start":{"line":17,"column":4},"end":{"line":17,"column":28}},"8":{"start":{"line":18,"column":4},"end":{"line":18,"column":22}},"9":{"start":{"line":20,"column":19},"end":{"line":20,"column":30}},"10":{"start":{"line":21,"column":4},"end":{"line":21,"column":44}},"11":{"start":{"line":24,"column":2},"end":{"line":28,"column":null}},"12":{"start":{"line":25,"column":4},"end":{"line":25,"column":21}},"13":{"start":{"line":26,"column":4},"end":{"line":26,"column":30}},"14":{"start":{"line":27,"column":4},"end":{"line":27,"column":42}},"15":{"start":{"line":30,"column":2},"end":{"line":35,"column":4}},"16":{"start":{"line":38,"column":0},"end":{"line":38,"column":28}}},"fnMap":{"0":{"name":"(anonymous_1)","decl":{"start":{"line":10,"column":21},"end":{"line":10,"column":22}},"loc":{"start":{"line":10,"column":57},"end":{"line":36,"column":1}}}},"branchMap":{"0":{"loc":{"start":{"line":15,"column":2},"end":{"line":22,"column":null}},"type":"if","locations":[{"start":{"line":15,"column":2},"end":{"line":22,"column":null}},{"start":{"line":19,"column":9},"end":{"line":22,"column":null}}]},"1":{"loc":{"start":{"line":24,"column":2},"end":{"line":28,"column":null}},"type":"if","locations":[{"start":{"line":24,"column":2},"end":{"line":28,"column":null}}]}},"s":{"0":43,"1":43,"2":322,"3":322,"4":322,"5":322,"6":156,"7":156,"8":156,"9":166,"10":166,"11":322,"12":57,"13":57,"14":57,"15":322,"16":43},"f":{"0":322},"b":{"0":[156,166],"1":[57]}}
,"C:\\Users\\Polystation\\Documents\\Layouter JS\\Repo\\src\\helpers\\processedNumber.ts": {"path":"C:\\Users\\Polystation\\Documents\\Layouter JS\\Repo\\src\\helpers\\processedNumber.ts","statementMap":{"0":{"start":{"line":1,"column":0},"end":{"line":1,"column":44}},"1":{"start":{"line":3,"column":25},"end":{"line":3,"column":61}},"2":{"start":{"line":5,"column":24},"end":{"line":26,"column":1}},"3":{"start":{"line":7,"column":2},"end":{"line":24,"column":null}},"4":{"start":{"line":8,"column":4},"end":{"line":8,"column":30}},"5":{"start":{"line":9,"column":4},"end":{"line":12,"column":6}},"6":{"start":{"line":13,"column":9},"end":{"line":24,"column":null}},"7":{"start":{"line":14,"column":4},"end":{"line":14,"column":24}},"8":{"start":{"line":16,"column":26},"end":{"line":18,"column":6}},"9":{"start":{"line":17,"column":6},"end":{"line":17,"column":30}},"10":{"start":{"line":19,"column":4},"end":{"line":23,"column":null}},"11":{"start":{"line":20,"column":6},"end":{"line":20,"column":21}},"12":{"start":{"line":22,"column":6},"end":{"line":22,"column":44}},"13":{"start":{"line":25,"column":2},"end":{"line":25,"column":20}},"14":{"start":{"line":28,"column":0},"end":{"line":28,"column":31}}},"fnMap":{"0":{"name":"(anonymous_1)","decl":{"start":{"line":5,"column":24},"end":{"line":5,"column":25}},"loc":{"start":{"line":5,"column":38},"end":{"line":26,"column":1}}},"1":{"name":"(anonymous_2)","decl":{"start":{"line":16,"column":50},"end":{"line":16,"column":54}},"loc":{"start":{"line":16,"column":57},"end":{"line":18,"column":5}}}},"branchMap":{"0":{"loc":{"start":{"line":7,"column":2},"end":{"line":24,"column":null}},"type":"if","locations":[{"start":{"line":7,"column":2},"end":{"line":24,"column":null}},{"start":{"line":13,"column":9},"end":{"line":24,"column":null}}]},"1":{"loc":{"start":{"line":13,"column":9},"end":{"line":24,"column":null}},"type":"if","locations":[{"start":{"line":13,"column":9},"end":{"line":24,"column":null}},{"start":{"line":15,"column":9},"end":{"line":24,"column":null}}]},"2":{"loc":{"start":{"line":19,"column":4},"end":{"line":23,"column":null}},"type":"if","locations":[{"start":{"line":19,"column":4},"end":{"line":23,"column":null}},{"start":{"line":21,"column":11},"end":{"line":23,"column":null}}]},"3":{"loc":{"start":{"line":22,"column":19},"end":{"line":22,"column":43}},"type":"cond-expr","locations":[{"start":{"line":22,"column":31},"end":{"line":22,"column":32}},{"start":{"line":22,"column":35},"end":{"line":22,"column":43}}]}},"s":{"0":39,"1":39,"2":39,"3":298,"4":21,"5":21,"6":277,"7":1,"8":276,"9":1656,"10":276,"11":8,"12":268,"13":298,"14":39},"f":{"0":298,"1":1656},"b":{"0":[21,277],"1":[1,276],"2":[8,268],"3":[28,240]}}
,"C:\\Users\\Polystation\\Documents\\Layouter JS\\Repo\\src\\helpers\\regError.ts": {"path":"C:\\Users\\Polystation\\Documents\\Layouter JS\\Repo\\src\\helpers\\regError.ts","statementMap":{"0":{"start":{"line":1,"column":0},"end":{"line":1,"column":36}},"1":{"start":{"line":3,"column":17},"end":{"line":17,"column":1}},"2":{"start":{"line":8,"column":14},"end":{"line":8,"column":25}},"3":{"start":{"line":9,"column":2},"end":{"line":9,"column":18}},"4":{"start":{"line":10,"column":2},"end":{"line":10,"column":24}},"5":{"start":{"line":11,"column":20},"end":{"line":11,"column":28}},"6":{"start":{"line":12,"column":2},"end":{"line":15,"column":null}},"7":{"start":{"line":13,"column":4},"end":{"line":13,"column":23}},"8":{"start":{"line":14,"column":4},"end":{"line":14,"column":32}},"9":{"start":{"line":14,"column":14},"end":{"line":14,"column":32}},"10":{"start":{"line":16,"column":2},"end":{"line":16,"column":13}},"11":{"start":{"line":19,"column":0},"end":{"line":19,"column":24}}},"fnMap":{"0":{"name":"(anonymous_1)","decl":{"start":{"line":3,"column":17},"end":{"line":3,"column":null}},"loc":{"start":{"line":7,"column":11},"end":{"line":17,"column":1}}}},"branchMap":{"0":{"loc":{"start":{"line":12,"column":2},"end":{"line":15,"column":null}},"type":"if","locations":[{"start":{"line":12,"column":2},"end":{"line":15,"column":null}}]},"1":{"loc":{"start":{"line":14,"column":4},"end":{"line":14,"column":32}},"type":"if","locations":[{"start":{"line":14,"column":4},"end":{"line":14,"column":32}}]}},"s":{"0":27,"1":27,"2":9,"3":9,"4":9,"5":9,"6":9,"7":2,"8":2,"9":1,"10":9,"11":27},"f":{"0":9},"b":{"0":[2],"1":[1]}}
,"C:\\Users\\Polystation\\Documents\\Layouter JS\\Repo\\src\\helpers\\scopesStylesBuilder.ts": {"path":"C:\\Users\\Polystation\\Documents\\Layouter JS\\Repo\\src\\helpers\\scopesStylesBuilder.ts","statementMap":{"0":{"start":{"line":2,"column":0},"end":{"line":2,"column":77}},"1":{"start":{"line":8,"column":35},"end":{"line":25,"column":1}},"2":{"start":{"line":13,"column":26},"end":{"line":13,"column":37}},"3":{"start":{"line":14,"column":2},"end":{"line":23,"column":5}},"4":{"start":{"line":15,"column":4},"end":{"line":22,"column":null}},"5":{"start":{"line":16,"column":6},"end":{"line":21,"column":9}},"6":{"start":{"line":24,"column":2},"end":{"line":24,"column":16}},"7":{"start":{"line":8,"column":13},"end":{"line":8,"column":35}}},"fnMap":{"0":{"name":"(anonymous_1)","decl":{"start":{"line":8,"column":35},"end":{"line":8,"column":null}},"loc":{"start":{"line":12,"column":13},"end":{"line":25,"column":1}}},"1":{"name":"(anonymous_2)","decl":{"start":{"line":14,"column":35},"end":{"line":14,"column":36}},"loc":{"start":{"line":14,"column":50},"end":{"line":23,"column":3}}}},"branchMap":{"0":{"loc":{"start":{"line":13,"column":26},"end":{"line":13,"column":37}},"type":"binary-expr","locations":[{"start":{"line":13,"column":26},"end":{"line":13,"column":31}},{"start":{"line":13,"column":35},"end":{"line":13,"column":37}}]},"1":{"loc":{"start":{"line":15,"column":4},"end":{"line":22,"column":null}},"type":"if","locations":[{"start":{"line":15,"column":4},"end":{"line":22,"column":null}}]}},"s":{"0":47,"1":47,"2":50,"3":50,"4":238,"5":237,"6":50,"7":47},"f":{"0":50,"1":238},"b":{"0":[50,49],"1":[237]}}
,"C:\\Users\\Polystation\\Documents\\Layouter JS\\Repo\\src\\methods\\SetCols.ts": {"path":"C:\\Users\\Polystation\\Documents\\Layouter JS\\Repo\\src\\methods\\SetCols.ts","statementMap":{"0":{"start":{"line":1,"column":0},"end":{"line":1,"column":45}},"1":{"start":{"line":2,"column":0},"end":{"line":2,"column":43}},"2":{"start":{"line":3,"column":0},"end":{"line":3,"column":36}},"3":{"start":{"line":4,"column":0},"end":{"line":4,"column":45}},"4":{"start":{"line":6,"column":16},"end":{"line":35,"column":1}},"5":{"start":{"line":10,"column":2},"end":{"line":34,"column":5}},"6":{"start":{"line":11,"column":17},"end":{"line":11,"column":53}},"7":{"start":{"line":12,"column":4},"end":{"line":20,"column":null}},"8":{"start":{"line":13,"column":18},"end":{"line":16,"column":null}},"9":{"start":{"line":18,"column":6},"end":{"line":18,"column":18}},"10":{"start":{"line":19,"column":6},"end":{"line":19,"column":13}},"11":{"start":{"line":23,"column":22},"end":{"line":23,"column":45}},"12":{"start":{"line":24,"column":4},"end":{"line":27,"column":null}},"13":{"start":{"line":25,"column":6},"end":{"line":25,"column":24}},"14":{"start":{"line":26,"column":6},"end":{"line":26,"column":13}},"15":{"start":{"line":28,"column":25},"end":{"line":28,"column":57}},"16":{"start":{"line":31,"column":4},"end":{"line":33,"column":21}},"17":{"start":{"line":32,"column":18},"end":{"line":32,"column":48}},"18":{"start":{"line":37,"column":0},"end":{"line":37,"column":23}}},"fnMap":{"0":{"name":"(anonymous_1)","decl":{"start":{"line":6,"column":16},"end":{"line":6,"column":null}},"loc":{"start":{"line":9,"column":27},"end":{"line":35,"column":1}}},"1":{"name":"(anonymous_2)","decl":{"start":{"line":10,"column":21},"end":{"line":10,"column":22}},"loc":{"start":{"line":10,"column":41},"end":{"line":34,"column":3}}},"2":{"name":"(anonymous_3)","decl":{"start":{"line":32,"column":12},"end":{"line":32,"column":15}},"loc":{"start":{"line":32,"column":18},"end":{"line":32,"column":48}}}},"branchMap":{"0":{"loc":{"start":{"line":11,"column":17},"end":{"line":11,"column":53}},"type":"binary-expr","locations":[{"start":{"line":11,"column":17},"end":{"line":11,"column":24}},{"start":{"line":11,"column":28},"end":{"line":11,"column":53}}]},"1":{"loc":{"start":{"line":12,"column":4},"end":{"line":20,"column":null}},"type":"if","locations":[{"start":{"line":12,"column":4},"end":{"line":20,"column":null}}]},"2":{"loc":{"start":{"line":24,"column":4},"end":{"line":27,"column":null}},"type":"if","locations":[{"start":{"line":24,"column":4},"end":{"line":27,"column":null}}]}},"s":{"0":3,"1":3,"2":3,"3":3,"4":3,"5":4,"6":4,"7":4,"8":1,"9":1,"10":1,"11":3,"12":3,"13":1,"14":1,"15":2,"16":2,"17":2,"18":3},"f":{"0":4,"1":4,"2":2},"b":{"0":[4,4],"1":[1],"2":[1]}}
,"C:\\Users\\Polystation\\Documents\\Layouter JS\\Repo\\src\\methods\\build.ts": {"path":"C:\\Users\\Polystation\\Documents\\Layouter JS\\Repo\\src\\methods\\build.ts","statementMap":{"0":{"start":{"line":1,"column":0},"end":{"line":1,"column":66}},"1":{"start":{"line":2,"column":0},"end":{"line":2,"column":36}},"2":{"start":{"line":3,"column":0},"end":{"line":3,"column":36}},"3":{"start":{"line":4,"column":0},"end":{"line":4,"column":36}},"4":{"start":{"line":5,"column":0},"end":{"line":5,"column":40}},"5":{"start":{"line":6,"column":0},"end":{"line":6,"column":44}},"6":{"start":{"line":7,"column":0},"end":{"line":7,"column":46}},"7":{"start":{"line":8,"column":0},"end":{"line":8,"column":42}},"8":{"start":{"line":9,"column":0},"end":{"line":9,"column":36}},"9":{"start":{"line":10,"column":0},"end":{"line":10,"column":40}},"10":{"start":{"line":11,"column":0},"end":{"line":11,"column":44}},"11":{"start":{"line":12,"column":0},"end":{"line":12,"column":46}},"12":{"start":{"line":13,"column":0},"end":{"line":13,"column":42}},"13":{"start":{"line":14,"column":0},"end":{"line":14,"column":44}},"14":{"start":{"line":15,"column":0},"end":{"line":15,"column":46}},"15":{"start":{"line":16,"column":0},"end":{"line":16,"column":44}},"16":{"start":{"line":17,"column":0},"end":{"line":17,"column":46}},"17":{"start":{"line":18,"column":0},"end":{"line":18,"column":40}},"18":{"start":{"line":19,"column":0},"end":{"line":19,"column":38}},"19":{"start":{"line":22,"column":17},"end":{"line":41,"column":2}},"20":{"start":{"line":47,"column":14},"end":{"line":68,"column":1}},"21":{"start":{"line":51,"column":38},"end":{"line":51,"column":40}},"22":{"start":{"line":52,"column":29},"end":{"line":52,"column":34}},"23":{"start":{"line":53,"column":2},"end":{"line":65,"column":null}},"24":{"start":{"line":54,"column":21},"end":{"line":54,"column":55}},"25":{"start":{"line":55,"column":39},"end":{"line":57,"column":null}},"26":{"start":{"line":59,"column":4},"end":{"line":64,"column":null}},"27":{"start":{"line":60,"column":6},"end":{"line":60,"column":22}},"28":{"start":{"line":61,"column":6},"end":{"line":61,"column":12}},"29":{"start":{"line":63,"column":6},"end":{"line":63,"column":29}},"30":{"start":{"line":66,"column":2},"end":{"line":66,"column":24}},"31":{"start":{"line":66,"column":13},"end":{"line":66,"column":24}},"32":{"start":{"line":67,"column":2},"end":{"line":67,"column":null}},"33":{"start":{"line":70,"column":0},"end":{"line":70,"column":21}}},"fnMap":{"0":{"name":"(anonymous_1)","decl":{"start":{"line":47,"column":14},"end":{"line":47,"column":null}},"loc":{"start":{"line":50,"column":35},"end":{"line":68,"column":1}}}},"branchMap":{"0":{"loc":{"start":{"line":49,"column":2},"end":{"line":49,"column":31}},"type":"default-arg","locations":[{"start":{"line":49,"column":26},"end":{"line":49,"column":31}}]},"1":{"loc":{"start":{"line":59,"column":4},"end":{"line":64,"column":null}},"type":"if","locations":[{"start":{"line":59,"column":4},"end":{"line":64,"column":null}},{"start":{"line":62,"column":11},"end":{"line":64,"column":null}}]},"2":{"loc":{"start":{"line":66,"column":2},"end":{"line":66,"column":24}},"type":"if","locations":[{"start":{"line":66,"column":2},"end":{"line":66,"column":24}}]}},"s":{"0":5,"1":5,"2":5,"3":5,"4":5,"5":5,"6":5,"7":5,"8":5,"9":5,"10":5,"11":5,"12":5,"13":5,"14":5,"15":5,"16":5,"17":5,"18":5,"19":5,"20":5,"21":25,"22":25,"23":25,"24":43,"25":43,"26":43,"27":1,"28":1,"29":42,"30":25,"31":1,"32":24,"33":5},"f":{"0":25},"b":{"0":[11],"1":[1,42],"2":[1]}}
,"C:\\Users\\Polystation\\Documents\\Layouter JS\\Repo\\src\\methods\\buildCols.ts": {"path":"C:\\Users\\Polystation\\Documents\\Layouter JS\\Repo\\src\\methods\\buildCols.ts","statementMap":{"0":{"start":{"line":1,"column":0},"end":{"line":1,"column":51}},"1":{"start":{"line":2,"column":0},"end":{"line":2,"column":43}},"2":{"start":{"line":3,"column":0},"end":{"line":3,"column":53}},"3":{"start":{"line":5,"column":0},"end":{"line":5,"column":56}},"4":{"start":{"line":6,"column":0},"end":{"line":6,"column":39}},"5":{"start":{"line":9,"column":18},"end":{"line":67,"column":1}},"6":{"start":{"line":15,"column":24},"end":{"line":15,"column":26}},"7":{"start":{"line":16,"column":17},"end":{"line":16,"column":28}},"8":{"start":{"line":20,"column":19},"end":{"line":20,"column":53}},"9":{"start":{"line":22,"column":29},"end":{"line":22,"column":34}},"10":{"start":{"line":24,"column":2},"end":{"line":57,"column":null}},"11":{"start":{"line":25,"column":16},"end":{"line":25,"column":20}},"12":{"start":{"line":26,"column":4},"end":{"line":26,"column":25}},"13":{"start":{"line":27,"column":4},"end":{"line":27,"column":40}},"14":{"start":{"line":28,"column":4},"end":{"line":28,"column":35}},"15":{"start":{"line":29,"column":4},"end":{"line":29,"column":34}},"16":{"start":{"line":31,"column":4},"end":{"line":48,"column":null}},"17":{"start":{"line":32,"column":27},"end":{"line":32,"column":43}},"18":{"start":{"line":33,"column":6},"end":{"line":33,"column":64}},"19":{"start":{"line":35,"column":6},"end":{"line":47,"column":null}},"20":{"start":{"line":36,"column":8},"end":{"line":44,"column":null}},"21":{"start":{"line":37,"column":10},"end":{"line":40,"column":12}},"22":{"start":{"line":41,"column":10},"end":{"line":41,"column":16}},"23":{"start":{"line":43,"column":10},"end":{"line":43,"column":60}},"24":{"start":{"line":46,"column":8},"end":{"line":46,"column":64}},"25":{"start":{"line":50,"column":4},"end":{"line":50,"column":48}},"26":{"start":{"line":51,"column":4},"end":{"line":51,"column":60}},"27":{"start":{"line":51,"column":33},"end":{"line":51,"column":60}},"28":{"start":{"line":53,"column":4},"end":{"line":56,"column":6}},"29":{"start":{"line":59,"column":2},"end":{"line":59,"column":22}},"30":{"start":{"line":59,"column":11},"end":{"line":59,"column":22}},"31":{"start":{"line":62,"column":2},"end":{"line":66,"column":5}},"32":{"start":{"line":69,"column":0},"end":{"line":69,"column":25}}},"fnMap":{"0":{"name":"(anonymous_1)","decl":{"start":{"line":9,"column":18},"end":{"line":9,"column":null}},"loc":{"start":{"line":12,"column":21},"end":{"line":67,"column":1}}}},"branchMap":{"0":{"loc":{"start":{"line":11,"column":2},"end":{"line":11,"column":31}},"type":"default-arg","locations":[{"start":{"line":11,"column":26},"end":{"line":11,"column":31}}]},"1":{"loc":{"start":{"line":31,"column":4},"end":{"line":48,"column":null}},"type":"if","locations":[{"start":{"line":31,"column":4},"end":{"line":48,"column":null}},{"start":{"line":34,"column":11},"end":{"line":48,"column":null}}]},"2":{"loc":{"start":{"line":35,"column":6},"end":{"line":47,"column":null}},"type":"if","locations":[{"start":{"line":35,"column":6},"end":{"line":47,"column":null}},{"start":{"line":45,"column":13},"end":{"line":47,"column":null}}]},"3":{"loc":{"start":{"line":36,"column":8},"end":{"line":44,"column":null}},"type":"if","locations":[{"start":{"line":36,"column":8},"end":{"line":44,"column":null}},{"start":{"line":42,"column":15},"end":{"line":44,"column":null}}]},"4":{"loc":{"start":{"line":51,"column":4},"end":{"line":51,"column":60}},"type":"if","locations":[{"start":{"line":51,"column":4},"end":{"line":51,"column":60}}]},"5":{"loc":{"start":{"line":59,"column":2},"end":{"line":59,"column":22}},"type":"if","locations":[{"start":{"line":59,"column":2},"end":{"line":59,"column":22}}]}},"s":{"0":7,"1":7,"2":7,"3":7,"4":7,"5":7,"6":14,"7":14,"8":14,"9":14,"10":14,"11":28,"12":28,"13":28,"14":28,"15":28,"16":28,"17":23,"18":23,"19":5,"20":3,"21":2,"22":2,"23":1,"24":2,"25":26,"26":26,"27":1,"28":26,"29":14,"30":2,"31":12,"32":7},"f":{"0":14},"b":{"0":[5],"1":[23,5],"2":[3,2],"3":[2,1],"4":[1],"5":[2]}}
,"C:\\Users\\Polystation\\Documents\\Layouter JS\\Repo\\src\\methods\\buildFlex.ts": {"path":"C:\\Users\\Polystation\\Documents\\Layouter JS\\Repo\\src\\methods\\buildFlex.ts","statementMap":{"0":{"start":{"line":1,"column":0},"end":{"line":1,"column":64}},"1":{"start":{"line":2,"column":0},"end":{"line":2,"column":39}},"2":{"start":{"line":4,"column":0},"end":{"line":4,"column":56}},"3":{"start":{"line":6,"column":0},"end":{"line":6,"column":51}},"4":{"start":{"line":7,"column":0},"end":{"line":7,"column":43}},"5":{"start":{"line":9,"column":18},"end":{"line":66,"column":1}},"6":{"start":{"line":13,"column":24},"end":{"line":13,"column":26}},"7":{"start":{"line":16,"column":29},"end":{"line":16,"column":34}},"8":{"start":{"line":17,"column":17},"end":{"line":17,"column":28}},"9":{"start":{"line":18,"column":18},"end":{"line":18,"column":52}},"10":{"start":{"line":20,"column":2},"end":{"line":56,"column":null}},"11":{"start":{"line":22,"column":23},"end":{"line":22,"column":28}},"12":{"start":{"line":23,"column":26},"end":{"line":23,"column":45}},"13":{"start":{"line":24,"column":20},"end":{"line":24,"column":45}},"14":{"start":{"line":25,"column":24},"end":{"line":25,"column":56}},"15":{"start":{"line":26,"column":21},"end":{"line":26,"column":67}},"16":{"start":{"line":27,"column":20},"end":{"line":27,"column":66}},"17":{"start":{"line":29,"column":4},"end":{"line":41,"column":null}},"18":{"start":{"line":30,"column":6},"end":{"line":33,"column":null}},"19":{"start":{"line":31,"column":8},"end":{"line":31,"column":105}},"20":{"start":{"line":32,"column":8},"end":{"line":32,"column":14}},"21":{"start":{"line":34,"column":6},"end":{"line":37,"column":null}},"22":{"start":{"line":35,"column":8},"end":{"line":35,"column":104}},"23":{"start":{"line":36,"column":8},"end":{"line":36,"column":14}},"24":{"start":{"line":38,"column":6},"end":{"line":38,"column":75}},"25":{"start":{"line":40,"column":6},"end":{"line":40,"column":58}},"26":{"start":{"line":43,"column":4},"end":{"line":43,"column":58}},"27":{"start":{"line":43,"column":33},"end":{"line":43,"column":58}},"28":{"start":{"line":45,"column":4},"end":{"line":55,"column":null}},"29":{"start":{"line":46,"column":6},"end":{"line":49,"column":null}},"30":{"start":{"line":51,"column":6},"end":{"line":51,"column":80}},"31":{"start":{"line":51,"column":38},"end":{"line":51,"column":80}},"32":{"start":{"line":52,"column":20},"end":{"line":52,"column":60}},"33":{"start":{"line":53,"column":6},"end":{"line":53,"column":95}},"34":{"start":{"line":54,"column":6},"end":{"line":54,"column":45}},"35":{"start":{"line":58,"column":2},"end":{"line":58,"column":22}},"36":{"start":{"line":58,"column":11},"end":{"line":58,"column":22}},"37":{"start":{"line":61,"column":2},"end":{"line":65,"column":5}},"38":{"start":{"line":68,"column":0},"end":{"line":68,"column":25}}},"fnMap":{"0":{"name":"(anonymous_1)","decl":{"start":{"line":9,"column":18},"end":{"line":9,"column":null}},"loc":{"start":{"line":12,"column":21},"end":{"line":66,"column":1}}}},"branchMap":{"0":{"loc":{"start":{"line":11,"column":2},"end":{"line":11,"column":31}},"type":"default-arg","locations":[{"start":{"line":11,"column":26},"end":{"line":11,"column":31}}]},"1":{"loc":{"start":{"line":29,"column":4},"end":{"line":41,"column":null}},"type":"if","locations":[{"start":{"line":29,"column":4},"end":{"line":41,"column":null}},{"start":{"line":39,"column":11},"end":{"line":41,"column":null}}]},"2":{"loc":{"start":{"line":30,"column":6},"end":{"line":33,"column":null}},"type":"if","locations":[{"start":{"line":30,"column":6},"end":{"line":33,"column":null}}]},"3":{"loc":{"start":{"line":34,"column":6},"end":{"line":37,"column":null}},"type":"if","locations":[{"start":{"line":34,"column":6},"end":{"line":37,"column":null}}]},"4":{"loc":{"start":{"line":43,"column":4},"end":{"line":43,"column":58}},"type":"if","locations":[{"start":{"line":43,"column":4},"end":{"line":43,"column":58}}]},"5":{"loc":{"start":{"line":45,"column":4},"end":{"line":55,"column":null}},"type":"if","locations":[{"start":{"line":45,"column":4},"end":{"line":55,"column":null}},{"start":{"line":50,"column":11},"end":{"line":55,"column":null}}]},"6":{"loc":{"start":{"line":51,"column":6},"end":{"line":51,"column":80}},"type":"if","locations":[{"start":{"line":51,"column":6},"end":{"line":51,"column":80}}]},"7":{"loc":{"start":{"line":52,"column":20},"end":{"line":52,"column":60}},"type":"cond-expr","locations":[{"start":{"line":52,"column":42},"end":{"line":52,"column":44}},{"start":{"line":52,"column":47},"end":{"line":52,"column":60}}]},"8":{"loc":{"start":{"line":58,"column":2},"end":{"line":58,"column":22}},"type":"if","locations":[{"start":{"line":58,"column":2},"end":{"line":58,"column":22}}]}},"s":{"0":7,"1":7,"2":7,"3":7,"4":7,"5":7,"6":20,"7":20,"8":20,"9":20,"10":20,"11":42,"12":42,"13":42,"14":42,"15":42,"16":42,"17":42,"18":39,"19":1,"20":1,"21":38,"22":1,"23":1,"24":37,"25":3,"26":40,"27":4,"28":40,"29":24,"30":16,"31":3,"32":16,"33":16,"34":16,"35":20,"36":2,"37":18,"38":7},"f":{"0":20},"b":{"0":[5],"1":[39,3],"2":[1],"3":[1],"4":[4],"5":[24,16],"6":[3],"7":[13,3],"8":[2]}}
,"C:\\Users\\Polystation\\Documents\\Layouter JS\\Repo\\src\\methods\\buildHeight.ts": {"path":"C:\\Users\\Polystation\\Documents\\Layouter JS\\Repo\\src\\methods\\buildHeight.ts","statementMap":{"0":{"start":{"line":1,"column":0},"end":{"line":1,"column":45}},"1":{"start":{"line":3,"column":20},"end":{"line":8,"column":1}},"2":{"start":{"line":7,"column":2},"end":{"line":7,"column":51}},"3":{"start":{"line":10,"column":0},"end":{"line":10,"column":27}}},"fnMap":{"0":{"name":"(anonymous_1)","decl":{"start":{"line":3,"column":20},"end":{"line":3,"column":null}},"loc":{"start":{"line":6,"column":4},"end":{"line":8,"column":1}}}},"branchMap":{"0":{"loc":{"start":{"line":5,"column":2},"end":{"line":5,"column":31}},"type":"default-arg","locations":[{"start":{"line":5,"column":26},"end":{"line":5,"column":31}}]}},"s":{"0":6,"1":6,"2":4,"3":6},"f":{"0":4},"b":{"0":[4]}}
,"C:\\Users\\Polystation\\Documents\\Layouter JS\\Repo\\src\\methods\\buildMarBottom.ts": {"path":"C:\\Users\\Polystation\\Documents\\Layouter JS\\Repo\\src\\methods\\buildMarBottom.ts","statementMap":{"0":{"start":{"line":1,"column":0},"end":{"line":1,"column":45}},"1":{"start":{"line":3,"column":23},"end":{"line":8,"column":1}},"2":{"start":{"line":7,"column":2},"end":{"line":7,"column":55}},"3":{"start":{"line":10,"column":0},"end":{"line":10,"column":30}}},"fnMap":{"0":{"name":"(anonymous_1)","decl":{"start":{"line":3,"column":23},"end":{"line":3,"column":null}},"loc":{"start":{"line":6,"column":4},"end":{"line":8,"column":1}}}},"branchMap":{"0":{"loc":{"start":{"line":5,"column":2},"end":{"line":5,"column":31}},"type":"default-arg","locations":[{"start":{"line":5,"column":26},"end":{"line":5,"column":31}}]}},"s":{"0":6,"1":6,"2":15,"3":6},"f":{"0":15},"b":{"0":[4]}}
,"C:\\Users\\Polystation\\Documents\\Layouter JS\\Repo\\src\\methods\\buildMarLeft.ts": {"path":"C:\\Users\\Polystation\\Documents\\Layouter JS\\Repo\\src\\methods\\buildMarLeft.ts","statementMap":{"0":{"start":{"line":1,"column":0},"end":{"line":1,"column":45}},"1":{"start":{"line":3,"column":21},"end":{"line":8,"column":1}},"2":{"start":{"line":7,"column":2},"end":{"line":7,"column":53}},"3":{"start":{"line":10,"column":0},"end":{"line":10,"column":28}}},"fnMap":{"0":{"name":"(anonymous_1)","decl":{"start":{"line":3,"column":21},"end":{"line":3,"column":null}},"loc":{"start":{"line":6,"column":4},"end":{"line":8,"column":1}}}},"branchMap":{"0":{"loc":{"start":{"line":5,"column":2},"end":{"line":5,"column":31}},"type":"default-arg","locations":[{"start":{"line":5,"column":26},"end":{"line":5,"column":31}}]}},"s":{"0":6,"1":6,"2":6,"3":6},"f":{"0":6},"b":{"0":[4]}}
,"C:\\Users\\Polystation\\Documents\\Layouter JS\\Repo\\src\\methods\\buildMarRight.ts": {"path":"C:\\Users\\Polystation\\Documents\\Layouter JS\\Repo\\src\\methods\\buildMarRight.ts","statementMap":{"0":{"start":{"line":1,"column":0},"end":{"line":1,"column":45}},"1":{"start":{"line":3,"column":22},"end":{"line":8,"column":1}},"2":{"start":{"line":7,"column":2},"end":{"line":7,"column":54}},"3":{"start":{"line":10,"column":0},"end":{"line":10,"column":29}}},"fnMap":{"0":{"name":"(anonymous_1)","decl":{"start":{"line":3,"column":22},"end":{"line":3,"column":null}},"loc":{"start":{"line":6,"column":4},"end":{"line":8,"column":1}}}},"branchMap":{"0":{"loc":{"start":{"line":5,"column":2},"end":{"line":5,"column":31}},"type":"default-arg","locations":[{"start":{"line":5,"column":26},"end":{"line":5,"column":31}}]}},"s":{"0":6,"1":6,"2":6,"3":6},"f":{"0":6},"b":{"0":[4]}}
,"C:\\Users\\Polystation\\Documents\\Layouter JS\\Repo\\src\\methods\\buildMarTop.ts": {"path":"C:\\Users\\Polystation\\Documents\\Layouter JS\\Repo\\src\\methods\\buildMarTop.ts","statementMap":{"0":{"start":{"line":1,"column":0},"end":{"line":1,"column":45}},"1":{"start":{"line":3,"column":20},"end":{"line":8,"column":1}},"2":{"start":{"line":7,"column":2},"end":{"line":7,"column":52}},"3":{"start":{"line":10,"column":0},"end":{"line":10,"column":27}}},"fnMap":{"0":{"name":"(anonymous_1)","decl":{"start":{"line":3,"column":20},"end":{"line":3,"column":null}},"loc":{"start":{"line":6,"column":4},"end":{"line":8,"column":1}}}},"branchMap":{"0":{"loc":{"start":{"line":5,"column":2},"end":{"line":5,"column":31}},"type":"default-arg","locations":[{"start":{"line":5,"column":26},"end":{"line":5,"column":31}}]}},"s":{"0":6,"1":6,"2":8,"3":6},"f":{"0":8},"b":{"0":[5]}}
,"C:\\Users\\Polystation\\Documents\\Layouter JS\\Repo\\src\\methods\\buildMars.ts": {"path":"C:\\Users\\Polystation\\Documents\\Layouter JS\\Repo\\src\\methods\\buildMars.ts","statementMap":{"0":{"start":{"line":1,"column":0},"end":{"line":1,"column":45}},"1":{"start":{"line":3,"column":18},"end":{"line":8,"column":1}},"2":{"start":{"line":7,"column":2},"end":{"line":7,"column":49}},"3":{"start":{"line":10,"column":0},"end":{"line":10,"column":25}}},"fnMap":{"0":{"name":"(anonymous_1)","decl":{"start":{"line":3,"column":18},"end":{"line":3,"column":null}},"loc":{"start":{"line":6,"column":4},"end":{"line":8,"column":1}}}},"branchMap":{"0":{"loc":{"start":{"line":5,"column":2},"end":{"line":5,"column":31}},"type":"default-arg","locations":[{"start":{"line":5,"column":26},"end":{"line":5,"column":31}}]}},"s":{"0":6,"1":6,"2":8,"3":6},"f":{"0":8},"b":{"0":[5]}}
,"C:\\Users\\Polystation\\Documents\\Layouter JS\\Repo\\src\\methods\\buildMaxHeight.ts": {"path":"C:\\Users\\Polystation\\Documents\\Layouter JS\\Repo\\src\\methods\\buildMaxHeight.ts","statementMap":{"0":{"start":{"line":1,"column":0},"end":{"line":1,"column":45}},"1":{"start":{"line":3,"column":23},"end":{"line":8,"column":1}},"2":{"start":{"line":7,"column":2},"end":{"line":7,"column":54}},"3":{"start":{"line":10,"column":0},"end":{"line":10,"column":30}}},"fnMap":{"0":{"name":"(anonymous_1)","decl":{"start":{"line":3,"column":23},"end":{"line":3,"column":null}},"loc":{"start":{"line":6,"column":4},"end":{"line":8,"column":1}}}},"branchMap":{"0":{"loc":{"start":{"line":5,"column":2},"end":{"line":5,"column":31}},"type":"default-arg","locations":[{"start":{"line":5,"column":26},"end":{"line":5,"column":31}}]}},"s":{"0":6,"1":6,"2":4,"3":6},"f":{"0":4},"b":{"0":[4]}}
,"C:\\Users\\Polystation\\Documents\\Layouter JS\\Repo\\src\\methods\\buildMaxWidth.ts": {"path":"C:\\Users\\Polystation\\Documents\\Layouter JS\\Repo\\src\\methods\\buildMaxWidth.ts","statementMap":{"0":{"start":{"line":1,"column":0},"end":{"line":1,"column":45}},"1":{"start":{"line":3,"column":22},"end":{"line":8,"column":1}},"2":{"start":{"line":7,"column":2},"end":{"line":7,"column":53}},"3":{"start":{"line":10,"column":0},"end":{"line":10,"column":29}}},"fnMap":{"0":{"name":"(anonymous_1)","decl":{"start":{"line":3,"column":22},"end":{"line":3,"column":null}},"loc":{"start":{"line":6,"column":4},"end":{"line":8,"column":1}}}},"branchMap":{"0":{"loc":{"start":{"line":5,"column":2},"end":{"line":5,"column":31}},"type":"default-arg","locations":[{"start":{"line":5,"column":26},"end":{"line":5,"column":31}}]}},"s":{"0":6,"1":6,"2":4,"3":6},"f":{"0":4},"b":{"0":[4]}}
,"C:\\Users\\Polystation\\Documents\\Layouter JS\\Repo\\src\\methods\\buildMinHeight.ts": {"path":"C:\\Users\\Polystation\\Documents\\Layouter JS\\Repo\\src\\methods\\buildMinHeight.ts","statementMap":{"0":{"start":{"line":1,"column":0},"end":{"line":1,"column":45}},"1":{"start":{"line":3,"column":23},"end":{"line":8,"column":1}},"2":{"start":{"line":7,"column":2},"end":{"line":7,"column":54}},"3":{"start":{"line":10,"column":0},"end":{"line":10,"column":30}}},"fnMap":{"0":{"name":"(anonymous_1)","decl":{"start":{"line":3,"column":23},"end":{"line":3,"column":null}},"loc":{"start":{"line":6,"column":4},"end":{"line":8,"column":1}}}},"branchMap":{"0":{"loc":{"start":{"line":5,"column":2},"end":{"line":5,"column":31}},"type":"default-arg","locations":[{"start":{"line":5,"column":26},"end":{"line":5,"column":31}}]}},"s":{"0":6,"1":6,"2":4,"3":6},"f":{"0":4},"b":{"0":[4]}}
,"C:\\Users\\Polystation\\Documents\\Layouter JS\\Repo\\src\\methods\\buildMinWidth.ts": {"path":"C:\\Users\\Polystation\\Documents\\Layouter JS\\Repo\\src\\methods\\buildMinWidth.ts","statementMap":{"0":{"start":{"line":1,"column":0},"end":{"line":1,"column":45}},"1":{"start":{"line":3,"column":22},"end":{"line":8,"column":1}},"2":{"start":{"line":7,"column":2},"end":{"line":7,"column":53}},"3":{"start":{"line":10,"column":0},"end":{"line":10,"column":29}}},"fnMap":{"0":{"name":"(anonymous_1)","decl":{"start":{"line":3,"column":22},"end":{"line":3,"column":null}},"loc":{"start":{"line":6,"column":4},"end":{"line":8,"column":1}}}},"branchMap":{"0":{"loc":{"start":{"line":5,"column":2},"end":{"line":5,"column":31}},"type":"default-arg","locations":[{"start":{"line":5,"column":26},"end":{"line":5,"column":31}}]}},"s":{"0":6,"1":6,"2":4,"3":6},"f":{"0":4},"b":{"0":[4]}}
,"C:\\Users\\Polystation\\Documents\\Layouter JS\\Repo\\src\\methods\\buildPadBottom.ts": {"path":"C:\\Users\\Polystation\\Documents\\Layouter JS\\Repo\\src\\methods\\buildPadBottom.ts","statementMap":{"0":{"start":{"line":1,"column":0},"end":{"line":1,"column":45}},"1":{"start":{"line":3,"column":23},"end":{"line":8,"column":1}},"2":{"start":{"line":7,"column":2},"end":{"line":7,"column":55}},"3":{"start":{"line":10,"column":0},"end":{"line":10,"column":30}}},"fnMap":{"0":{"name":"(anonymous_1)","decl":{"start":{"line":3,"column":23},"end":{"line":3,"column":null}},"loc":{"start":{"line":6,"column":4},"end":{"line":8,"column":1}}}},"branchMap":{"0":{"loc":{"start":{"line":5,"column":2},"end":{"line":5,"column":31}},"type":"default-arg","locations":[{"start":{"line":5,"column":26},"end":{"line":5,"column":31}}]}},"s":{"0":6,"1":6,"2":6,"3":6},"f":{"0":6},"b":{"0":[4]}}
,"C:\\Users\\Polystation\\Documents\\Layouter JS\\Repo\\src\\methods\\buildPadLeft.ts": {"path":"C:\\Users\\Polystation\\Documents\\Layouter JS\\Repo\\src\\methods\\buildPadLeft.ts","statementMap":{"0":{"start":{"line":1,"column":0},"end":{"line":1,"column":45}},"1":{"start":{"line":3,"column":21},"end":{"line":8,"column":1}},"2":{"start":{"line":7,"column":2},"end":{"line":7,"column":53}},"3":{"start":{"line":10,"column":0},"end":{"line":10,"column":28}}},"fnMap":{"0":{"name":"(anonymous_1)","decl":{"start":{"line":3,"column":21},"end":{"line":3,"column":null}},"loc":{"start":{"line":6,"column":4},"end":{"line":8,"column":1}}}},"branchMap":{"0":{"loc":{"start":{"line":5,"column":2},"end":{"line":5,"column":31}},"type":"default-arg","locations":[{"start":{"line":5,"column":26},"end":{"line":5,"column":31}}]}},"s":{"0":6,"1":6,"2":6,"3":6},"f":{"0":6},"b":{"0":[4]}}
,"C:\\Users\\Polystation\\Documents\\Layouter JS\\Repo\\src\\methods\\buildPadRight.ts": {"path":"C:\\Users\\Polystation\\Documents\\Layouter JS\\Repo\\src\\methods\\buildPadRight.ts","statementMap":{"0":{"start":{"line":1,"column":0},"end":{"line":1,"column":45}},"1":{"start":{"line":3,"column":22},"end":{"line":8,"column":1}},"2":{"start":{"line":7,"column":2},"end":{"line":7,"column":54}},"3":{"start":{"line":10,"column":0},"end":{"line":10,"column":29}}},"fnMap":{"0":{"name":"(anonymous_1)","decl":{"start":{"line":3,"column":22},"end":{"line":3,"column":null}},"loc":{"start":{"line":6,"column":4},"end":{"line":8,"column":1}}}},"branchMap":{"0":{"loc":{"start":{"line":5,"column":2},"end":{"line":5,"column":31}},"type":"default-arg","locations":[{"start":{"line":5,"column":26},"end":{"line":5,"column":31}}]}},"s":{"0":6,"1":6,"2":6,"3":6},"f":{"0":6},"b":{"0":[4]}}
,"C:\\Users\\Polystation\\Documents\\Layouter JS\\Repo\\src\\methods\\buildPadTop.ts": {"path":"C:\\Users\\Polystation\\Documents\\Layouter JS\\Repo\\src\\methods\\buildPadTop.ts","statementMap":{"0":{"start":{"line":1,"column":0},"end":{"line":1,"column":45}},"1":{"start":{"line":3,"column":20},"end":{"line":8,"column":1}},"2":{"start":{"line":7,"column":2},"end":{"line":7,"column":52}},"3":{"start":{"line":10,"column":0},"end":{"line":10,"column":27}}},"fnMap":{"0":{"name":"(anonymous_1)","decl":{"start":{"line":3,"column":20},"end":{"line":3,"column":null}},"loc":{"start":{"line":6,"column":4},"end":{"line":8,"column":1}}}},"branchMap":{"0":{"loc":{"start":{"line":5,"column":2},"end":{"line":5,"column":31}},"type":"default-arg","locations":[{"start":{"line":5,"column":26},"end":{"line":5,"column":31}}]}},"s":{"0":6,"1":6,"2":5,"3":6},"f":{"0":5},"b":{"0":[3]}}
,"C:\\Users\\Polystation\\Documents\\Layouter JS\\Repo\\src\\methods\\buildPads.ts": {"path":"C:\\Users\\Polystation\\Documents\\Layouter JS\\Repo\\src\\methods\\buildPads.ts","statementMap":{"0":{"start":{"line":1,"column":0},"end":{"line":1,"column":45}},"1":{"start":{"line":3,"column":18},"end":{"line":8,"column":1}},"2":{"start":{"line":7,"column":2},"end":{"line":7,"column":49}},"3":{"start":{"line":10,"column":0},"end":{"line":10,"column":25}}},"fnMap":{"0":{"name":"(anonymous_1)","decl":{"start":{"line":3,"column":18},"end":{"line":3,"column":null}},"loc":{"start":{"line":6,"column":4},"end":{"line":8,"column":1}}}},"branchMap":{"0":{"loc":{"start":{"line":5,"column":2},"end":{"line":5,"column":31}},"type":"default-arg","locations":[{"start":{"line":5,"column":26},"end":{"line":5,"column":31}}]}},"s":{"0":6,"1":6,"2":7,"3":6},"f":{"0":7},"b":{"0":[4]}}
,"C:\\Users\\Polystation\\Documents\\Layouter JS\\Repo\\src\\methods\\buildWidth.ts": {"path":"C:\\Users\\Polystation\\Documents\\Layouter JS\\Repo\\src\\methods\\buildWidth.ts","statementMap":{"0":{"start":{"line":1,"column":0},"end":{"line":1,"column":45}},"1":{"start":{"line":3,"column":19},"end":{"line":8,"column":1}},"2":{"start":{"line":7,"column":2},"end":{"line":7,"column":50}},"3":{"start":{"line":10,"column":0},"end":{"line":10,"column":26}}},"fnMap":{"0":{"name":"(anonymous_1)","decl":{"start":{"line":3,"column":19},"end":{"line":3,"column":null}},"loc":{"start":{"line":6,"column":4},"end":{"line":8,"column":1}}}},"branchMap":{"0":{"loc":{"start":{"line":5,"column":2},"end":{"line":5,"column":31}},"type":"default-arg","locations":[{"start":{"line":5,"column":26},"end":{"line":5,"column":31}}]}},"s":{"0":6,"1":6,"2":4,"3":6},"f":{"0":4},"b":{"0":[4]}}
,"C:\\Users\\Polystation\\Documents\\Layouter JS\\Repo\\src\\methods\\getParameters.ts": {"path":"C:\\Users\\Polystation\\Documents\\Layouter JS\\Repo\\src\\methods\\getParameters.ts","statementMap":{"0":{"start":{"line":1,"column":0},"end":{"line":1,"column":66}},"1":{"start":{"line":3,"column":22},"end":{"line":18,"column":1}},"2":{"start":{"line":4,"column":58},"end":{"line":4,"column":60}},"3":{"start":{"line":5,"column":16},"end":{"line":5,"column":31}},"4":{"start":{"line":6,"column":21},"end":{"line":6,"column":44}},"5":{"start":{"line":7,"column":2},"end":{"line":16,"column":5}},"6":{"start":{"line":8,"column":4},"end":{"line":15,"column":null}},"7":{"start":{"line":9,"column":6},"end":{"line":14,"column":21}},"8":{"start":{"line":10,"column":8},"end":{"line":14,"column":21}},"9":{"start":{"line":13,"column":36},"end":{"line":13,"column":40}},"10":{"start":{"line":17,"column":2},"end":{"line":17,"column":16}},"11":{"start":{"line":20,"column":0},"end":{"line":20,"column":29}}},"fnMap":{"0":{"name":"(anonymous_0)","decl":{"start":{"line":3,"column":22},"end":{"line":3,"column":23}},"loc":{"start":{"line":3,"column":95},"end":{"line":18,"column":1}}},"1":{"name":"(anonymous_1)","decl":{"start":{"line":7,"column":38},"end":{"line":7,"column":42}},"loc":{"start":{"line":7,"column":45},"end":{"line":16,"column":3}}},"2":{"name":"(anonymous_2)","decl":{"start":{"line":13,"column":18},"end":{"line":13,"column":19}},"loc":{"start":{"line":13,"column":36},"end":{"line":13,"column":40}}}},"branchMap":{"0":{"loc":{"start":{"line":8,"column":4},"end":{"line":15,"column":null}},"type":"if","locations":[{"start":{"line":8,"column":4},"end":{"line":15,"column":null}}]},"1":{"loc":{"start":{"line":9,"column":6},"end":{"line":14,"column":21}},"type":"if","locations":[{"start":{"line":9,"column":6},"end":{"line":14,"column":21}}]}},"s":{"0":5,"1":5,"2":30,"3":30,"4":30,"5":30,"6":42,"7":37,"8":37,"9":74,"10":30,"11":5},"f":{"0":30,"1":42,"2":74},"b":{"0":[37],"1":[37]}}
[...]
,"C:\\Users\\Polystation\\Documents\\Layouter JS\\Repo\\src\\methods\\setHeight.ts": {"path":"C:\\Users\\Polystation\\Documents\\Layouter JS\\Repo\\src\\methods\\setHeight.ts","statementMap":{"0":{"start":{"line":1,"column":0},"end":{"line":1,"column":32}},"1":{"start":{"line":3,"column":18},"end":{"line":8,"column":1}},"2":{"start":{"line":7,"column":2},"end":{"line":7,"column":38}},"3":{"start":{"line":10,"column":0},"end":{"line":10,"column":25}}},"fnMap":{"0":{"name":"(anonymous_1)","decl":{"start":{"line":3,"column":18},"end":{"line":3,"column":null}},"loc":{"start":{"line":6,"column":19},"end":{"line":8,"column":1}}}},"branchMap":{},"s":{"0":3,"1":3,"2":3,"3":3},"f":{"0":3},"b":{}}
,"C:\\Users\\Polystation\\Documents\\Layouter JS\\Repo\\src\\methods\\setMarBottom.ts": {"path":"C:\\Users\\Polystation\\Documents\\Layouter JS\\Repo\\src\\methods\\setMarBottom.ts","statementMap":{"0":{"start":{"line":1,"column":0},"end":{"line":1,"column":32}},"1":{"start":{"line":3,"column":21},"end":{"line":8,"column":1}},"2":{"start":{"line":7,"column":2},"end":{"line":7,"column":39}},"3":{"start":{"line":10,"column":0},"end":{"line":10,"column":28}}},"fnMap":{"0":{"name":"(anonymous_1)","decl":{"start":{"line":3,"column":21},"end":{"line":3,"column":null}},"loc":{"start":{"line":6,"column":19},"end":{"line":8,"column":1}}}},"branchMap":{},"s":{"0":3,"1":3,"2":2,"3":3},"f":{"0":2},"b":{}}
,"C:\\Users\\Polystation\\Documents\\Layouter JS\\Repo\\src\\methods\\setMarLeft.ts": {"path":"C:\\Users\\Polystation\\Documents\\Layouter JS\\Repo\\src\\methods\\setMarLeft.ts","statementMap":{"0":{"start":{"line":1,"column":0},"end":{"line":1,"column":32}},"1":{"start":{"line":3,"column":19},"end":{"line":8,"column":1}},"2":{"start":{"line":7,"column":2},"end":{"line":7,"column":39}},"3":{"start":{"line":10,"column":0},"end":{"line":10,"column":26}}},"fnMap":{"0":{"name":"(anonymous_1)","decl":{"start":{"line":3,"column":19},"end":{"line":3,"column":null}},"loc":{"start":{"line":6,"column":19},"end":{"line":8,"column":1}}}},"branchMap":{},"s":{"0":3,"1":3,"2":2,"3":3},"f":{"0":2},"b":{}}
,"C:\\Users\\Polystation\\Documents\\Layouter JS\\Repo\\src\\methods\\setMarRight.ts": {"path":"C:\\Users\\Polystation\\Documents\\Layouter JS\\Repo\\src\\methods\\setMarRight.ts","statementMap":{"0":{"start":{"line":1,"column":0},"end":{"line":1,"column":32}},"1":{"start":{"line":3,"column":20},"end":{"line":8,"column":1}},"2":{"start":{"line":7,"column":2},"end":{"line":7,"column":39}},"3":{"start":{"line":10,"column":0},"end":{"line":10,"column":27}}},"fnMap":{"0":{"name":"(anonymous_1)","decl":{"start":{"line":3,"column":20},"end":{"line":3,"column":null}},"loc":{"start":{"line":6,"column":19},"end":{"line":8,"column":1}}}},"branchMap":{},"s":{"0":3,"1":3,"2":3,"3":3},"f":{"0":3},"b":{}}
,"C:\\Users\\Polystation\\Documents\\Layouter JS\\Repo\\src\\methods\\setMarTop.ts": {"path":"C:\\Users\\Polystation\\Documents\\Layouter JS\\Repo\\src\\methods\\setMarTop.ts","statementMap":{"0":{"start":{"line":1,"column":0},"end":{"line":1,"column":32}},"1":{"start":{"line":3,"column":18},"end":{"line":8,"column":1}},"2":{"start":{"line":7,"column":2},"end":{"line":7,"column":39}},"3":{"start":{"line":10,"column":0},"end":{"line":10,"column":25}}},"fnMap":{"0":{"name":"(anonymous_1)","decl":{"start":{"line":3,"column":18},"end":{"line":3,"column":null}},"loc":{"start":{"line":6,"column":19},"end":{"line":8,"column":1}}}},"branchMap":{},"s":{"0":4,"1":4,"2":5,"3":4},"f":{"0":5},"b":{}}
,"C:\\Users\\Polystation\\Documents\\Layouter JS\\Repo\\src\\methods\\setMars.ts": {"path":"C:\\Users\\Polystation\\Documents\\Layouter JS\\Repo\\src\\methods\\setMars.ts","statementMap":{"0":{"start":{"line":1,"column":0},"end":{"line":1,"column":32}},"1":{"start":{"line":3,"column":16},"end":{"line":8,"column":1}},"2":{"start":{"line":7,"column":2},"end":{"line":7,"column":38}},"3":{"start":{"line":10,"column":0},"end":{"line":10,"column":23}}},"fnMap":{"0":{"name":"(anonymous_1)","decl":{"start":{"line":3,"column":16},"end":{"line":3,"column":null}},"loc":{"start":{"line":6,"column":19},"end":{"line":8,"column":1}}}},"branchMap":{},"s":{"0":3,"1":3,"2":2,"3":3},"f":{"0":2},"b":{}}
,"C:\\Users\\Polystation\\Documents\\Layouter JS\\Repo\\src\\methods\\setMaxHeight.ts": {"path":"C:\\Users\\Polystation\\Documents\\Layouter JS\\Repo\\src\\methods\\setMaxHeight.ts","statementMap":{"0":{"start":{"line":1,"column":0},"end":{"line":1,"column":32}},"1":{"start":{"line":3,"column":21},"end":{"line":8,"column":1}},"2":{"start":{"line":7,"column":2},"end":{"line":7,"column":38}},"3":{"start":{"line":10,"column":0},"end":{"line":10,"column":28}}},"fnMap":{"0":{"name":"(anonymous_1)","decl":{"start":{"line":3,"column":21},"end":{"line":3,"column":null}},"loc":{"start":{"line":6,"column":19},"end":{"line":8,"column":1}}}},"branchMap":{},"s":{"0":3,"1":3,"2":2,"3":3},"f":{"0":2},"b":{}}
,"C:\\Users\\Polystation\\Documents\\Layouter JS\\Repo\\src\\methods\\setMaxWidth.ts": {"path":"C:\\Users\\Polystation\\Documents\\Layouter JS\\Repo\\src\\methods\\setMaxWidth.ts","statementMap":{"0":{"start":{"line":1,"column":0},"end":{"line":1,"column":32}},"1":{"start":{"line":3,"column":20},"end":{"line":8,"column":1}},"2":{"start":{"line":7,"column":2},"end":{"line":7,"column":38}},"3":{"start":{"line":10,"column":0},"end":{"line":10,"column":27}}},"fnMap":{"0":{"name":"(anonymous_1)","decl":{"start":{"line":3,"column":20},"end":{"line":3,"column":null}},"loc":{"start":{"line":6,"column":19},"end":{"line":8,"column":1}}}},"branchMap":{},"s":{"0":3,"1":3,"2":2,"3":3},"f":{"0":2},"b":{}}
,"C:\\Users\\Polystation\\Documents\\Layouter JS\\Repo\\src\\methods\\setMinHeight.ts": {"path":"C:\\Users\\Polystation\\Documents\\Layouter JS\\Repo\\src\\methods\\setMinHeight.ts","statementMap":{"0":{"start":{"line":1,"column":0},"end":{"line":1,"column":32}},"1":{"start":{"line":3,"column":21},"end":{"line":8,"column":1}},"2":{"start":{"line":7,"column":2},"end":{"line":7,"column":38}},"3":{"start":{"line":10,"column":0},"end":{"line":10,"column":28}}},"fnMap":{"0":{"name":"(anonymous_1)","decl":{"start":{"line":3,"column":21},"end":{"line":3,"column":null}},"loc":{"start":{"line":6,"column":19},"end":{"line":8,"column":1}}}},"branchMap":{},"s":{"0":3,"1":3,"2":2,"3":3},"f":{"0":2},"b":{}}
,"C:\\Users\\Polystation\\Documents\\Layouter JS\\Repo\\src\\methods\\setMinWidth.ts": {"path":"C:\\Users\\Polystation\\Documents\\Layouter JS\\Repo\\src\\methods\\setMinWidth.ts","statementMap":{"0":{"start":{"line":1,"column":0},"end":{"line":1,"column":32}},"1":{"start":{"line":3,"column":20},"end":{"line":8,"column":1}},"2":{"start":{"line":7,"column":2},"end":{"line":7,"column":38}},"3":{"start":{"line":10,"column":0},"end":{"line":10,"column":27}}},"fnMap":{"0":{"name":"(anonymous_1)","decl":{"start":{"line":3,"column":20},"end":{"line":3,"column":null}},"loc":{"start":{"line":6,"column":19},"end":{"line":8,"column":1}}}},"branchMap":{},"s":{"0":3,"1":3,"2":2,"3":3},"f":{"0":2},"b":{}}
,"C:\\Users\\Polystation\\Documents\\Layouter JS\\Repo\\src\\methods\\setPadBottom.ts": {"path":"C:\\Users\\Polystation\\Documents\\Layouter JS\\Repo\\src\\methods\\setPadBottom.ts","statementMap":{"0":{"start":{"line":1,"column":0},"end":{"line":1,"column":32}},"1":{"start":{"line":3,"column":21},"end":{"line":8,"column":1}},"2":{"start":{"line":7,"column":2},"end":{"line":7,"column":39}},"3":{"start":{"line":10,"column":0},"end":{"line":10,"column":28}}},"fnMap":{"0":{"name":"(anonymous_1)","decl":{"start":{"line":3,"column":21},"end":{"line":3,"column":null}},"loc":{"start":{"line":6,"column":19},"end":{"line":8,"column":1}}}},"branchMap":{},"s":{"0":3,"1":3,"2":2,"3":3},"f":{"0":2},"b":{}}
,"C:\\Users\\Polystation\\Documents\\Layouter JS\\Repo\\src\\methods\\setPadLeft.ts": {"path":"C:\\Users\\Polystation\\Documents\\Layouter JS\\Repo\\src\\methods\\setPadLeft.ts","statementMap":{"0":{"start":{"line":1,"column":0},"end":{"line":1,"column":32}},"1":{"start":{"line":3,"column":19},"end":{"line":8,"column":1}},"2":{"start":{"line":7,"column":2},"end":{"line":7,"column":39}},"3":{"start":{"line":10,"column":0},"end":{"line":10,"column":26}}},"fnMap":{"0":{"name":"(anonymous_1)","decl":{"start":{"line":3,"column":19},"end":{"line":3,"column":null}},"loc":{"start":{"line":6,"column":19},"end":{"line":8,"column":1}}}},"branchMap":{},"s":{"0":3,"1":3,"2":2,"3":3},"f":{"0":2},"b":{}}
,"C:\\Users\\Polystation\\Documents\\Layouter JS\\Repo\\src\\methods\\setPadRight.ts": {"path":"C:\\Users\\Polystation\\Documents\\Layouter JS\\Repo\\src\\methods\\setPadRight.ts","statementMap":{"0":{"start":{"line":1,"column":0},"end":{"line":1,"column":32}},"1":{"start":{"line":3,"column":20},"end":{"line":8,"column":1}},"2":{"start":{"line":7,"column":2},"end":{"line":7,"column":39}},"3":{"start":{"line":10,"column":0},"end":{"line":10,"column":27}}},"fnMap":{"0":{"name":"(anonymous_1)","decl":{"start":{"line":3,"column":20},"end":{"line":3,"column":null}},"loc":{"start":{"line":6,"column":19},"end":{"line":8,"column":1}}}},"branchMap":{},"s":{"0":3,"1":3,"2":2,"3":3},"f":{"0":2},"b":{}}
,"C:\\Users\\Polystation\\Documents\\Layouter JS\\Repo\\src\\methods\\setPadTop.ts": {"path":"C:\\Users\\Polystation\\Documents\\Layouter JS\\Repo\\src\\methods\\setPadTop.ts","statementMap":{"0":{"start":{"line":1,"column":0},"end":{"line":1,"column":32}},"1":{"start":{"line":3,"column":18},"end":{"line":8,"column":1}},"2":{"start":{"line":7,"column":2},"end":{"line":7,"column":39}},"3":{"start":{"line":10,"column":0},"end":{"line":10,"column":25}}},"fnMap":{"0":{"name":"(anonymous_1)","decl":{"start":{"line":3,"column":18},"end":{"line":3,"column":null}},"loc":{"start":{"line":6,"column":19},"end":{"line":8,"column":1}}}},"branchMap":{},"s":{"0":3,"1":3,"2":2,"3":3},"f":{"0":2},"b":{}}
,"C:\\Users\\Polystation\\Documents\\Layouter JS\\Repo\\src\\methods\\setPads.ts": {"path":"C:\\Users\\Polystation\\Documents\\Layouter JS\\Repo\\src\\methods\\setPads.ts","statementMap":{"0":{"start":{"line":1,"column":0},"end":{"line":1,"column":32}},"1":{"start":{"line":3,"column":16},"end":{"line":8,"column":1}},"2":{"start":{"line":7,"column":2},"end":{"line":7,"column":38}},"3":{"start":{"line":10,"column":0},"end":{"line":10,"column":23}}},"fnMap":{"0":{"name":"(anonymous_1)","decl":{"start":{"line":3,"column":16},"end":{"line":3,"column":null}},"loc":{"start":{"line":6,"column":19},"end":{"line":8,"column":1}}}},"branchMap":{},"s":{"0":3,"1":3,"2":2,"3":3},"f":{"0":2},"b":{}}
,"C:\\Users\\Polystation\\Documents\\Layouter JS\\Repo\\src\\methods\\setWidth.ts": {"path":"C:\\Users\\Polystation\\Documents\\Layouter JS\\Repo\\src\\methods\\setWidth.ts","statementMap":{"0":{"start":{"line":1,"column":0},"end":{"line":1,"column":32}},"1":{"start":{"line":3,"column":17},"end":{"line":8,"column":1}},"2":{"start":{"line":7,"column":2},"end":{"line":7,"column":38}},"3":{"start":{"line":10,"column":0},"end":{"line":10,"column":24}}},"fnMap":{"0":{"name":"(anonymous_1)","decl":{"start":{"line":3,"column":17},"end":{"line":3,"column":null}},"loc":{"start":{"line":6,"column":19},"end":{"line":8,"column":1}}}},"branchMap":{},"s":{"0":3,"1":3,"2":2,"3":3},"f":{"0":2},"b":{}}
,"C:\\Users\\Polystation\\Documents\\Layouter JS\\Repo\\src\\utils\\addClasses.ts": {"path":"C:\\Users\\Polystation\\Documents\\Layouter JS\\Repo\\src\\utils\\addClasses.ts","statementMap":{"0":{"start":{"line":1,"column":19},"end":{"line":45,"column":1}},"1":{"start":{"line":6,"column":2},"end":{"line":44,"column":5}},"2":{"start":{"line":7,"column":18},"end":{"line":7,"column":41}},"3":{"start":{"line":8,"column":33},"end":{"line":8,"column":38}},"4":{"start":{"line":9,"column":4},"end":{"line":17,"column":null}},"5":{"start":{"line":10,"column":6},"end":{"line":12,"column":8}},"6":{"start":{"line":11,"column":16},"end":{"line":11,"column":46}},"7":{"start":{"line":13,"column":6},"end":{"line":16,"column":null}},"8":{"start":{"line":14,"column":8},"end":{"line":14,"column":18}},"9":{"start":{"line":15,"column":8},"end":{"line":15,"column":15}},"10":{"start":{"line":19,"column":20},"end":{"line":29,"column":6}},"11":{"start":{"line":20,"column":21},"end":{"line":20,"column":40}},"12":{"start":{"line":21,"column":30},"end":{"line":21,"column":69}},"13":{"start":{"line":22,"column":26},"end":{"line":23,"column":null}},"14":{"start":{"line":23,"column":8},"end":{"line":23,"column":40}},"15":{"start":{"line":25,"column":6},"end":{"line":28,"column":null}},"16":{"start":{"line":26,"column":8},"end":{"line":26,"column":29}},"17":{"start":{"line":27,"column":8},"end":{"line":27,"column":18}},"18":{"start":{"line":30,"column":4},"end":{"line":36,"column":7}},"19":{"start":{"line":38,"column":4},"end":{"line":43,"column":null}},"20":{"start":{"line":39,"column":6},"end":{"line":39,"column":36}},"21":{"start":{"line":41,"column":20},"end":{"line":41,"column":57}},"22":{"start":{"line":42,"column":6},"end":{"line":42,"column":55}},"23":{"start":{"line":47,"column":0},"end":{"line":47,"column":26}}},"fnMap":{"0":{"name":"(anonymous_0)","decl":{"start":{"line":1,"column":19},"end":{"line":1,"column":null}},"loc":{"start":{"line":5,"column":19},"end":{"line":45,"column":1}}},"1":{"name":"(anonymous_1)","decl":{"start":{"line":6,"column":21},"end":{"line":6,"column":28}},"loc":{"start":{"line":6,"column":31},"end":{"line":44,"column":3}}},"2":{"name":"(anonymous_2)","decl":{"start":{"line":11,"column":8},"end":{"line":11,"column":12}},"loc":{"start":{"line":11,"column":16},"end":{"line":11,"column":46}}},"3":{"name":"(anonymous_3)","decl":{"start":{"line":19,"column":41},"end":{"line":19,"column":50}},"loc":{"start":{"line":19,"column":53},"end":{"line":29,"column":5}}},"4":{"name":"(anonymous_4)","decl":{"start":{"line":22,"column":38},"end":{"line":22,"column":45}},"loc":{"start":{"line":23,"column":8},"end":{"line":23,"column":40}}}},"branchMap":{"0":{"loc":{"start":{"line":9,"column":4},"end":{"line":17,"column":null}},"type":"if","locations":[{"start":{"line":9,"column":4},"end":{"line":17,"column":null}}]},"1":{"loc":{"start":{"line":13,"column":6},"end":{"line":16,"column":null}},"type":"if","locations":[{"start":{"line":13,"column":6},"end":{"line":16,"column":null}}]},"2":{"loc":{"start":{"line":25,"column":6},"end":{"line":28,"column":null}},"type":"if","locations":[{"start":{"line":25,"column":6},"end":{"line":28,"column":null}}]},"3":{"loc":{"start":{"line":38,"column":4},"end":{"line":43,"column":null}},"type":"if","locations":[{"start":{"line":38,"column":4},"end":{"line":43,"column":null}},{"start":{"line":40,"column":11},"end":{"line":43,"column":null}}]},"4":{"loc":{"start":{"line":41,"column":20},"end":{"line":41,"column":57}},"type":"cond-expr","locations":[{"start":{"line":41,"column":49},"end":{"line":41,"column":52}},{"start":{"line":41,"column":55},"end":{"line":41,"column":57}}]}},"s":{"0":24,"1":63,"2":63,"3":63,"4":63,"5":61,"6":136,"7":61,"8":8,"9":8,"10":55,"11":55,"12":55,"13":55,"14":132,"15":55,"16":55,"17":55,"18":55,"19":55,"20":2,"21":53,"22":53,"23":24},"f":{"0":63,"1":63,"2":136,"3":55,"4":132},"b":{"0":[61],"1":[8],"2":[55],"3":[2,53],"4":[3,50]}}
,"C:\\Users\\Polystation\\Documents\\Layouter JS\\Repo\\src\\utils\\removeAttr.ts": {"path":"C:\\Users\\Polystation\\Documents\\Layouter JS\\Repo\\src\\utils\\removeAttr.ts","statementMap":{"0":{"start":{"line":1,"column":26},"end":{"line":23,"column":1}},"1":{"start":{"line":5,"column":2},"end":{"line":22,"column":5}},"2":{"start":{"line":6,"column":4},"end":{"line":9,"column":null}},"3":{"start":{"line":7,"column":6},"end":{"line":7,"column":16}},"4":{"start":{"line":8,"column":6},"end":{"line":8,"column":13}},"5":{"start":{"line":10,"column":20},"end":{"line":13,"column":6}},"6":{"start":{"line":11,"column":6},"end":{"line":11,"column":27}},"7":{"start":{"line":12,"column":6},"end":{"line":12,"column":16}},"8":{"start":{"line":14,"column":4},"end":{"line":20,"column":7}},"9":{"start":{"line":21,"column":4},"end":{"line":21,"column":35}},"10":{"start":{"line":1,"column":13},"end":{"line":1,"column":26}},"11":{"start":{"line":25,"column":27},"end":{"line":33,"column":1}},"12":{"start":{"line":29,"column":2},"end":{"line":32,"column":5}},"13":{"start":{"line":30,"column":21},"end":{"line":30,"column":66}},"14":{"start":{"line":30,"column":43},"end":{"line":30,"column":65}},"15":{"start":{"line":31,"column":4},"end":{"line":31,"column":48}},"16":{"start":{"line":31,"column":37},"end":{"line":31,"column":46}},"17":{"start":{"line":25,"column":13},"end":{"line":25,"column":27}},"18":{"start":{"line":35,"column":19},"end":{"line":46,"column":1}},"19":{"start":{"line":39,"column":2},"end":{"line":45,"column":5}},"20":{"start":{"line":40,"column":4},"end":{"line":44,"column":null}},"21":{"start":{"line":41,"column":6},"end":{"line":41,"column":49}},"22":{"start":{"line":43,"column":6},"end":{"line":43,"column":48}},"23":{"start":{"line":48,"column":0},"end":{"line":48,"column":26}}},"fnMap":{"0":{"name":"(anonymous_0)","decl":{"start":{"line":1,"column":26},"end":{"line":1,"column":null}},"loc":{"start":{"line":4,"column":19},"end":{"line":23,"column":1}}},"1":{"name":"(anonymous_1)","decl":{"start":{"line":5,"column":21},"end":{"line":5,"column":28}},"loc":{"start":{"line":5,"column":31},"end":{"line":22,"column":3}}},"2":{"name":"(anonymous_2)","decl":{"start":{"line":10,"column":41},"end":{"line":10,"column":44}},"loc":{"start":{"line":10,"column":46},"end":{"line":13,"column":5}}},"3":{"name":"(anonymous_3)","decl":{"start":{"line":25,"column":27},"end":{"line":25,"column":null}},"loc":{"start":{"line":28,"column":19},"end":{"line":33,"column":1}}},"4":{"name":"(anonymous_4)","decl":{"start":{"line":29,"column":21},"end":{"line":29,"column":28}},"loc":{"start":{"line":29,"column":31},"end":{"line":32,"column":3}}},"5":{"name":"(anonymous_5)","decl":{"start":{"line":30,"column":35},"end":{"line":30,"column":39}},"loc":{"start":{"line":30,"column":43},"end":{"line":30,"column":65}}},"6":{"name":"(anonymous_6)","decl":{"start":{"line":31,"column":31},"end":{"line":31,"column":34}},"loc":{"start":{"line":31,"column":37},"end":{"line":31,"column":46}}},"7":{"name":"(anonymous_7)","decl":{"start":{"line":35,"column":19},"end":{"line":35,"column":null}},"loc":{"start":{"line":38,"column":19},"end":{"line":46,"column":1}}},"8":{"name":"(anonymous_8)","decl":{"start":{"line":39,"column":21},"end":{"line":39,"column":28}},"loc":{"start":{"line":39,"column":31},"end":{"line":45,"column":3}}}},"branchMap":{"0":{"loc":{"start":{"line":6,"column":4},"end":{"line":9,"column":null}},"type":"if","locations":[{"start":{"line":6,"column":4},"end":{"line":9,"column":null}}]},"1":{"loc":{"start":{"line":40,"column":4},"end":{"line":44,"column":null}},"type":"if","locations":[{"start":{"line":40,"column":4},"end":{"line":44,"column":null}},{"start":{"line":42,"column":11},"end":{"line":44,"column":null}}]}},"s":{"0":24,"1":77,"2":77,"3":1,"4":1,"5":76,"6":76,"7":76,"8":76,"9":76,"10":24,"11":24,"12":13,"13":13,"14":28,"15":13,"16":13,"17":24,"18":24,"19":62,"20":62,"21":13,"22":49,"23":24},"f":{"0":77,"1":77,"2":76,"3":13,"4":13,"5":28,"6":13,"7":62,"8":62},"b":{"0":[1],"1":[13,49]}}
}
