TN:
SF:src\main.ts
FN:214,(anonymous_1)
FN:264,(anonymous_2)
FNF:2
FNH:2
FNDA:2,(anonymous_1)
FNDA:2,(anonymous_2)
DA:1,2
DA:2,2
DA:4,2
DA:5,2
DA:6,2
DA:7,2
DA:8,2
DA:9,2
DA:10,2
DA:11,2
DA:12,2
DA:13,2
DA:14,2
DA:15,2
DA:16,2
DA:17,2
DA:18,2
DA:19,2
DA:20,2
DA:21,2
DA:22,2
DA:24,2
DA:25,2
DA:26,2
DA:27,2
DA:28,2
DA:29,2
DA:30,2
DA:31,2
DA:32,2
DA:33,2
DA:34,2
DA:35,2
DA:36,2
DA:37,2
DA:38,2
DA:39,2
DA:40,2
DA:41,2
DA:42,2
DA:44,2
DA:45,2
DA:49,2
DA:50,2
DA:214,2
DA:215,2
DA:217,2
DA:264,2
DA:265,2
DA:266,2
DA:269,2
DA:272,2
DA:273,0
DA:276,2
LF:54
LH:53
BRDA:214,0,0,2
BRDA:265,1,0,1
BRDA:272,2,0,0
BRDA:272,3,0,2
BRDA:272,3,1,2
BRF:5
BRH:4
end_of_record
TN:
SF:src\config\flex.ts
FNF:0
FNH:0
DA:1,44
DA:29,44
LF:2
LH:2
BRF:0
BRH:0
end_of_record
TN:
SF:src\config\main.ts
FN:69,(anonymous_1)
FN:84,(anonymous_2)
FN:109,(anonymous_3)
FN:113,(anonymous_4)
FN:117,(anonymous_5)
FNF:5
FNH:5
FNDA:49,(anonymous_1)
FNDA:48,(anonymous_2)
FNDA:117,(anonymous_3)
FNDA:575,(anonymous_4)
FNDA:1,(anonymous_5)
DA:2,47
DA:3,47
DA:4,47
DA:37,47
DA:60,47
DA:69,47
DA:74,49
DA:75,49
DA:76,49
DA:84,47
DA:85,48
DA:86,2
DA:92,46
DA:93,46
DA:100,48
DA:106,48
DA:109,47
DA:110,117
DA:113,47
DA:114,575
DA:117,47
DA:118,1
DA:123,1
DA:124,1
DA:130,1
DA:133,47
LF:26
LH:26
BRDA:84,0,0,36
BRDA:85,1,0,2
BRDA:85,1,1,46
BRDA:85,2,0,48
BRDA:85,2,1,48
BRDA:92,3,0,46
BRDA:113,4,0,574
BRDA:114,5,0,1
BRDA:114,5,1,574
BRDA:123,6,0,1
BRF:10
BRH:10
end_of_record
TN:
SF:src\config\processors.ts
FNF:0
FNH:0
DA:9,45
LF:1
LH:1
BRF:0
BRH:0
end_of_record
TN:
SF:src\helpers\breakpointsNums.ts
FN:19,(anonymous_0)
FN:27,(anonymous_1)
FN:33,(anonymous_2)
FN:36,(anonymous_3)
FN:40,(anonymous_4)
FNF:5
FNH:5
FNDA:101,(anonymous_0)
FNDA:241,(anonymous_1)
FNDA:194,(anonymous_2)
FNDA:241,(anonymous_3)
FNDA:237,(anonymous_4)
DA:19,49
DA:23,101
DA:25,101
DA:26,51
DA:28,241
DA:34,194
DA:37,241
DA:40,50
DA:41,237
DA:45,101
DA:48,49
LF:11
LH:11
BRDA:25,0,0,51
BRDA:25,0,1,50
BRDA:34,1,0,189
BRDA:34,1,1,5
BRDA:34,2,0,5
BRDA:34,2,1,0
BRDA:37,3,0,51
BRDA:37,3,1,190
BRF:8
BRH:7
end_of_record
TN:
SF:src\helpers\breakpointsOrdered.ts
FN:4,(anonymous_0)
FN:6,(anonymous_1)
FNF:2
FNH:2
FNDA:50,(anonymous_0)
FNDA:237,(anonymous_1)
DA:4,48
DA:5,50
DA:6,237
DA:7,50
DA:10,48
LF:5
LH:5
BRF:0
BRH:0
end_of_record
TN:
SF:src\helpers\buildAttr.ts
FN:6,(anonymous_1)
FN:13,(anonymous_2)
FN:20,(anonymous_3)
FNF:3
FNH:3
FNDA:135,(anonymous_1)
FNDA:252,(anonymous_2)
FNDA:298,(anonymous_3)
DA:2,39
DA:3,39
DA:4,39
DA:6,39
DA:11,135
DA:13,135
DA:14,252
DA:15,252
DA:18,252
DA:20,298
DA:22,252
DA:23,252
DA:30,135
DA:37,39
LF:14
LH:14
BRDA:9,0,0,1
BRDA:22,1,0,52
BRF:2
BRH:2
end_of_record
TN:
SF:src\helpers\buildCss.ts
FN:21,(anonymous_1)
FNF:1
FNH:1
FNDA:165,(anonymous_1)
DA:2,43
DA:3,43
DA:4,43
DA:21,43
DA:23,165
DA:26,165
DA:27,76
DA:31,165
DA:34,43
LF:9
LH:9
BRDA:26,0,0,76
BRF:1
BRH:1
end_of_record
TN:
SF:src\helpers\calPercentage.ts
FN:1,(anonymous_0)
FNF:1
FNH:1
FNDA:48,(anonymous_0)
DA:1,42
DA:2,48
DA:3,48
DA:4,48
DA:5,48
DA:8,42
LF:6
LH:6
BRDA:4,0,0,32
BRDA:4,0,1,16
BRF:2
BRH:2
end_of_record
TN:
SF:src\helpers\createScopeStyles.ts
FN:20,(anonymous_0)
FN:56,(anonymous_1)
FNF:2
FNH:2
FNDA:245,(anonymous_0)
FNDA:1,(anonymous_1)
DA:20,48
DA:26,245
DA:27,245
DA:28,237
DA:29,237
DA:30,237
DA:31,237
DA:33,4
DA:34,4
DA:36,3
DA:39,3
DA:41,230
DA:42,230
DA:44,237
DA:48,245
DA:49,236
DA:54,9
DA:57,1
DA:66,245
DA:69,48
LF:20
LH:20
BRDA:27,0,0,237
BRDA:31,1,0,4
BRDA:31,1,1,3
BRDA:31,1,2,230
BRDA:36,2,0,2
BRDA:36,2,1,1
BRDA:48,3,0,236
BRDA:48,3,1,9
BRF:8
BRH:8
end_of_record
TN:
SF:src\helpers\createStyles.ts
FN:11,(anonymous_1)
FN:18,(anonymous_2)
FN:42,(anonymous_3)
FNF:3
FNH:3
FNDA:166,(anonymous_1)
FNDA:303,(anonymous_2)
FNDA:96,(anonymous_3)
DA:1,44
DA:2,44
DA:3,44
DA:5,44
DA:11,44
DA:12,166
DA:13,166
DA:14,166
DA:15,166
DA:16,166
DA:18,166
DA:20,303
DA:23,303
DA:24,303
DA:25,2
DA:28,303
DA:29,303
DA:33,303
DA:34,24
DA:35,24
DA:40,24
DA:42,96
DA:43,24
DA:45,2
DA:46,1
DA:49,22
DA:52,279
DA:55,303
DA:56,303
DA:57,303
DA:59,294
DA:60,142
DA:62,152
DA:63,152
DA:66,9
DA:67,9
DA:68,9
DA:69,9
DA:70,9
DA:73,303
DA:74,151
DA:76,303
DA:78,166
DA:81,44
LF:44
LH:44
BRDA:24,0,0,2
BRDA:28,1,0,1
BRDA:28,1,1,302
BRDA:33,2,0,24
BRDA:33,2,1,279
BRDA:35,3,0,3
BRDA:35,3,1,21
BRDA:43,4,0,2
BRDA:43,4,1,22
BRDA:45,5,0,1
BRDA:57,6,0,294
BRDA:57,6,1,9
BRDA:59,7,0,142
BRDA:59,7,1,152
BRDA:68,8,0,4
BRDA:73,9,0,151
BRF:16
BRH:16
end_of_record
TN:
SF:src\helpers\getScopeByclassName.ts
FN:4,(anonymous_1)
FNF:1
FNH:1
FNDA:120,(anonymous_1)
DA:1,43
DA:2,43
DA:4,43
DA:5,120
DA:6,120
DA:7,120
DA:8,120
DA:9,120
DA:12,120
DA:13,49
DA:14,49
DA:18,71
DA:19,71
DA:22,9
DA:23,6
DA:24,3
DA:25,3
DA:31,3
DA:35,3
DA:36,1
DA:39,2
DA:40,2
DA:47,2
DA:50,43
LF:24
LH:24
BRDA:12,0,0,49
BRDA:19,1,0,62
BRDA:22,2,0,6
BRDA:23,3,0,3
BRDA:35,4,0,1
BRF:5
BRH:5
end_of_record
TN:
SF:src\helpers\initAutoProcessor.ts
FN:4,(anonymous_0)
FN:5,(anonymous_1)
FN:7,(anonymous_2)
FN:10,(anonymous_3)
FN:14,(anonymous_4)
FNF:5
FNH:5
FNDA:2,(anonymous_0)
FNDA:2,(anonymous_1)
FNDA:36,(anonymous_2)
FNDA:1,(anonymous_3)
FNDA:1,(anonymous_4)
DA:2,2
DA:4,2
DA:5,2
DA:6,2
DA:7,36
DA:8,2
DA:9,2
DA:10,2
DA:11,1
DA:13,2
DA:14,2
DA:15,1
DA:17,2
DA:21,2
LF:14
LH:14
BRF:0
BRH:0
end_of_record
TN:
SF:src\helpers\mainObserver.ts
FN:4,(anonymous_0)
FN:6,(anonymous_1)
FN:12,(anonymous_2)
FNF:3
FNH:3
FNDA:2,(anonymous_0)
FNDA:12,(anonymous_1)
FNDA:3,(anonymous_2)
DA:2,2
DA:4,2
DA:5,2
DA:6,2
DA:7,12
DA:8,21
DA:9,4
DA:10,1
DA:12,3
DA:13,3
DA:14,3
DA:15,3
DA:16,2
DA:20,17
DA:21,17
DA:22,17
DA:23,17
DA:24,17
DA:25,7
DA:31,2
DA:38,2
DA:41,2
LF:22
LH:22
BRDA:8,0,0,4
BRDA:8,0,1,17
BRDA:9,1,0,1
BRDA:13,2,0,3
BRDA:15,3,0,2
BRDA:20,4,0,17
BRDA:22,5,0,17
BRDA:24,6,0,7
BRF:8
BRH:8
end_of_record
TN:
SF:src\helpers\nameCleaner.ts
FN:12,(anonymous_0)
FN:16,(anonymous_1)
FNF:2
FNH:2
FNDA:165,(anonymous_0)
FNDA:1812,(anonymous_1)
DA:3,43
DA:12,43
DA:13,165
DA:14,165
DA:15,302
DA:16,302
DA:17,1812
DA:19,302
DA:21,165
DA:24,43
LF:10
LH:10
BRF:0
BRH:0
end_of_record
TN:
SF:src\helpers\percentageConverter.ts
FN:1,(anonymous_0)
FNF:1
FNH:1
FNDA:3,(anonymous_0)
DA:1,45
DA:2,3
DA:5,45
LF:3
LH:3
BRF:0
BRH:0
end_of_record
TN:
SF:src\helpers\prepareParam.ts
FN:10,(anonymous_1)
FNF:1
FNH:1
FNDA:322,(anonymous_1)
DA:1,43
DA:10,43
DA:12,322
DA:13,322
DA:14,322
DA:15,322
DA:16,156
DA:17,156
DA:18,156
DA:20,166
DA:21,166
DA:24,322
DA:25,57
DA:26,57
DA:27,57
DA:30,322
DA:38,43
LF:17
LH:17
BRDA:15,0,0,156
BRDA:15,0,1,166
BRDA:24,1,0,57
BRF:3
BRH:3
end_of_record
TN:
SF:src\helpers\processedNumber.ts
FN:5,(anonymous_1)
FN:16,(anonymous_2)
FNF:2
FNH:2
FNDA:298,(anonymous_1)
FNDA:1656,(anonymous_2)
DA:1,39
DA:3,39
DA:5,39
DA:7,298
DA:8,21
DA:9,21
DA:13,277
DA:14,1
DA:16,276
DA:17,1656
DA:19,276
DA:20,8
DA:22,268
DA:25,298
DA:28,39
LF:15
LH:15
BRDA:7,0,0,21
BRDA:7,0,1,277
BRDA:13,1,0,1
BRDA:13,1,1,276
BRDA:19,2,0,8
BRDA:19,2,1,268
BRDA:22,3,0,28
BRDA:22,3,1,240
BRF:8
BRH:8
end_of_record
TN:
SF:src\helpers\regError.ts
FN:3,(anonymous_1)
FNF:1
FNH:1
FNDA:9,(anonymous_1)
DA:1,27
DA:3,27
DA:8,9
DA:9,9
DA:10,9
DA:11,9
DA:12,9
DA:13,2
DA:14,2
DA:16,9
DA:19,27
LF:11
LH:11
BRDA:12,0,0,2
BRDA:14,1,0,1
BRF:2
BRH:2
end_of_record
TN:
SF:src\helpers\scopesStylesBuilder.ts
FN:8,(anonymous_1)
FN:14,(anonymous_2)
FNF:2
FNH:2
FNDA:50,(anonymous_1)
FNDA:238,(anonymous_2)
DA:2,47
DA:8,47
DA:13,50
DA:14,50
DA:15,238
DA:16,237
DA:24,50
LF:7
LH:7
BRDA:13,0,0,50
BRDA:13,0,1,49
BRDA:15,1,0,237
BRF:3
BRH:3
end_of_record
TN:
SF:src\methods\SetCols.ts
FN:6,(anonymous_1)
FN:10,(anonymous_2)
FN:32,(anonymous_3)
FNF:3
FNH:3
FNDA:4,(anonymous_1)
FNDA:4,(anonymous_2)
FNDA:2,(anonymous_3)
DA:1,3
DA:2,3
DA:3,3
DA:4,3
DA:6,3
DA:10,4
DA:11,4
DA:12,4
DA:13,1
DA:18,1
DA:19,1
DA:23,3
DA:24,3
DA:25,1
DA:26,1
DA:28,2
DA:31,2
DA:32,2
DA:37,3
LF:19
LH:19
BRDA:11,0,0,4
BRDA:11,0,1,4
BRDA:12,1,0,1
BRDA:24,2,0,1
BRF:4
BRH:4
end_of_record
TN:
SF:src\methods\build.ts
FN:47,(anonymous_1)
FNF:1
FNH:1
FNDA:25,(anonymous_1)
DA:1,5
DA:2,5
DA:3,5
DA:4,5
DA:5,5
DA:6,5
DA:7,5
DA:8,5
DA:9,5
DA:10,5
DA:11,5
DA:12,5
DA:13,5
DA:14,5
DA:15,5
DA:16,5
DA:17,5
DA:18,5
DA:19,5
DA:22,5
DA:47,5
DA:51,25
DA:52,25
DA:53,25
DA:54,43
DA:55,43
DA:59,43
DA:60,1
DA:61,1
DA:63,42
DA:66,25
DA:67,24
DA:70,5
LF:33
LH:33
BRDA:49,0,0,11
BRDA:59,1,0,1
BRDA:59,1,1,42
BRDA:66,2,0,1
BRF:4
BRH:4
end_of_record
TN:
SF:src\methods\buildCols.ts
FN:9,(anonymous_1)
FNF:1
FNH:1
FNDA:14,(anonymous_1)
DA:1,7
DA:2,7
DA:3,7
DA:5,7
DA:6,7
DA:9,7
DA:15,14
DA:16,14
DA:20,14
DA:22,14
DA:24,14
DA:25,28
DA:26,28
DA:27,28
DA:28,28
DA:29,28
DA:31,28
DA:32,23
DA:33,23
DA:35,5
DA:36,3
DA:37,2
DA:41,2
DA:43,1
DA:46,2
DA:50,26
DA:51,26
DA:53,26
DA:59,14
DA:62,12
DA:69,7
LF:31
LH:31
BRDA:11,0,0,5
BRDA:31,1,0,23
BRDA:31,1,1,5
BRDA:35,2,0,3
BRDA:35,2,1,2
BRDA:36,3,0,2
BRDA:36,3,1,1
BRDA:51,4,0,1
BRDA:59,5,0,2
BRF:9
BRH:9
end_of_record
TN:
SF:src\methods\buildFlex.ts
FN:9,(anonymous_1)
FNF:1
FNH:1
FNDA:20,(anonymous_1)
DA:1,7
DA:2,7
DA:4,7
DA:6,7
DA:7,7
DA:9,7
DA:13,20
DA:16,20
DA:17,20
DA:18,20
DA:20,20
DA:22,42
DA:23,42
DA:24,42
DA:25,42
DA:26,42
DA:27,42
DA:29,42
DA:30,39
DA:31,1
DA:32,1
DA:34,38
DA:35,1
DA:36,1
DA:38,37
DA:40,3
DA:43,40
DA:45,40
DA:46,24
DA:51,16
DA:52,16
DA:53,16
DA:54,16
DA:58,20
DA:61,18
DA:68,7
LF:36
LH:36
BRDA:11,0,0,5
BRDA:29,1,0,39
BRDA:29,1,1,3
BRDA:30,2,0,1
BRDA:34,3,0,1
BRDA:43,4,0,4
BRDA:45,5,0,24
BRDA:45,5,1,16
BRDA:51,6,0,3
BRDA:52,7,0,13
BRDA:52,7,1,3
BRDA:58,8,0,2
BRF:12
BRH:12
end_of_record
TN:
SF:src\methods\buildHeight.ts
FN:3,(anonymous_1)
FNF:1
FNH:1
FNDA:4,(anonymous_1)
DA:1,6
DA:3,6
DA:7,4
DA:10,6
LF:4
LH:4
BRDA:5,0,0,4
BRF:1
BRH:1
end_of_record
TN:
SF:src\methods\buildMarBottom.ts
FN:3,(anonymous_1)
FNF:1
FNH:1
FNDA:15,(anonymous_1)
DA:1,6
DA:3,6
DA:7,15
DA:10,6
LF:4
LH:4
BRDA:5,0,0,4
BRF:1
BRH:1
end_of_record
TN:
SF:src\methods\buildMarLeft.ts
FN:3,(anonymous_1)
FNF:1
FNH:1
FNDA:6,(anonymous_1)
DA:1,6
DA:3,6
DA:7,6
DA:10,6
LF:4
LH:4
BRDA:5,0,0,4
BRF:1
BRH:1
end_of_record
TN:
SF:src\methods\buildMarRight.ts
FN:3,(anonymous_1)
FNF:1
FNH:1
FNDA:6,(anonymous_1)
DA:1,6
DA:3,6
DA:7,6
DA:10,6
LF:4
LH:4
BRDA:5,0,0,4
BRF:1
BRH:1
end_of_record
TN:
SF:src\methods\buildMarTop.ts
FN:3,(anonymous_1)
FNF:1
FNH:1
FNDA:8,(anonymous_1)
DA:1,6
DA:3,6
DA:7,8
DA:10,6
LF:4
LH:4
BRDA:5,0,0,5
BRF:1
BRH:1
end_of_record
TN:
SF:src\methods\buildMars.ts
FN:3,(anonymous_1)
FNF:1
FNH:1
FNDA:8,(anonymous_1)
DA:1,6
DA:3,6
DA:7,8
DA:10,6
LF:4
LH:4
BRDA:5,0,0,5
BRF:1
BRH:1
end_of_record
TN:
SF:src\methods\buildMaxHeight.ts
FN:3,(anonymous_1)
FNF:1
FNH:1
FNDA:4,(anonymous_1)
DA:1,6
DA:3,6
DA:7,4
DA:10,6
LF:4
LH:4
BRDA:5,0,0,4
BRF:1
BRH:1
end_of_record
TN:
SF:src\methods\buildMaxWidth.ts
FN:3,(anonymous_1)
FNF:1
FNH:1
FNDA:4,(anonymous_1)
DA:1,6
DA:3,6
DA:7,4
DA:10,6
LF:4
LH:4
BRDA:5,0,0,4
BRF:1
BRH:1
end_of_record
TN:
SF:src\methods\buildMinHeight.ts
FN:3,(anonymous_1)
FNF:1
FNH:1
FNDA:4,(anonymous_1)
DA:1,6
DA:3,6
DA:7,4
DA:10,6
LF:4
LH:4
BRDA:5,0,0,4
BRF:1
BRH:1
end_of_record
TN:
SF:src\methods\buildMinWidth.ts
FN:3,(anonymous_1)
FNF:1
FNH:1
FNDA:4,(anonymous_1)
DA:1,6
DA:3,6
DA:7,4
DA:10,6
LF:4
LH:4
BRDA:5,0,0,4
BRF:1
BRH:1
end_of_record
TN:
SF:src\methods\buildPadBottom.ts
FN:3,(anonymous_1)
FNF:1
FNH:1
FNDA:6,(anonymous_1)
DA:1,6
DA:3,6
DA:7,6
DA:10,6
LF:4
LH:4
BRDA:5,0,0,4
BRF:1
BRH:1
end_of_record
TN:
SF:src\methods\buildPadLeft.ts
FN:3,(anonymous_1)
FNF:1
FNH:1
FNDA:6,(anonymous_1)
DA:1,6
DA:3,6
DA:7,6
DA:10,6
LF:4
LH:4
BRDA:5,0,0,4
BRF:1
BRH:1
end_of_record
TN:
SF:src\methods\buildPadRight.ts
FN:3,(anonymous_1)
FNF:1
FNH:1
FNDA:6,(anonymous_1)
DA:1,6
DA:3,6
DA:7,6
DA:10,6
LF:4
LH:4
BRDA:5,0,0,4
BRF:1
BRH:1
end_of_record
TN:
SF:src\methods\buildPadTop.ts
FN:3,(anonymous_1)
FNF:1
FNH:1
FNDA:5,(anonymous_1)
DA:1,6
DA:3,6
DA:7,5
DA:10,6
LF:4
LH:4
BRDA:5,0,0,3
BRF:1
BRH:1
end_of_record
TN:
SF:src\methods\buildPads.ts
FN:3,(anonymous_1)
FNF:1
FNH:1
FNDA:7,(anonymous_1)
DA:1,6
DA:3,6
DA:7,7
DA:10,6
LF:4
LH:4
BRDA:5,0,0,4
BRF:1
BRH:1
end_of_record
TN:
SF:src\methods\buildWidth.ts
FN:3,(anonymous_1)
FNF:1
FNH:1
FNDA:4,(anonymous_1)
DA:1,6
DA:3,6
DA:7,4
DA:10,6
LF:4
LH:4
BRDA:5,0,0,4
BRF:1
BRH:1
end_of_record
TN:
SF:src\methods\getParameters.ts
FN:3,(anonymous_0)
FN:7,(anonymous_1)
FN:13,(anonymous_2)
FNF:3
FNH:3
FNDA:30,(anonymous_0)
FNDA:42,(anonymous_1)
FNDA:74,(anonymous_2)
DA:1,5
DA:3,5
DA:4,30
DA:5,30
DA:6,30
DA:7,30
DA:8,42
DA:9,37
DA:10,37
DA:13,74
DA:17,30
DA:20,5
LF:12
LH:12
BRDA:8,0,0,37
BRDA:9,1,0,37
BRF:2
BRH:2
end_of_record
TN:
SF:src\methods\insertRules.ts
FN:5,(anonymous_7)
FNF:1
FNH:1
FNDA:76,(anonymous_7)
DA:1,43
DA:3,43
DA:5,43
DA:6,76
DA:8,76
DA:9,136
DA:10,117
DA:11,117
DA:12,117
DA:13,117
DA:14,117
DA:19,43
LF:12
LH:12
BRDA:9,0,0,117
BRDA:13,1,0,0
BRDA:13,1,1,117
BRF:3
BRH:2
end_of_record
TN:
SF:src\methods\reset.ts
FN:5,(anonymous_1)
FN:6,(anonymous_2)
FN:11,(anonymous_3)
FN:37,(anonymous_4)
FN:41,(anonymous_5)
FNF:5
FNH:5
FNDA:3,(anonymous_1)
FNDA:3,(anonymous_2)
FNDA:13,(anonymous_3)
FNDA:2,(anonymous_4)
FNDA:1,(anonymous_5)
DA:1,3
DA:2,3
DA:3,3
DA:5,3
DA:6,3
DA:7,3
DA:8,3
DA:9,3
DA:13,13
DA:14,1
DA:15,1
DA:17,12
DA:18,12
DA:19,12
DA:21,12
DA:22,2
DA:23,2
DA:25,10
DA:27,10
DA:28,9
DA:31,1
DA:32,1
DA:35,3
DA:36,2
DA:37,2
DA:38,2
DA:41,1
DA:42,1
DA:48,3
LF:29
LH:29
BRDA:13,0,0,1
BRDA:17,1,0,11
BRDA:17,1,1,1
BRDA:21,2,0,2
BRDA:27,3,0,9
BRDA:27,3,1,1
BRDA:35,4,0,2
BRDA:35,4,1,1
BRF:8
BRH:8
end_of_record
TN:
SF:src\methods\set.ts
FN:9,(anonymous_1)
FN:13,(anonymous_2)
FN:37,(anonymous_3)
FN:43,(anonymous_4)
FNF:4
FNH:4
FNDA:15,(anonymous_1)
FNDA:15,(anonymous_2)
FNDA:28,(anonymous_3)
FNDA:13,(anonymous_4)
DA:1,4
DA:3,4
DA:4,4
DA:5,4
DA:6,4
DA:9,4
DA:13,15
DA:14,15
DA:15,15
DA:16,15
DA:17,1
DA:18,1
DA:19,1
DA:22,14
DA:23,14
DA:24,29
DA:28,14
DA:29,14
DA:30,1
DA:31,1
DA:35,13
DA:36,13
DA:37,28
DA:42,13
DA:43,13
DA:48,4
LF:26
LH:26
BRDA:14,0,0,15
BRDA:14,0,1,6
BRDA:16,1,0,1
BRDA:29,2,0,1
BRF:4
BRH:4
end_of_record
TN:
SF:src\methods\setAttr.ts
FN:7,(anonymous_1)
FN:12,(anonymous_2)
FN:30,(anonymous_3)
FNF:3
FNH:3
FNDA:37,(anonymous_1)
FNDA:37,(anonymous_2)
FNDA:36,(anonymous_3)
DA:1,19
DA:2,19
DA:3,19
DA:4,19
DA:7,19
DA:12,37
DA:13,37
DA:14,37
DA:15,1
DA:20,1
DA:21,1
DA:25,36
DA:26,36
DA:29,36
DA:30,36
DA:35,19
LF:16
LH:16
BRDA:13,0,0,37
BRDA:13,0,1,37
BRDA:14,1,0,1
BRF:3
BRH:3
end_of_record
TN:
SF:src\methods\setFlex.ts
FN:6,(anonymous_1)
FN:10,(anonymous_2)
FN:33,(anonymous_3)
FNF:3
FNH:3
FNDA:11,(anonymous_1)
FNDA:11,(anonymous_2)
FNDA:9,(anonymous_3)
DA:1,4
DA:2,4
DA:3,4
DA:4,4
DA:6,4
DA:10,11
DA:11,11
DA:12,11
DA:13,1
DA:18,1
DA:19,1
DA:23,10
DA:24,10
DA:25,1
DA:26,1
DA:29,9
DA:32,9
DA:33,9
DA:38,4
LF:19
LH:19
BRDA:11,0,0,11
BRDA:11,0,1,11
BRDA:12,1,0,1
BRDA:24,2,0,1
BRF:4
BRH:4
end_of_record
TN:
SF:src\methods\setHeight.ts
FN:3,(anonymous_1)
FNF:1
FNH:1
FNDA:3,(anonymous_1)
DA:1,3
DA:3,3
DA:7,3
DA:10,3
LF:4
LH:4
BRF:0
BRH:0
end_of_record
TN:
SF:src\methods\setMarBottom.ts
FN:3,(anonymous_1)
FNF:1
FNH:1
FNDA:2,(anonymous_1)
DA:1,3
DA:3,3
DA:7,2
DA:10,3
LF:4
LH:4
BRF:0
BRH:0
end_of_record
TN:
SF:src\methods\setMarLeft.ts
FN:3,(anonymous_1)
FNF:1
FNH:1
FNDA:2,(anonymous_1)
DA:1,3
DA:3,3
DA:7,2
DA:10,3
LF:4
LH:4
BRF:0
BRH:0
end_of_record
TN:
SF:src\methods\setMarRight.ts
FN:3,(anonymous_1)
FNF:1
FNH:1
FNDA:3,(anonymous_1)
DA:1,3
DA:3,3
DA:7,3
DA:10,3
LF:4
LH:4
BRF:0
BRH:0
end_of_record
TN:
SF:src\methods\setMarTop.ts
FN:3,(anonymous_1)
FNF:1
FNH:1
FNDA:5,(anonymous_1)
DA:1,4
DA:3,4
DA:7,5
DA:10,4
LF:4
LH:4
BRF:0
BRH:0
end_of_record
TN:
SF:src\methods\setMars.ts
FN:3,(anonymous_1)
FNF:1
FNH:1
FNDA:2,(anonymous_1)
DA:1,3
DA:3,3
DA:7,2
DA:10,3
LF:4
LH:4
BRF:0
BRH:0
end_of_record
TN:
SF:src\methods\setMaxHeight.ts
FN:3,(anonymous_1)
FNF:1
FNH:1
FNDA:2,(anonymous_1)
DA:1,3
DA:3,3
DA:7,2
DA:10,3
LF:4
LH:4
BRF:0
BRH:0
end_of_record
TN:
SF:src\methods\setMaxWidth.ts
FN:3,(anonymous_1)
FNF:1
FNH:1
FNDA:2,(anonymous_1)
DA:1,3
DA:3,3
DA:7,2
DA:10,3
LF:4
LH:4
BRF:0
BRH:0
end_of_record
TN:
SF:src\methods\setMinHeight.ts
FN:3,(anonymous_1)
FNF:1
FNH:1
FNDA:2,(anonymous_1)
DA:1,3
DA:3,3
DA:7,2
DA:10,3
LF:4
LH:4
BRF:0
BRH:0
end_of_record
TN:
SF:src\methods\setMinWidth.ts
FN:3,(anonymous_1)
FNF:1
FNH:1
FNDA:2,(anonymous_1)
DA:1,3
DA:3,3
DA:7,2
DA:10,3
LF:4
LH:4
BRF:0
BRH:0
end_of_record
TN:
SF:src\methods\setPadBottom.ts
FN:3,(anonymous_1)
FNF:1
FNH:1
FNDA:2,(anonymous_1)
DA:1,3
DA:3,3
DA:7,2
DA:10,3
LF:4
LH:4
BRF:0
BRH:0
end_of_record
TN:
SF:src\methods\setPadLeft.ts
FN:3,(anonymous_1)
FNF:1
FNH:1
FNDA:2,(anonymous_1)
DA:1,3
DA:3,3
DA:7,2
DA:10,3
LF:4
LH:4
BRF:0
BRH:0
end_of_record
TN:
SF:src\methods\setPadRight.ts
FN:3,(anonymous_1)
FNF:1
FNH:1
FNDA:2,(anonymous_1)
DA:1,3
DA:3,3
DA:7,2
DA:10,3
LF:4
LH:4
BRF:0
BRH:0
end_of_record
TN:
SF:src\methods\setPadTop.ts
FN:3,(anonymous_1)
FNF:1
FNH:1
FNDA:2,(anonymous_1)
DA:1,3
DA:3,3
DA:7,2
DA:10,3
LF:4
LH:4
BRF:0
BRH:0
end_of_record
TN:
SF:src\methods\setPads.ts
FN:3,(anonymous_1)
FNF:1
FNH:1
FNDA:2,(anonymous_1)
DA:1,3
DA:3,3
DA:7,2
DA:10,3
LF:4
LH:4
BRF:0
BRH:0
end_of_record
TN:
SF:src\methods\setWidth.ts
FN:3,(anonymous_1)
FNF:1
FNH:1
FNDA:2,(anonymous_1)
DA:1,3
DA:3,3
DA:7,2
DA:10,3
LF:4
LH:4
BRF:0
BRH:0
end_of_record
TN:
SF:src\utils\addClasses.ts
FN:1,(anonymous_0)
FN:6,(anonymous_1)
FN:11,(anonymous_2)
FN:19,(anonymous_3)
FN:22,(anonymous_4)
FNF:5
FNH:5
FNDA:63,(anonymous_0)
FNDA:63,(anonymous_1)
FNDA:136,(anonymous_2)
FNDA:55,(anonymous_3)
FNDA:132,(anonymous_4)
DA:1,24
DA:6,63
DA:7,63
DA:8,63
DA:9,63
DA:10,61
DA:11,136
DA:13,61
DA:14,8
DA:15,8
DA:19,55
DA:20,55
DA:21,55
DA:22,55
DA:23,132
DA:25,55
DA:26,55
DA:27,55
DA:30,55
DA:38,55
DA:39,2
DA:41,53
DA:42,53
DA:47,24
LF:24
LH:24
BRDA:9,0,0,61
BRDA:13,1,0,8
BRDA:25,2,0,55
BRDA:38,3,0,2
BRDA:38,3,1,53
BRDA:41,4,0,3
BRDA:41,4,1,50
BRF:7
BRH:7
end_of_record
TN:
SF:src\utils\removeAttr.ts
FN:1,(anonymous_0)
FN:5,(anonymous_1)
FN:10,(anonymous_2)
FN:25,(anonymous_3)
FN:29,(anonymous_4)
FN:30,(anonymous_5)
FN:31,(anonymous_6)
FN:35,(anonymous_7)
FN:39,(anonymous_8)
FNF:9
FNH:9
FNDA:77,(anonymous_0)
FNDA:77,(anonymous_1)
FNDA:76,(anonymous_2)
FNDA:13,(anonymous_3)
FNDA:13,(anonymous_4)
FNDA:28,(anonymous_5)
FNDA:13,(anonymous_6)
FNDA:62,(anonymous_7)
FNDA:62,(anonymous_8)
DA:1,24
DA:5,77
DA:6,77
DA:7,1
DA:8,1
DA:10,76
DA:11,76
DA:12,76
DA:14,76
DA:21,76
DA:25,24
DA:29,13
DA:30,28
DA:31,13
DA:35,24
DA:39,62
DA:40,62
DA:41,13
DA:43,49
DA:48,24
LF:20
LH:20
BRDA:6,0,0,1
BRDA:40,1,0,13
BRDA:40,1,1,49
BRF:3
BRH:3
end_of_record
